Command line invocation:
    /Applications/Xcode.app/Contents/Developer/usr/bin/xcodebuild -scheme AirSync -configuration Debug build SYMROOT=build CODE_SIGN_IDENTITY= CODE_SIGNING_REQUIRED=NO

Build settings from command line:
    CODE_SIGN_IDENTITY = 
    CODE_SIGNING_REQUIRED = NO
    SYMROOT = build

Resolve Package Graph


Resolved source packages:
  Lottie: https://github.com/airbnb/lottie-spm.git @ 4.5.2
  Swifter: https://github.com/httpswift/swifter @ 1.5.0
  QRCode: https://github.com/dagronf/QRCode @ 26.10.0
  swift-qrcode-generator: https://github.com/dagronf/swift-qrcode-generator @ 2.0.2
  SwiftImageReadWrite: https://github.com/dagronf/SwiftImageReadWrite @ 1.9.2
  Sparkle: https://github.com/sparkle-project/Sparkle @ 2.7.1
  LottieUI: https://github.com/tfmart/LottieUI @ 1.3.3

--- xcodebuild: WARNING: Using the first of multiple matching destinations:
{ platform:macOS, arch:arm64, id:00008112-001E41123E93A01E, name:My Mac }
{ platform:macOS, arch:x86_64, id:00008112-001E41123E93A01E, name:My Mac }
{ platform:macOS, name:Any Mac }
note: Using codesigning identity override: 
ComputePackagePrebuildTargetDependencyGraph

Prepare packages

CreateBuildRequest

SendProjectDescription

CreateBuildOperation

ComputeTargetDependencyGraph
note: Building targets in dependency order
note: Target dependency graph (16 targets)
    Target 'AirSync' in project 'AirSync'
        ➜ Explicit dependency on target 'Sparkle' in project 'Sparkle'
        ➜ Explicit dependency on target 'Swifter' in project 'Swifter'
        ➜ Explicit dependency on target 'QRCode' in project 'QRCode'
        ➜ Explicit dependency on target 'LottieUI' in project 'LottieUI'
    Target 'LottieUI' in project 'LottieUI'
        ➜ Explicit dependency on target 'LottieUI' in project 'LottieUI'
        ➜ Explicit dependency on target 'Lottie' in project 'Lottie'
    Target 'LottieUI' in project 'LottieUI'
        ➜ Explicit dependency on target 'Lottie' in project 'Lottie'
    Target 'Lottie' in project 'Lottie'
        ➜ Explicit dependency on target '_LottieStub' in project 'Lottie'
    Target '_LottieStub' in project 'Lottie' (no dependencies)
    Target 'QRCode' in project 'QRCode'
        ➜ Explicit dependency on target 'QRCode' in project 'QRCode'
        ➜ Explicit dependency on target 'QRCode_QRCode' in project 'QRCode'
        ➜ Explicit dependency on target 'SwiftImageReadWrite' in project 'SwiftImageReadWrite'
        ➜ Explicit dependency on target 'QRCodeGenerator' in project 'swift-qrcode-generator'
    Target 'QRCode' in project 'QRCode'
        ➜ Explicit dependency on target 'QRCode_QRCode' in project 'QRCode'
        ➜ Explicit dependency on target 'SwiftImageReadWrite' in project 'SwiftImageReadWrite'
        ➜ Explicit dependency on target 'QRCodeGenerator' in project 'swift-qrcode-generator'
    Target 'QRCodeGenerator' in project 'swift-qrcode-generator'
        ➜ Explicit dependency on target 'QRCodeGenerator' in project 'swift-qrcode-generator'
    Target 'QRCodeGenerator' in project 'swift-qrcode-generator' (no dependencies)
    Target 'SwiftImageReadWrite' in project 'SwiftImageReadWrite'
        ➜ Explicit dependency on target 'SwiftImageReadWrite' in project 'SwiftImageReadWrite'
        ➜ Explicit dependency on target 'SwiftImageReadWrite_SwiftImageReadWrite' in project 'SwiftImageReadWrite'
    Target 'SwiftImageReadWrite' in project 'SwiftImageReadWrite'
        ➜ Explicit dependency on target 'SwiftImageReadWrite_SwiftImageReadWrite' in project 'SwiftImageReadWrite'
    Target 'SwiftImageReadWrite_SwiftImageReadWrite' in project 'SwiftImageReadWrite' (no dependencies)
    Target 'QRCode_QRCode' in project 'QRCode' (no dependencies)
    Target 'Swifter' in project 'Swifter'
        ➜ Explicit dependency on target 'Swifter' in project 'Swifter'
    Target 'Swifter' in project 'Swifter' (no dependencies)
    Target 'Sparkle' in project 'Sparkle' (no dependencies)

GatherProvisioningInputs

CreateBuildDescription

ExecuteExternalTool /Applications/Xcode.app/Contents/Developer/Toolchains/XcodeDefault.xctoolchain/usr/bin/swiftc --version

ExecuteExternalTool /Applications/Xcode.app/Contents/Developer/Toolchains/XcodeDefault.xctoolchain/usr/bin/clang -v -E -dM -isysroot /Applications/Xcode.app/Contents/Developer/Platforms/MacOSX.platform/Developer/SDKs/MacOSX26.2.sdk -x c -c /dev/null

ExecuteExternalTool /Applications/Xcode.app/Contents/Developer/usr/bin/actool --version --output-format xml1

ExecuteExternalTool /Applications/Xcode.app/Contents/Developer/Toolchains/XcodeDefault.xctoolchain/usr/bin/ld -version_details

Build description signature: 6e6b55d5956c856a517a9102e6435612
Build description path: /Users/samikhan/Library/Developer/Xcode/DerivedData/AirSync-eadfyjinpqayikbfwaonzliglerl/Build/Intermediates.noindex/XCBuildData/6e6b55d5956c856a517a9102e6435612.xcbuilddata
ClangStatCache /Applications/Xcode.app/Contents/Developer/Toolchains/XcodeDefault.xctoolchain/usr/bin/clang-stat-cache /Applications/Xcode.app/Contents/Developer/Platforms/MacOSX.platform/Developer/SDKs/MacOSX26.2.sdk /Users/samikhan/Library/Developer/Xcode/DerivedData/SDKStatCaches.noindex/macosx26.2-25C57-00fa09913b459cbbc988d1f6730289ae.sdkstatcache
    cd /Users/samikhan/Documents/Claude/airsync-mac-main/AirSync.xcodeproj
    /Applications/Xcode.app/Contents/Developer/Toolchains/XcodeDefault.xctoolchain/usr/bin/clang-stat-cache /Applications/Xcode.app/Contents/Developer/Platforms/MacOSX.platform/Developer/SDKs/MacOSX26.2.sdk -o /Users/samikhan/Library/Developer/Xcode/DerivedData/SDKStatCaches.noindex/macosx26.2-25C57-00fa09913b459cbbc988d1f6730289ae.sdkstatcache

CreateBuildDirectory /Users/samikhan/Library/Developer/Xcode/DerivedData/AirSync-eadfyjinpqayikbfwaonzliglerl/SourcePackages/checkouts/QRCode/build
    cd /Users/samikhan/Documents/Claude/airsync-mac-main/AirSync.xcodeproj
    builtin-create-build-directory /Users/samikhan/Library/Developer/Xcode/DerivedData/AirSync-eadfyjinpqayikbfwaonzliglerl/SourcePackages/checkouts/QRCode/build

CreateBuildDirectory /Users/samikhan/Library/Developer/Xcode/DerivedData/AirSync-eadfyjinpqayikbfwaonzliglerl/Build/Intermediates.noindex
    cd /Users/samikhan/Documents/Claude/airsync-mac-main/AirSync.xcodeproj
    builtin-create-build-directory /Users/samikhan/Library/Developer/Xcode/DerivedData/AirSync-eadfyjinpqayikbfwaonzliglerl/Build/Intermediates.noindex

CreateBuildDirectory /Users/samikhan/Library/Developer/Xcode/DerivedData/AirSync-eadfyjinpqayikbfwaonzliglerl/SourcePackages/checkouts/LottieUI/build
    cd /Users/samikhan/Documents/Claude/airsync-mac-main/AirSync.xcodeproj
    builtin-create-build-directory /Users/samikhan/Library/Developer/Xcode/DerivedData/AirSync-eadfyjinpqayikbfwaonzliglerl/SourcePackages/checkouts/LottieUI/build

CreateBuildDirectory /Users/samikhan/Documents/Claude/airsync-mac-main/build
    cd /Users/samikhan/Documents/Claude/airsync-mac-main/AirSync.xcodeproj
    builtin-create-build-directory /Users/samikhan/Documents/Claude/airsync-mac-main/build

CreateBuildDirectory /Users/samikhan/Library/Developer/Xcode/DerivedData/AirSync-eadfyjinpqayikbfwaonzliglerl/SourcePackages/checkouts/swifter/build
    cd /Users/samikhan/Documents/Claude/airsync-mac-main/AirSync.xcodeproj
    builtin-create-build-directory /Users/samikhan/Library/Developer/Xcode/DerivedData/AirSync-eadfyjinpqayikbfwaonzliglerl/SourcePackages/checkouts/swifter/build

CreateBuildDirectory /Users/samikhan/Library/Developer/Xcode/DerivedData/AirSync-eadfyjinpqayikbfwaonzliglerl/SourcePackages/checkouts/swift-qrcode-generator/build
    cd /Users/samikhan/Documents/Claude/airsync-mac-main/AirSync.xcodeproj
    builtin-create-build-directory /Users/samikhan/Library/Developer/Xcode/DerivedData/AirSync-eadfyjinpqayikbfwaonzliglerl/SourcePackages/checkouts/swift-qrcode-generator/build

CreateBuildDirectory /Users/samikhan/Library/Developer/Xcode/DerivedData/AirSync-eadfyjinpqayikbfwaonzliglerl/SourcePackages/checkouts/lottie-spm/build
    cd /Users/samikhan/Documents/Claude/airsync-mac-main/AirSync.xcodeproj
    builtin-create-build-directory /Users/samikhan/Library/Developer/Xcode/DerivedData/AirSync-eadfyjinpqayikbfwaonzliglerl/SourcePackages/checkouts/lottie-spm/build

CreateBuildDirectory /Users/samikhan/Library/Developer/Xcode/DerivedData/AirSync-eadfyjinpqayikbfwaonzliglerl/SourcePackages/checkouts/SwiftImageReadWrite/build
    cd /Users/samikhan/Documents/Claude/airsync-mac-main/AirSync.xcodeproj
    builtin-create-build-directory /Users/samikhan/Library/Developer/Xcode/DerivedData/AirSync-eadfyjinpqayikbfwaonzliglerl/SourcePackages/checkouts/SwiftImageReadWrite/build

CreateBuildDirectory /Users/samikhan/Library/Developer/Xcode/DerivedData/AirSync-eadfyjinpqayikbfwaonzliglerl/SourcePackages/checkouts/swift-qrcode-generator/build/Debug
    cd /Users/samikhan/Documents/Claude/airsync-mac-main/AirSync.xcodeproj
    builtin-create-build-directory /Users/samikhan/Library/Developer/Xcode/DerivedData/AirSync-eadfyjinpqayikbfwaonzliglerl/SourcePackages/checkouts/swift-qrcode-generator/build/Debug

CreateBuildDirectory /Users/samikhan/Library/Developer/Xcode/DerivedData/AirSync-eadfyjinpqayikbfwaonzliglerl/SourcePackages/checkouts/swifter/build/Debug
    cd /Users/samikhan/Documents/Claude/airsync-mac-main/AirSync.xcodeproj
    builtin-create-build-directory /Users/samikhan/Library/Developer/Xcode/DerivedData/AirSync-eadfyjinpqayikbfwaonzliglerl/SourcePackages/checkouts/swifter/build/Debug

CreateBuildDirectory /Users/samikhan/Library/Developer/Xcode/DerivedData/AirSync-eadfyjinpqayikbfwaonzliglerl/SourcePackages/checkouts/lottie-spm/build/Debug
    cd /Users/samikhan/Documents/Claude/airsync-mac-main/AirSync.xcodeproj
    builtin-create-build-directory /Users/samikhan/Library/Developer/Xcode/DerivedData/AirSync-eadfyjinpqayikbfwaonzliglerl/SourcePackages/checkouts/lottie-spm/build/Debug

CreateBuildDirectory /Users/samikhan/Library/Developer/Xcode/DerivedData/AirSync-eadfyjinpqayikbfwaonzliglerl/SourcePackages/checkouts/SwiftImageReadWrite/build/Debug
    cd /Users/samikhan/Documents/Claude/airsync-mac-main/AirSync.xcodeproj
    builtin-create-build-directory /Users/samikhan/Library/Developer/Xcode/DerivedData/AirSync-eadfyjinpqayikbfwaonzliglerl/SourcePackages/checkouts/SwiftImageReadWrite/build/Debug

CreateBuildDirectory /Users/samikhan/Library/Developer/Xcode/DerivedData/AirSync-eadfyjinpqayikbfwaonzliglerl/SourcePackages/checkouts/QRCode/build/Debug
    cd /Users/samikhan/Documents/Claude/airsync-mac-main/AirSync.xcodeproj
    builtin-create-build-directory /Users/samikhan/Library/Developer/Xcode/DerivedData/AirSync-eadfyjinpqayikbfwaonzliglerl/SourcePackages/checkouts/QRCode/build/Debug

CreateBuildDirectory /Users/samikhan/Library/Developer/Xcode/DerivedData/AirSync-eadfyjinpqayikbfwaonzliglerl/SourcePackages/checkouts/LottieUI/build/Debug
    cd /Users/samikhan/Documents/Claude/airsync-mac-main/AirSync.xcodeproj
    builtin-create-build-directory /Users/samikhan/Library/Developer/Xcode/DerivedData/AirSync-eadfyjinpqayikbfwaonzliglerl/SourcePackages/checkouts/LottieUI/build/Debug

WriteAuxiliaryFile /Users/samikhan/Library/Developer/Xcode/DerivedData/AirSync-eadfyjinpqayikbfwaonzliglerl/Build/Intermediates.noindex/AirSync.build/Debug/AirSync-ff8a8910e04cf0e710d4de340c99557f-VFS/all-product-headers.yaml
    cd /Users/samikhan/Documents/Claude/airsync-mac-main/AirSync.xcodeproj
    write-file /Users/samikhan/Library/Developer/Xcode/DerivedData/AirSync-eadfyjinpqayikbfwaonzliglerl/Build/Intermediates.noindex/AirSync.build/Debug/AirSync-ff8a8910e04cf0e710d4de340c99557f-VFS/all-product-headers.yaml

CreateBuildDirectory /Users/samikhan/Library/Developer/Xcode/DerivedData/AirSync-eadfyjinpqayikbfwaonzliglerl/Build/Intermediates.noindex/SwiftExplicitPrecompiledModules
    cd /Users/samikhan/Documents/Claude/airsync-mac-main/AirSync.xcodeproj
    builtin-create-build-directory /Users/samikhan/Library/Developer/Xcode/DerivedData/AirSync-eadfyjinpqayikbfwaonzliglerl/Build/Intermediates.noindex/SwiftExplicitPrecompiledModules

CreateBuildDirectory /Users/samikhan/Library/Developer/Xcode/DerivedData/AirSync-eadfyjinpqayikbfwaonzliglerl/Build/Intermediates.noindex/ExplicitPrecompiledModules
    cd /Users/samikhan/Documents/Claude/airsync-mac-main/AirSync.xcodeproj
    builtin-create-build-directory /Users/samikhan/Library/Developer/Xcode/DerivedData/AirSync-eadfyjinpqayikbfwaonzliglerl/Build/Intermediates.noindex/ExplicitPrecompiledModules

CreateBuildDirectory /Users/samikhan/Library/Developer/Xcode/DerivedData/AirSync-eadfyjinpqayikbfwaonzliglerl/Build/Intermediates.noindex/EagerLinkingTBDs/Debug
    cd /Users/samikhan/Documents/Claude/airsync-mac-main/AirSync.xcodeproj
    builtin-create-build-directory /Users/samikhan/Library/Developer/Xcode/DerivedData/AirSync-eadfyjinpqayikbfwaonzliglerl/Build/Intermediates.noindex/EagerLinkingTBDs/Debug

CreateBuildDirectory /Users/samikhan/Documents/Claude/airsync-mac-main/build/Debug
    cd /Users/samikhan/Documents/Claude/airsync-mac-main/AirSync.xcodeproj
    builtin-create-build-directory /Users/samikhan/Documents/Claude/airsync-mac-main/build/Debug

CreateBuildDirectory /Users/samikhan/Library/Developer/Xcode/DerivedData/AirSync-eadfyjinpqayikbfwaonzliglerl/SourcePackages/checkouts/swifter/build/Debug/PackageFrameworks
    cd /Users/samikhan/Documents/Claude/airsync-mac-main/AirSync.xcodeproj
    builtin-create-build-directory /Users/samikhan/Library/Developer/Xcode/DerivedData/AirSync-eadfyjinpqayikbfwaonzliglerl/SourcePackages/checkouts/swifter/build/Debug/PackageFrameworks

CreateBuildDirectory /Users/samikhan/Library/Developer/Xcode/DerivedData/AirSync-eadfyjinpqayikbfwaonzliglerl/SourcePackages/checkouts/swift-qrcode-generator/build/Debug/PackageFrameworks
    cd /Users/samikhan/Documents/Claude/airsync-mac-main/AirSync.xcodeproj
    builtin-create-build-directory /Users/samikhan/Library/Developer/Xcode/DerivedData/AirSync-eadfyjinpqayikbfwaonzliglerl/SourcePackages/checkouts/swift-qrcode-generator/build/Debug/PackageFrameworks

CreateBuildDirectory /Users/samikhan/Library/Developer/Xcode/DerivedData/AirSync-eadfyjinpqayikbfwaonzliglerl/SourcePackages/checkouts/lottie-spm/build/Debug/PackageFrameworks
    cd /Users/samikhan/Documents/Claude/airsync-mac-main/AirSync.xcodeproj
    builtin-create-build-directory /Users/samikhan/Library/Developer/Xcode/DerivedData/AirSync-eadfyjinpqayikbfwaonzliglerl/SourcePackages/checkouts/lottie-spm/build/Debug/PackageFrameworks

CreateBuildDirectory /Users/samikhan/Library/Developer/Xcode/DerivedData/AirSync-eadfyjinpqayikbfwaonzliglerl/SourcePackages/checkouts/SwiftImageReadWrite/build/Debug/PackageFrameworks
    cd /Users/samikhan/Documents/Claude/airsync-mac-main/AirSync.xcodeproj
    builtin-create-build-directory /Users/samikhan/Library/Developer/Xcode/DerivedData/AirSync-eadfyjinpqayikbfwaonzliglerl/SourcePackages/checkouts/SwiftImageReadWrite/build/Debug/PackageFrameworks

CreateBuildDirectory /Users/samikhan/Library/Developer/Xcode/DerivedData/AirSync-eadfyjinpqayikbfwaonzliglerl/SourcePackages/checkouts/QRCode/build/Debug/PackageFrameworks
    cd /Users/samikhan/Documents/Claude/airsync-mac-main/AirSync.xcodeproj
    builtin-create-build-directory /Users/samikhan/Library/Developer/Xcode/DerivedData/AirSync-eadfyjinpqayikbfwaonzliglerl/SourcePackages/checkouts/QRCode/build/Debug/PackageFrameworks

CreateBuildDirectory /Users/samikhan/Library/Developer/Xcode/DerivedData/AirSync-eadfyjinpqayikbfwaonzliglerl/SourcePackages/checkouts/LottieUI/build/Debug/PackageFrameworks
    cd /Users/samikhan/Documents/Claude/airsync-mac-main/AirSync.xcodeproj
    builtin-create-build-directory /Users/samikhan/Library/Developer/Xcode/DerivedData/AirSync-eadfyjinpqayikbfwaonzliglerl/SourcePackages/checkouts/LottieUI/build/Debug/PackageFrameworks

CreateBuildDirectory /Users/samikhan/Documents/Claude/airsync-mac-main/build/Debug/PackageFrameworks
    cd /Users/samikhan/Documents/Claude/airsync-mac-main/AirSync.xcodeproj
    builtin-create-build-directory /Users/samikhan/Documents/Claude/airsync-mac-main/build/Debug/PackageFrameworks

WriteAuxiliaryFile /Users/samikhan/Library/Developer/Xcode/DerivedData/AirSync-eadfyjinpqayikbfwaonzliglerl/Build/Intermediates.noindex/QRCode.build/Debug/QRCode.build/QRCode.modulemap (in target 'QRCode' from project 'QRCode')
    cd /Users/samikhan/Library/Developer/Xcode/DerivedData/AirSync-eadfyjinpqayikbfwaonzliglerl/SourcePackages/checkouts/QRCode
    write-file /Users/samikhan/Library/Developer/Xcode/DerivedData/AirSync-eadfyjinpqayikbfwaonzliglerl/Build/Intermediates.noindex/QRCode.build/Debug/QRCode.build/QRCode.modulemap

WriteAuxiliaryFile /Users/samikhan/Library/Developer/Xcode/DerivedData/AirSync-eadfyjinpqayikbfwaonzliglerl/Build/Intermediates.noindex/QRCode.build/Debug/QRCode.build/Objects-normal/arm64/QRCode.SwiftConstValuesFileList (in target 'QRCode' from project 'QRCode')
    cd /Users/samikhan/Library/Developer/Xcode/DerivedData/AirSync-eadfyjinpqayikbfwaonzliglerl/SourcePackages/checkouts/QRCode
    write-file /Users/samikhan/Library/Developer/Xcode/DerivedData/AirSync-eadfyjinpqayikbfwaonzliglerl/Build/Intermediates.noindex/QRCode.build/Debug/QRCode.build/Objects-normal/arm64/QRCode.SwiftConstValuesFileList

WriteAuxiliaryFile /Users/samikhan/Library/Developer/Xcode/DerivedData/AirSync-eadfyjinpqayikbfwaonzliglerl/Build/Intermediates.noindex/QRCode.build/Debug/QRCode.build/Objects-normal/arm64/QRCode.LinkFileList (in target 'QRCode' from project 'QRCode')
    cd /Users/samikhan/Library/Developer/Xcode/DerivedData/AirSync-eadfyjinpqayikbfwaonzliglerl/SourcePackages/checkouts/QRCode
    write-file /Users/samikhan/Library/Developer/Xcode/DerivedData/AirSync-eadfyjinpqayikbfwaonzliglerl/Build/Intermediates.noindex/QRCode.build/Debug/QRCode.build/Objects-normal/arm64/QRCode.LinkFileList

WriteAuxiliaryFile /Users/samikhan/Library/Developer/Xcode/DerivedData/AirSync-eadfyjinpqayikbfwaonzliglerl/Build/Intermediates.noindex/QRCode.build/Debug/QRCode.build/Objects-normal/arm64/QRCode_const_extract_protocols.json (in target 'QRCode' from project 'QRCode')
    cd /Users/samikhan/Library/Developer/Xcode/DerivedData/AirSync-eadfyjinpqayikbfwaonzliglerl/SourcePackages/checkouts/QRCode
    write-file /Users/samikhan/Library/Developer/Xcode/DerivedData/AirSync-eadfyjinpqayikbfwaonzliglerl/Build/Intermediates.noindex/QRCode.build/Debug/QRCode.build/Objects-normal/arm64/QRCode_const_extract_protocols.json

WriteAuxiliaryFile /Users/samikhan/Library/Developer/Xcode/DerivedData/AirSync-eadfyjinpqayikbfwaonzliglerl/Build/Intermediates.noindex/QRCode.build/Debug/QRCode.build/Objects-normal/arm64/QRCode-OutputFileMap.json (in target 'QRCode' from project 'QRCode')
    cd /Users/samikhan/Library/Developer/Xcode/DerivedData/AirSync-eadfyjinpqayikbfwaonzliglerl/SourcePackages/checkouts/QRCode
    write-file /Users/samikhan/Library/Developer/Xcode/DerivedData/AirSync-eadfyjinpqayikbfwaonzliglerl/Build/Intermediates.noindex/QRCode.build/Debug/QRCode.build/Objects-normal/arm64/QRCode-OutputFileMap.json

WriteAuxiliaryFile /Users/samikhan/Library/Developer/Xcode/DerivedData/AirSync-eadfyjinpqayikbfwaonzliglerl/Build/Intermediates.noindex/QRCode.build/Debug/QRCode.build/Objects-normal/arm64/QRCode.SwiftFileList (in target 'QRCode' from project 'QRCode')
    cd /Users/samikhan/Library/Developer/Xcode/DerivedData/AirSync-eadfyjinpqayikbfwaonzliglerl/SourcePackages/checkouts/QRCode
    write-file /Users/samikhan/Library/Developer/Xcode/DerivedData/AirSync-eadfyjinpqayikbfwaonzliglerl/Build/Intermediates.noindex/QRCode.build/Debug/QRCode.build/Objects-normal/arm64/QRCode.SwiftFileList

WriteAuxiliaryFile /Users/samikhan/Library/Developer/Xcode/DerivedData/AirSync-eadfyjinpqayikbfwaonzliglerl/Build/Intermediates.noindex/QRCode.build/Debug/QRCode.build/DerivedSources/resource_bundle_accessor.swift (in target 'QRCode' from project 'QRCode')
    cd /Users/samikhan/Library/Developer/Xcode/DerivedData/AirSync-eadfyjinpqayikbfwaonzliglerl/SourcePackages/checkouts/QRCode
    write-file /Users/samikhan/Library/Developer/Xcode/DerivedData/AirSync-eadfyjinpqayikbfwaonzliglerl/Build/Intermediates.noindex/QRCode.build/Debug/QRCode.build/DerivedSources/resource_bundle_accessor.swift

WriteAuxiliaryFile /Users/samikhan/Library/Developer/Xcode/DerivedData/AirSync-eadfyjinpqayikbfwaonzliglerl/Build/Intermediates.noindex/Lottie.build/Debug/_LottieStub.build/_LottieStub.modulemap (in target '_LottieStub' from project 'Lottie')
    cd /Users/samikhan/Library/Developer/Xcode/DerivedData/AirSync-eadfyjinpqayikbfwaonzliglerl/SourcePackages/checkouts/lottie-spm
    write-file /Users/samikhan/Library/Developer/Xcode/DerivedData/AirSync-eadfyjinpqayikbfwaonzliglerl/Build/Intermediates.noindex/Lottie.build/Debug/_LottieStub.build/_LottieStub.modulemap

WriteAuxiliaryFile /Users/samikhan/Library/Developer/Xcode/DerivedData/AirSync-eadfyjinpqayikbfwaonzliglerl/Build/Intermediates.noindex/Lottie.build/Debug/_LottieStub.build/_LottieStub.DependencyStaticMetadataFileList (in target '_LottieStub' from project 'Lottie')
    cd /Users/samikhan/Library/Developer/Xcode/DerivedData/AirSync-eadfyjinpqayikbfwaonzliglerl/SourcePackages/checkouts/lottie-spm
    write-file /Users/samikhan/Library/Developer/Xcode/DerivedData/AirSync-eadfyjinpqayikbfwaonzliglerl/Build/Intermediates.noindex/Lottie.build/Debug/_LottieStub.build/_LottieStub.DependencyStaticMetadataFileList

WriteAuxiliaryFile /Users/samikhan/Library/Developer/Xcode/DerivedData/AirSync-eadfyjinpqayikbfwaonzliglerl/Build/Intermediates.noindex/Lottie.build/Debug/_LottieStub.build/_LottieStub.DependencyMetadataFileList (in target '_LottieStub' from project 'Lottie')
    cd /Users/samikhan/Library/Developer/Xcode/DerivedData/AirSync-eadfyjinpqayikbfwaonzliglerl/SourcePackages/checkouts/lottie-spm
    write-file /Users/samikhan/Library/Developer/Xcode/DerivedData/AirSync-eadfyjinpqayikbfwaonzliglerl/Build/Intermediates.noindex/Lottie.build/Debug/_LottieStub.build/_LottieStub.DependencyMetadataFileList

WriteAuxiliaryFile /Users/samikhan/Library/Developer/Xcode/DerivedData/AirSync-eadfyjinpqayikbfwaonzliglerl/Build/Intermediates.noindex/Lottie.build/Debug/_LottieStub.build/Objects-normal/arm64/_LottieStub.SwiftFileList (in target '_LottieStub' from project 'Lottie')
    cd /Users/samikhan/Library/Developer/Xcode/DerivedData/AirSync-eadfyjinpqayikbfwaonzliglerl/SourcePackages/checkouts/lottie-spm
    write-file /Users/samikhan/Library/Developer/Xcode/DerivedData/AirSync-eadfyjinpqayikbfwaonzliglerl/Build/Intermediates.noindex/Lottie.build/Debug/_LottieStub.build/Objects-normal/arm64/_LottieStub.SwiftFileList

WriteAuxiliaryFile /Users/samikhan/Library/Developer/Xcode/DerivedData/AirSync-eadfyjinpqayikbfwaonzliglerl/Build/Intermediates.noindex/Lottie.build/Debug/_LottieStub.build/Objects-normal/arm64/_LottieStub_const_extract_protocols.json (in target '_LottieStub' from project 'Lottie')
    cd /Users/samikhan/Library/Developer/Xcode/DerivedData/AirSync-eadfyjinpqayikbfwaonzliglerl/SourcePackages/checkouts/lottie-spm
    write-file /Users/samikhan/Library/Developer/Xcode/DerivedData/AirSync-eadfyjinpqayikbfwaonzliglerl/Build/Intermediates.noindex/Lottie.build/Debug/_LottieStub.build/Objects-normal/arm64/_LottieStub_const_extract_protocols.json

WriteAuxiliaryFile /Users/samikhan/Library/Developer/Xcode/DerivedData/AirSync-eadfyjinpqayikbfwaonzliglerl/Build/Intermediates.noindex/Lottie.build/Debug/_LottieStub.build/Objects-normal/arm64/_LottieStub.SwiftConstValuesFileList (in target '_LottieStub' from project 'Lottie')
    cd /Users/samikhan/Library/Developer/Xcode/DerivedData/AirSync-eadfyjinpqayikbfwaonzliglerl/SourcePackages/checkouts/lottie-spm
    write-file /Users/samikhan/Library/Developer/Xcode/DerivedData/AirSync-eadfyjinpqayikbfwaonzliglerl/Build/Intermediates.noindex/Lottie.build/Debug/_LottieStub.build/Objects-normal/arm64/_LottieStub.SwiftConstValuesFileList

WriteAuxiliaryFile /Users/samikhan/Library/Developer/Xcode/DerivedData/AirSync-eadfyjinpqayikbfwaonzliglerl/Build/Intermediates.noindex/Lottie.build/Debug/_LottieStub.build/Objects-normal/arm64/_LottieStub.LinkFileList (in target '_LottieStub' from project 'Lottie')
    cd /Users/samikhan/Library/Developer/Xcode/DerivedData/AirSync-eadfyjinpqayikbfwaonzliglerl/SourcePackages/checkouts/lottie-spm
    write-file /Users/samikhan/Library/Developer/Xcode/DerivedData/AirSync-eadfyjinpqayikbfwaonzliglerl/Build/Intermediates.noindex/Lottie.build/Debug/_LottieStub.build/Objects-normal/arm64/_LottieStub.LinkFileList

WriteAuxiliaryFile /Users/samikhan/Library/Developer/Xcode/DerivedData/AirSync-eadfyjinpqayikbfwaonzliglerl/Build/Intermediates.noindex/Lottie.build/Debug/_LottieStub.build/Objects-normal/arm64/_LottieStub-OutputFileMap.json (in target '_LottieStub' from project 'Lottie')
    cd /Users/samikhan/Library/Developer/Xcode/DerivedData/AirSync-eadfyjinpqayikbfwaonzliglerl/SourcePackages/checkouts/lottie-spm
    write-file /Users/samikhan/Library/Developer/Xcode/DerivedData/AirSync-eadfyjinpqayikbfwaonzliglerl/Build/Intermediates.noindex/Lottie.build/Debug/_LottieStub.build/Objects-normal/arm64/_LottieStub-OutputFileMap.json

WriteAuxiliaryFile /Users/samikhan/Library/Developer/Xcode/DerivedData/AirSync-eadfyjinpqayikbfwaonzliglerl/Build/Intermediates.noindex/Swifter.build/Debug/Swifter.build/Swifter.modulemap (in target 'Swifter' from project 'Swifter')
    cd /Users/samikhan/Library/Developer/Xcode/DerivedData/AirSync-eadfyjinpqayikbfwaonzliglerl/SourcePackages/checkouts/swifter
    write-file /Users/samikhan/Library/Developer/Xcode/DerivedData/AirSync-eadfyjinpqayikbfwaonzliglerl/Build/Intermediates.noindex/Swifter.build/Debug/Swifter.build/Swifter.modulemap

WriteAuxiliaryFile /Users/samikhan/Library/Developer/Xcode/DerivedData/AirSync-eadfyjinpqayikbfwaonzliglerl/Build/Intermediates.noindex/Swifter.build/Debug/Swifter.build/Swifter.DependencyStaticMetadataFileList (in target 'Swifter' from project 'Swifter')
    cd /Users/samikhan/Library/Developer/Xcode/DerivedData/AirSync-eadfyjinpqayikbfwaonzliglerl/SourcePackages/checkouts/swifter
    write-file /Users/samikhan/Library/Developer/Xcode/DerivedData/AirSync-eadfyjinpqayikbfwaonzliglerl/Build/Intermediates.noindex/Swifter.build/Debug/Swifter.build/Swifter.DependencyStaticMetadataFileList

WriteAuxiliaryFile /Users/samikhan/Library/Developer/Xcode/DerivedData/AirSync-eadfyjinpqayikbfwaonzliglerl/Build/Intermediates.noindex/Swifter.build/Debug/Swifter.build/Swifter.DependencyMetadataFileList (in target 'Swifter' from project 'Swifter')
    cd /Users/samikhan/Library/Developer/Xcode/DerivedData/AirSync-eadfyjinpqayikbfwaonzliglerl/SourcePackages/checkouts/swifter
    write-file /Users/samikhan/Library/Developer/Xcode/DerivedData/AirSync-eadfyjinpqayikbfwaonzliglerl/Build/Intermediates.noindex/Swifter.build/Debug/Swifter.build/Swifter.DependencyMetadataFileList

WriteAuxiliaryFile /Users/samikhan/Library/Developer/Xcode/DerivedData/AirSync-eadfyjinpqayikbfwaonzliglerl/Build/Intermediates.noindex/Swifter.build/Debug/Swifter.build/Objects-normal/arm64/Swifter_const_extract_protocols.json (in target 'Swifter' from project 'Swifter')
    cd /Users/samikhan/Library/Developer/Xcode/DerivedData/AirSync-eadfyjinpqayikbfwaonzliglerl/SourcePackages/checkouts/swifter
    write-file /Users/samikhan/Library/Developer/Xcode/DerivedData/AirSync-eadfyjinpqayikbfwaonzliglerl/Build/Intermediates.noindex/Swifter.build/Debug/Swifter.build/Objects-normal/arm64/Swifter_const_extract_protocols.json

WriteAuxiliaryFile /Users/samikhan/Library/Developer/Xcode/DerivedData/AirSync-eadfyjinpqayikbfwaonzliglerl/Build/Intermediates.noindex/Swifter.build/Debug/Swifter.build/Objects-normal/arm64/Swifter.SwiftFileList (in target 'Swifter' from project 'Swifter')
    cd /Users/samikhan/Library/Developer/Xcode/DerivedData/AirSync-eadfyjinpqayikbfwaonzliglerl/SourcePackages/checkouts/swifter
    write-file /Users/samikhan/Library/Developer/Xcode/DerivedData/AirSync-eadfyjinpqayikbfwaonzliglerl/Build/Intermediates.noindex/Swifter.build/Debug/Swifter.build/Objects-normal/arm64/Swifter.SwiftFileList

WriteAuxiliaryFile /Users/samikhan/Library/Developer/Xcode/DerivedData/AirSync-eadfyjinpqayikbfwaonzliglerl/Build/Intermediates.noindex/Swifter.build/Debug/Swifter.build/Objects-normal/arm64/Swifter.SwiftConstValuesFileList (in target 'Swifter' from project 'Swifter')
    cd /Users/samikhan/Library/Developer/Xcode/DerivedData/AirSync-eadfyjinpqayikbfwaonzliglerl/SourcePackages/checkouts/swifter
    write-file /Users/samikhan/Library/Developer/Xcode/DerivedData/AirSync-eadfyjinpqayikbfwaonzliglerl/Build/Intermediates.noindex/Swifter.build/Debug/Swifter.build/Objects-normal/arm64/Swifter.SwiftConstValuesFileList

WriteAuxiliaryFile /Users/samikhan/Library/Developer/Xcode/DerivedData/AirSync-eadfyjinpqayikbfwaonzliglerl/Build/Intermediates.noindex/Swifter.build/Debug/Swifter.build/Objects-normal/arm64/Swifter.LinkFileList (in target 'Swifter' from project 'Swifter')
    cd /Users/samikhan/Library/Developer/Xcode/DerivedData/AirSync-eadfyjinpqayikbfwaonzliglerl/SourcePackages/checkouts/swifter
    write-file /Users/samikhan/Library/Developer/Xcode/DerivedData/AirSync-eadfyjinpqayikbfwaonzliglerl/Build/Intermediates.noindex/Swifter.build/Debug/Swifter.build/Objects-normal/arm64/Swifter.LinkFileList

WriteAuxiliaryFile /Users/samikhan/Library/Developer/Xcode/DerivedData/AirSync-eadfyjinpqayikbfwaonzliglerl/Build/Intermediates.noindex/Swifter.build/Debug/Swifter.build/Objects-normal/arm64/Swifter-OutputFileMap.json (in target 'Swifter' from project 'Swifter')
    cd /Users/samikhan/Library/Developer/Xcode/DerivedData/AirSync-eadfyjinpqayikbfwaonzliglerl/SourcePackages/checkouts/swifter
    write-file /Users/samikhan/Library/Developer/Xcode/DerivedData/AirSync-eadfyjinpqayikbfwaonzliglerl/Build/Intermediates.noindex/Swifter.build/Debug/Swifter.build/Objects-normal/arm64/Swifter-OutputFileMap.json

WriteAuxiliaryFile /Users/samikhan/Library/Developer/Xcode/DerivedData/AirSync-eadfyjinpqayikbfwaonzliglerl/Build/Intermediates.noindex/SwiftImageReadWrite.build/Debug/SwiftImageReadWrite_SwiftImageReadWrite.build/empty-SwiftImageReadWrite_SwiftImageReadWrite.plist (in target 'SwiftImageReadWrite_SwiftImageReadWrite' from project 'SwiftImageReadWrite')
    cd /Users/samikhan/Library/Developer/Xcode/DerivedData/AirSync-eadfyjinpqayikbfwaonzliglerl/SourcePackages/checkouts/SwiftImageReadWrite
    write-file /Users/samikhan/Library/Developer/Xcode/DerivedData/AirSync-eadfyjinpqayikbfwaonzliglerl/Build/Intermediates.noindex/SwiftImageReadWrite.build/Debug/SwiftImageReadWrite_SwiftImageReadWrite.build/empty-SwiftImageReadWrite_SwiftImageReadWrite.plist

WriteAuxiliaryFile /Users/samikhan/Library/Developer/Xcode/DerivedData/AirSync-eadfyjinpqayikbfwaonzliglerl/Build/Intermediates.noindex/SwiftImageReadWrite.build/Debug/SwiftImageReadWrite_SwiftImageReadWrite.build/SwiftImageReadWrite_SwiftImageReadWrite.DependencyStaticMetadataFileList (in target 'SwiftImageReadWrite_SwiftImageReadWrite' from project 'SwiftImageReadWrite')
    cd /Users/samikhan/Library/Developer/Xcode/DerivedData/AirSync-eadfyjinpqayikbfwaonzliglerl/SourcePackages/checkouts/SwiftImageReadWrite
    write-file /Users/samikhan/Library/Developer/Xcode/DerivedData/AirSync-eadfyjinpqayikbfwaonzliglerl/Build/Intermediates.noindex/SwiftImageReadWrite.build/Debug/SwiftImageReadWrite_SwiftImageReadWrite.build/SwiftImageReadWrite_SwiftImageReadWrite.DependencyStaticMetadataFileList

WriteAuxiliaryFile /Users/samikhan/Library/Developer/Xcode/DerivedData/AirSync-eadfyjinpqayikbfwaonzliglerl/Build/Intermediates.noindex/SwiftImageReadWrite.build/Debug/SwiftImageReadWrite_SwiftImageReadWrite.build/SwiftImageReadWrite_SwiftImageReadWrite.DependencyMetadataFileList (in target 'SwiftImageReadWrite_SwiftImageReadWrite' from project 'SwiftImageReadWrite')
    cd /Users/samikhan/Library/Developer/Xcode/DerivedData/AirSync-eadfyjinpqayikbfwaonzliglerl/SourcePackages/checkouts/SwiftImageReadWrite
    write-file /Users/samikhan/Library/Developer/Xcode/DerivedData/AirSync-eadfyjinpqayikbfwaonzliglerl/Build/Intermediates.noindex/SwiftImageReadWrite.build/Debug/SwiftImageReadWrite_SwiftImageReadWrite.build/SwiftImageReadWrite_SwiftImageReadWrite.DependencyMetadataFileList

WriteAuxiliaryFile /Users/samikhan/Library/Developer/Xcode/DerivedData/AirSync-eadfyjinpqayikbfwaonzliglerl/Build/Intermediates.noindex/SwiftImageReadWrite.build/Debug/SwiftImageReadWrite.build/SwiftImageReadWrite.DependencyStaticMetadataFileList (in target 'SwiftImageReadWrite' from project 'SwiftImageReadWrite')
    cd /Users/samikhan/Library/Developer/Xcode/DerivedData/AirSync-eadfyjinpqayikbfwaonzliglerl/SourcePackages/checkouts/SwiftImageReadWrite
    write-file /Users/samikhan/Library/Developer/Xcode/DerivedData/AirSync-eadfyjinpqayikbfwaonzliglerl/Build/Intermediates.noindex/SwiftImageReadWrite.build/Debug/SwiftImageReadWrite.build/SwiftImageReadWrite.DependencyStaticMetadataFileList

WriteAuxiliaryFile /Users/samikhan/Library/Developer/Xcode/DerivedData/AirSync-eadfyjinpqayikbfwaonzliglerl/Build/Intermediates.noindex/SwiftImageReadWrite.build/Debug/SwiftImageReadWrite.build/SwiftImageReadWrite.modulemap (in target 'SwiftImageReadWrite' from project 'SwiftImageReadWrite')
    cd /Users/samikhan/Library/Developer/Xcode/DerivedData/AirSync-eadfyjinpqayikbfwaonzliglerl/SourcePackages/checkouts/SwiftImageReadWrite
    write-file /Users/samikhan/Library/Developer/Xcode/DerivedData/AirSync-eadfyjinpqayikbfwaonzliglerl/Build/Intermediates.noindex/SwiftImageReadWrite.build/Debug/SwiftImageReadWrite.build/SwiftImageReadWrite.modulemap

WriteAuxiliaryFile /Users/samikhan/Library/Developer/Xcode/DerivedData/AirSync-eadfyjinpqayikbfwaonzliglerl/Build/Intermediates.noindex/SwiftImageReadWrite.build/Debug/SwiftImageReadWrite.build/SwiftImageReadWrite.DependencyMetadataFileList (in target 'SwiftImageReadWrite' from project 'SwiftImageReadWrite')
    cd /Users/samikhan/Library/Developer/Xcode/DerivedData/AirSync-eadfyjinpqayikbfwaonzliglerl/SourcePackages/checkouts/SwiftImageReadWrite
    write-file /Users/samikhan/Library/Developer/Xcode/DerivedData/AirSync-eadfyjinpqayikbfwaonzliglerl/Build/Intermediates.noindex/SwiftImageReadWrite.build/Debug/SwiftImageReadWrite.build/SwiftImageReadWrite.DependencyMetadataFileList

WriteAuxiliaryFile /Users/samikhan/Library/Developer/Xcode/DerivedData/AirSync-eadfyjinpqayikbfwaonzliglerl/Build/Intermediates.noindex/SwiftImageReadWrite.build/Debug/SwiftImageReadWrite.build/Objects-normal/arm64/SwiftImageReadWrite_const_extract_protocols.json (in target 'SwiftImageReadWrite' from project 'SwiftImageReadWrite')
    cd /Users/samikhan/Library/Developer/Xcode/DerivedData/AirSync-eadfyjinpqayikbfwaonzliglerl/SourcePackages/checkouts/SwiftImageReadWrite
    write-file /Users/samikhan/Library/Developer/Xcode/DerivedData/AirSync-eadfyjinpqayikbfwaonzliglerl/Build/Intermediates.noindex/SwiftImageReadWrite.build/Debug/SwiftImageReadWrite.build/Objects-normal/arm64/SwiftImageReadWrite_const_extract_protocols.json

WriteAuxiliaryFile /Users/samikhan/Library/Developer/Xcode/DerivedData/AirSync-eadfyjinpqayikbfwaonzliglerl/Build/Intermediates.noindex/SwiftImageReadWrite.build/Debug/SwiftImageReadWrite.build/Objects-normal/arm64/SwiftImageReadWrite.SwiftFileList (in target 'SwiftImageReadWrite' from project 'SwiftImageReadWrite')
    cd /Users/samikhan/Library/Developer/Xcode/DerivedData/AirSync-eadfyjinpqayikbfwaonzliglerl/SourcePackages/checkouts/SwiftImageReadWrite
    write-file /Users/samikhan/Library/Developer/Xcode/DerivedData/AirSync-eadfyjinpqayikbfwaonzliglerl/Build/Intermediates.noindex/SwiftImageReadWrite.build/Debug/SwiftImageReadWrite.build/Objects-normal/arm64/SwiftImageReadWrite.SwiftFileList

WriteAuxiliaryFile /Users/samikhan/Library/Developer/Xcode/DerivedData/AirSync-eadfyjinpqayikbfwaonzliglerl/Build/Intermediates.noindex/SwiftImageReadWrite.build/Debug/SwiftImageReadWrite.build/Objects-normal/arm64/SwiftImageReadWrite.SwiftConstValuesFileList (in target 'SwiftImageReadWrite' from project 'SwiftImageReadWrite')
    cd /Users/samikhan/Library/Developer/Xcode/DerivedData/AirSync-eadfyjinpqayikbfwaonzliglerl/SourcePackages/checkouts/SwiftImageReadWrite
    write-file /Users/samikhan/Library/Developer/Xcode/DerivedData/AirSync-eadfyjinpqayikbfwaonzliglerl/Build/Intermediates.noindex/SwiftImageReadWrite.build/Debug/SwiftImageReadWrite.build/Objects-normal/arm64/SwiftImageReadWrite.SwiftConstValuesFileList

WriteAuxiliaryFile /Users/samikhan/Library/Developer/Xcode/DerivedData/AirSync-eadfyjinpqayikbfwaonzliglerl/Build/Intermediates.noindex/SwiftImageReadWrite.build/Debug/SwiftImageReadWrite.build/Objects-normal/arm64/SwiftImageReadWrite.LinkFileList (in target 'SwiftImageReadWrite' from project 'SwiftImageReadWrite')
    cd /Users/samikhan/Library/Developer/Xcode/DerivedData/AirSync-eadfyjinpqayikbfwaonzliglerl/SourcePackages/checkouts/SwiftImageReadWrite
    write-file /Users/samikhan/Library/Developer/Xcode/DerivedData/AirSync-eadfyjinpqayikbfwaonzliglerl/Build/Intermediates.noindex/SwiftImageReadWrite.build/Debug/SwiftImageReadWrite.build/Objects-normal/arm64/SwiftImageReadWrite.LinkFileList

WriteAuxiliaryFile /Users/samikhan/Library/Developer/Xcode/DerivedData/AirSync-eadfyjinpqayikbfwaonzliglerl/Build/Intermediates.noindex/SwiftImageReadWrite.build/Debug/SwiftImageReadWrite.build/Objects-normal/arm64/SwiftImageReadWrite-OutputFileMap.json (in target 'SwiftImageReadWrite' from project 'SwiftImageReadWrite')
    cd /Users/samikhan/Library/Developer/Xcode/DerivedData/AirSync-eadfyjinpqayikbfwaonzliglerl/SourcePackages/checkouts/SwiftImageReadWrite
    write-file /Users/samikhan/Library/Developer/Xcode/DerivedData/AirSync-eadfyjinpqayikbfwaonzliglerl/Build/Intermediates.noindex/SwiftImageReadWrite.build/Debug/SwiftImageReadWrite.build/Objects-normal/arm64/SwiftImageReadWrite-OutputFileMap.json

WriteAuxiliaryFile /Users/samikhan/Library/Developer/Xcode/DerivedData/AirSync-eadfyjinpqayikbfwaonzliglerl/Build/Intermediates.noindex/SwiftImageReadWrite.build/Debug/SwiftImageReadWrite.build/DerivedSources/resource_bundle_accessor.swift (in target 'SwiftImageReadWrite' from project 'SwiftImageReadWrite')
    cd /Users/samikhan/Library/Developer/Xcode/DerivedData/AirSync-eadfyjinpqayikbfwaonzliglerl/SourcePackages/checkouts/SwiftImageReadWrite
    write-file /Users/samikhan/Library/Developer/Xcode/DerivedData/AirSync-eadfyjinpqayikbfwaonzliglerl/Build/Intermediates.noindex/SwiftImageReadWrite.build/Debug/SwiftImageReadWrite.build/DerivedSources/resource_bundle_accessor.swift

WriteAuxiliaryFile /Users/samikhan/Library/Developer/Xcode/DerivedData/AirSync-eadfyjinpqayikbfwaonzliglerl/Build/Intermediates.noindex/QRCode.build/Debug/QRCode_QRCode.build/empty-QRCode_QRCode.plist (in target 'QRCode_QRCode' from project 'QRCode')
    cd /Users/samikhan/Library/Developer/Xcode/DerivedData/AirSync-eadfyjinpqayikbfwaonzliglerl/SourcePackages/checkouts/QRCode
    write-file /Users/samikhan/Library/Developer/Xcode/DerivedData/AirSync-eadfyjinpqayikbfwaonzliglerl/Build/Intermediates.noindex/QRCode.build/Debug/QRCode_QRCode.build/empty-QRCode_QRCode.plist

WriteAuxiliaryFile /Users/samikhan/Library/Developer/Xcode/DerivedData/AirSync-eadfyjinpqayikbfwaonzliglerl/Build/Intermediates.noindex/QRCode.build/Debug/QRCode_QRCode.build/QRCode_QRCode.DependencyStaticMetadataFileList (in target 'QRCode_QRCode' from project 'QRCode')
    cd /Users/samikhan/Library/Developer/Xcode/DerivedData/AirSync-eadfyjinpqayikbfwaonzliglerl/SourcePackages/checkouts/QRCode
    write-file /Users/samikhan/Library/Developer/Xcode/DerivedData/AirSync-eadfyjinpqayikbfwaonzliglerl/Build/Intermediates.noindex/QRCode.build/Debug/QRCode_QRCode.build/QRCode_QRCode.DependencyStaticMetadataFileList

WriteAuxiliaryFile /Users/samikhan/Library/Developer/Xcode/DerivedData/AirSync-eadfyjinpqayikbfwaonzliglerl/Build/Intermediates.noindex/QRCode.build/Debug/QRCode_QRCode.build/QRCode_QRCode.DependencyMetadataFileList (in target 'QRCode_QRCode' from project 'QRCode')
    cd /Users/samikhan/Library/Developer/Xcode/DerivedData/AirSync-eadfyjinpqayikbfwaonzliglerl/SourcePackages/checkouts/QRCode
    write-file /Users/samikhan/Library/Developer/Xcode/DerivedData/AirSync-eadfyjinpqayikbfwaonzliglerl/Build/Intermediates.noindex/QRCode.build/Debug/QRCode_QRCode.build/QRCode_QRCode.DependencyMetadataFileList

WriteAuxiliaryFile /Users/samikhan/Library/Developer/Xcode/DerivedData/AirSync-eadfyjinpqayikbfwaonzliglerl/Build/Intermediates.noindex/swift-qrcode-generator.build/Debug/QRCodeGenerator.build/QRCodeGenerator.DependencyStaticMetadataFileList (in target 'QRCodeGenerator' from project 'swift-qrcode-generator')
    cd /Users/samikhan/Library/Developer/Xcode/DerivedData/AirSync-eadfyjinpqayikbfwaonzliglerl/SourcePackages/checkouts/swift-qrcode-generator
    write-file /Users/samikhan/Library/Developer/Xcode/DerivedData/AirSync-eadfyjinpqayikbfwaonzliglerl/Build/Intermediates.noindex/swift-qrcode-generator.build/Debug/QRCodeGenerator.build/QRCodeGenerator.DependencyStaticMetadataFileList

WriteAuxiliaryFile /Users/samikhan/Library/Developer/Xcode/DerivedData/AirSync-eadfyjinpqayikbfwaonzliglerl/Build/Intermediates.noindex/swift-qrcode-generator.build/Debug/QRCodeGenerator.build/QRCodeGenerator.modulemap (in target 'QRCodeGenerator' from project 'swift-qrcode-generator')
    cd /Users/samikhan/Library/Developer/Xcode/DerivedData/AirSync-eadfyjinpqayikbfwaonzliglerl/SourcePackages/checkouts/swift-qrcode-generator
    write-file /Users/samikhan/Library/Developer/Xcode/DerivedData/AirSync-eadfyjinpqayikbfwaonzliglerl/Build/Intermediates.noindex/swift-qrcode-generator.build/Debug/QRCodeGenerator.build/QRCodeGenerator.modulemap

WriteAuxiliaryFile /Users/samikhan/Library/Developer/Xcode/DerivedData/AirSync-eadfyjinpqayikbfwaonzliglerl/Build/Intermediates.noindex/swift-qrcode-generator.build/Debug/QRCodeGenerator.build/QRCodeGenerator.DependencyMetadataFileList (in target 'QRCodeGenerator' from project 'swift-qrcode-generator')
    cd /Users/samikhan/Library/Developer/Xcode/DerivedData/AirSync-eadfyjinpqayikbfwaonzliglerl/SourcePackages/checkouts/swift-qrcode-generator
    write-file /Users/samikhan/Library/Developer/Xcode/DerivedData/AirSync-eadfyjinpqayikbfwaonzliglerl/Build/Intermediates.noindex/swift-qrcode-generator.build/Debug/QRCodeGenerator.build/QRCodeGenerator.DependencyMetadataFileList

WriteAuxiliaryFile /Users/samikhan/Library/Developer/Xcode/DerivedData/AirSync-eadfyjinpqayikbfwaonzliglerl/Build/Intermediates.noindex/swift-qrcode-generator.build/Debug/QRCodeGenerator.build/Objects-normal/arm64/QRCodeGenerator_const_extract_protocols.json (in target 'QRCodeGenerator' from project 'swift-qrcode-generator')
    cd /Users/samikhan/Library/Developer/Xcode/DerivedData/AirSync-eadfyjinpqayikbfwaonzliglerl/SourcePackages/checkouts/swift-qrcode-generator
    write-file /Users/samikhan/Library/Developer/Xcode/DerivedData/AirSync-eadfyjinpqayikbfwaonzliglerl/Build/Intermediates.noindex/swift-qrcode-generator.build/Debug/QRCodeGenerator.build/Objects-normal/arm64/QRCodeGenerator_const_extract_protocols.json

WriteAuxiliaryFile /Users/samikhan/Library/Developer/Xcode/DerivedData/AirSync-eadfyjinpqayikbfwaonzliglerl/Build/Intermediates.noindex/swift-qrcode-generator.build/Debug/QRCodeGenerator.build/Objects-normal/arm64/QRCodeGenerator.SwiftFileList (in target 'QRCodeGenerator' from project 'swift-qrcode-generator')
    cd /Users/samikhan/Library/Developer/Xcode/DerivedData/AirSync-eadfyjinpqayikbfwaonzliglerl/SourcePackages/checkouts/swift-qrcode-generator
    write-file /Users/samikhan/Library/Developer/Xcode/DerivedData/AirSync-eadfyjinpqayikbfwaonzliglerl/Build/Intermediates.noindex/swift-qrcode-generator.build/Debug/QRCodeGenerator.build/Objects-normal/arm64/QRCodeGenerator.SwiftFileList

WriteAuxiliaryFile /Users/samikhan/Library/Developer/Xcode/DerivedData/AirSync-eadfyjinpqayikbfwaonzliglerl/Build/Intermediates.noindex/swift-qrcode-generator.build/Debug/QRCodeGenerator.build/Objects-normal/arm64/QRCodeGenerator.SwiftConstValuesFileList (in target 'QRCodeGenerator' from project 'swift-qrcode-generator')
    cd /Users/samikhan/Library/Developer/Xcode/DerivedData/AirSync-eadfyjinpqayikbfwaonzliglerl/SourcePackages/checkouts/swift-qrcode-generator
    write-file /Users/samikhan/Library/Developer/Xcode/DerivedData/AirSync-eadfyjinpqayikbfwaonzliglerl/Build/Intermediates.noindex/swift-qrcode-generator.build/Debug/QRCodeGenerator.build/Objects-normal/arm64/QRCodeGenerator.SwiftConstValuesFileList

WriteAuxiliaryFile /Users/samikhan/Library/Developer/Xcode/DerivedData/AirSync-eadfyjinpqayikbfwaonzliglerl/Build/Intermediates.noindex/swift-qrcode-generator.build/Debug/QRCodeGenerator.build/Objects-normal/arm64/QRCodeGenerator.LinkFileList (in target 'QRCodeGenerator' from project 'swift-qrcode-generator')
    cd /Users/samikhan/Library/Developer/Xcode/DerivedData/AirSync-eadfyjinpqayikbfwaonzliglerl/SourcePackages/checkouts/swift-qrcode-generator
    write-file /Users/samikhan/Library/Developer/Xcode/DerivedData/AirSync-eadfyjinpqayikbfwaonzliglerl/Build/Intermediates.noindex/swift-qrcode-generator.build/Debug/QRCodeGenerator.build/Objects-normal/arm64/QRCodeGenerator.LinkFileList

WriteAuxiliaryFile /Users/samikhan/Library/Developer/Xcode/DerivedData/AirSync-eadfyjinpqayikbfwaonzliglerl/Build/Intermediates.noindex/swift-qrcode-generator.build/Debug/QRCodeGenerator.build/Objects-normal/arm64/QRCodeGenerator-OutputFileMap.json (in target 'QRCodeGenerator' from project 'swift-qrcode-generator')
    cd /Users/samikhan/Library/Developer/Xcode/DerivedData/AirSync-eadfyjinpqayikbfwaonzliglerl/SourcePackages/checkouts/swift-qrcode-generator
    write-file /Users/samikhan/Library/Developer/Xcode/DerivedData/AirSync-eadfyjinpqayikbfwaonzliglerl/Build/Intermediates.noindex/swift-qrcode-generator.build/Debug/QRCodeGenerator.build/Objects-normal/arm64/QRCodeGenerator-OutputFileMap.json

WriteAuxiliaryFile /Users/samikhan/Library/Developer/Xcode/DerivedData/AirSync-eadfyjinpqayikbfwaonzliglerl/Build/Intermediates.noindex/QRCode.build/Debug/QRCode.build/QRCode.DependencyStaticMetadataFileList (in target 'QRCode' from project 'QRCode')
    cd /Users/samikhan/Library/Developer/Xcode/DerivedData/AirSync-eadfyjinpqayikbfwaonzliglerl/SourcePackages/checkouts/QRCode
    write-file /Users/samikhan/Library/Developer/Xcode/DerivedData/AirSync-eadfyjinpqayikbfwaonzliglerl/Build/Intermediates.noindex/QRCode.build/Debug/QRCode.build/QRCode.DependencyStaticMetadataFileList

WriteAuxiliaryFile /Users/samikhan/Library/Developer/Xcode/DerivedData/AirSync-eadfyjinpqayikbfwaonzliglerl/Build/Intermediates.noindex/QRCode.build/Debug/QRCode.build/QRCode.DependencyMetadataFileList (in target 'QRCode' from project 'QRCode')
    cd /Users/samikhan/Library/Developer/Xcode/DerivedData/AirSync-eadfyjinpqayikbfwaonzliglerl/SourcePackages/checkouts/QRCode
    write-file /Users/samikhan/Library/Developer/Xcode/DerivedData/AirSync-eadfyjinpqayikbfwaonzliglerl/Build/Intermediates.noindex/QRCode.build/Debug/QRCode.build/QRCode.DependencyMetadataFileList

Copy /Users/samikhan/Library/Developer/Xcode/DerivedData/AirSync-eadfyjinpqayikbfwaonzliglerl/Build/Intermediates.noindex/GeneratedModuleMaps/_LottieStub.modulemap /Users/samikhan/Library/Developer/Xcode/DerivedData/AirSync-eadfyjinpqayikbfwaonzliglerl/Build/Intermediates.noindex/Lottie.build/Debug/_LottieStub.build/_LottieStub.modulemap (in target '_LottieStub' from project 'Lottie')
    cd /Users/samikhan/Library/Developer/Xcode/DerivedData/AirSync-eadfyjinpqayikbfwaonzliglerl/SourcePackages/checkouts/lottie-spm
    builtin-copy -exclude .DS_Store -exclude CVS -exclude .svn -exclude .git -exclude .hg -resolve-src-symlinks /Users/samikhan/Library/Developer/Xcode/DerivedData/AirSync-eadfyjinpqayikbfwaonzliglerl/Build/Intermediates.noindex/Lottie.build/Debug/_LottieStub.build/_LottieStub.modulemap /Users/samikhan/Library/Developer/Xcode/DerivedData/AirSync-eadfyjinpqayikbfwaonzliglerl/Build/Intermediates.noindex/GeneratedModuleMaps

Copy /Users/samikhan/Library/Developer/Xcode/DerivedData/AirSync-eadfyjinpqayikbfwaonzliglerl/Build/Intermediates.noindex/GeneratedModuleMaps/QRCode.modulemap /Users/samikhan/Library/Developer/Xcode/DerivedData/AirSync-eadfyjinpqayikbfwaonzliglerl/Build/Intermediates.noindex/QRCode.build/Debug/QRCode.build/QRCode.modulemap (in target 'QRCode' from project 'QRCode')
    cd /Users/samikhan/Library/Developer/Xcode/DerivedData/AirSync-eadfyjinpqayikbfwaonzliglerl/SourcePackages/checkouts/QRCode
    builtin-copy -exclude .DS_Store -exclude CVS -exclude .svn -exclude .git -exclude .hg -resolve-src-symlinks /Users/samikhan/Library/Developer/Xcode/DerivedData/AirSync-eadfyjinpqayikbfwaonzliglerl/Build/Intermediates.noindex/QRCode.build/Debug/QRCode.build/QRCode.modulemap /Users/samikhan/Library/Developer/Xcode/DerivedData/AirSync-eadfyjinpqayikbfwaonzliglerl/Build/Intermediates.noindex/GeneratedModuleMaps

MkDir /Users/samikhan/Library/Developer/Xcode/DerivedData/AirSync-eadfyjinpqayikbfwaonzliglerl/SourcePackages/checkouts/SwiftImageReadWrite/build/Debug/SwiftImageReadWrite_SwiftImageReadWrite.bundle/Contents/Resources (in target 'SwiftImageReadWrite_SwiftImageReadWrite' from project 'SwiftImageReadWrite')
    cd /Users/samikhan/Library/Developer/Xcode/DerivedData/AirSync-eadfyjinpqayikbfwaonzliglerl/SourcePackages/checkouts/SwiftImageReadWrite
    /bin/mkdir -p /Users/samikhan/Library/Developer/Xcode/DerivedData/AirSync-eadfyjinpqayikbfwaonzliglerl/SourcePackages/checkouts/SwiftImageReadWrite/build/Debug/SwiftImageReadWrite_SwiftImageReadWrite.bundle/Contents/Resources

MkDir /Users/samikhan/Library/Developer/Xcode/DerivedData/AirSync-eadfyjinpqayikbfwaonzliglerl/SourcePackages/checkouts/SwiftImageReadWrite/build/Debug/SwiftImageReadWrite_SwiftImageReadWrite.bundle/Contents (in target 'SwiftImageReadWrite_SwiftImageReadWrite' from project 'SwiftImageReadWrite')
    cd /Users/samikhan/Library/Developer/Xcode/DerivedData/AirSync-eadfyjinpqayikbfwaonzliglerl/SourcePackages/checkouts/SwiftImageReadWrite
    /bin/mkdir -p /Users/samikhan/Library/Developer/Xcode/DerivedData/AirSync-eadfyjinpqayikbfwaonzliglerl/SourcePackages/checkouts/SwiftImageReadWrite/build/Debug/SwiftImageReadWrite_SwiftImageReadWrite.bundle/Contents

MkDir /Users/samikhan/Library/Developer/Xcode/DerivedData/AirSync-eadfyjinpqayikbfwaonzliglerl/SourcePackages/checkouts/SwiftImageReadWrite/build/Debug/SwiftImageReadWrite_SwiftImageReadWrite.bundle (in target 'SwiftImageReadWrite_SwiftImageReadWrite' from project 'SwiftImageReadWrite')
    cd /Users/samikhan/Library/Developer/Xcode/DerivedData/AirSync-eadfyjinpqayikbfwaonzliglerl/SourcePackages/checkouts/SwiftImageReadWrite
    /bin/mkdir -p /Users/samikhan/Library/Developer/Xcode/DerivedData/AirSync-eadfyjinpqayikbfwaonzliglerl/SourcePackages/checkouts/SwiftImageReadWrite/build/Debug/SwiftImageReadWrite_SwiftImageReadWrite.bundle

MkDir /Users/samikhan/Library/Developer/Xcode/DerivedData/AirSync-eadfyjinpqayikbfwaonzliglerl/SourcePackages/checkouts/QRCode/build/Debug/QRCode_QRCode.bundle/Contents (in target 'QRCode_QRCode' from project 'QRCode')
    cd /Users/samikhan/Library/Developer/Xcode/DerivedData/AirSync-eadfyjinpqayikbfwaonzliglerl/SourcePackages/checkouts/QRCode
    /bin/mkdir -p /Users/samikhan/Library/Developer/Xcode/DerivedData/AirSync-eadfyjinpqayikbfwaonzliglerl/SourcePackages/checkouts/QRCode/build/Debug/QRCode_QRCode.bundle/Contents

MkDir /Users/samikhan/Library/Developer/Xcode/DerivedData/AirSync-eadfyjinpqayikbfwaonzliglerl/SourcePackages/checkouts/QRCode/build/Debug/QRCode_QRCode.bundle/Contents/Resources (in target 'QRCode_QRCode' from project 'QRCode')
    cd /Users/samikhan/Library/Developer/Xcode/DerivedData/AirSync-eadfyjinpqayikbfwaonzliglerl/SourcePackages/checkouts/QRCode
    /bin/mkdir -p /Users/samikhan/Library/Developer/Xcode/DerivedData/AirSync-eadfyjinpqayikbfwaonzliglerl/SourcePackages/checkouts/QRCode/build/Debug/QRCode_QRCode.bundle/Contents/Resources

MkDir /Users/samikhan/Library/Developer/Xcode/DerivedData/AirSync-eadfyjinpqayikbfwaonzliglerl/SourcePackages/checkouts/QRCode/build/Debug/QRCode_QRCode.bundle (in target 'QRCode_QRCode' from project 'QRCode')
    cd /Users/samikhan/Library/Developer/Xcode/DerivedData/AirSync-eadfyjinpqayikbfwaonzliglerl/SourcePackages/checkouts/QRCode
    /bin/mkdir -p /Users/samikhan/Library/Developer/Xcode/DerivedData/AirSync-eadfyjinpqayikbfwaonzliglerl/SourcePackages/checkouts/QRCode/build/Debug/QRCode_QRCode.bundle

Copy /Users/samikhan/Library/Developer/Xcode/DerivedData/AirSync-eadfyjinpqayikbfwaonzliglerl/Build/Intermediates.noindex/GeneratedModuleMaps/Swifter.modulemap /Users/samikhan/Library/Developer/Xcode/DerivedData/AirSync-eadfyjinpqayikbfwaonzliglerl/Build/Intermediates.noindex/Swifter.build/Debug/Swifter.build/Swifter.modulemap (in target 'Swifter' from project 'Swifter')
    cd /Users/samikhan/Library/Developer/Xcode/DerivedData/AirSync-eadfyjinpqayikbfwaonzliglerl/SourcePackages/checkouts/swifter
    builtin-copy -exclude .DS_Store -exclude CVS -exclude .svn -exclude .git -exclude .hg -resolve-src-symlinks /Users/samikhan/Library/Developer/Xcode/DerivedData/AirSync-eadfyjinpqayikbfwaonzliglerl/Build/Intermediates.noindex/Swifter.build/Debug/Swifter.build/Swifter.modulemap /Users/samikhan/Library/Developer/Xcode/DerivedData/AirSync-eadfyjinpqayikbfwaonzliglerl/Build/Intermediates.noindex/GeneratedModuleMaps

Copy /Users/samikhan/Library/Developer/Xcode/DerivedData/AirSync-eadfyjinpqayikbfwaonzliglerl/Build/Intermediates.noindex/GeneratedModuleMaps/SwiftImageReadWrite.modulemap /Users/samikhan/Library/Developer/Xcode/DerivedData/AirSync-eadfyjinpqayikbfwaonzliglerl/Build/Intermediates.noindex/SwiftImageReadWrite.build/Debug/SwiftImageReadWrite.build/SwiftImageReadWrite.modulemap (in target 'SwiftImageReadWrite' from project 'SwiftImageReadWrite')
    cd /Users/samikhan/Library/Developer/Xcode/DerivedData/AirSync-eadfyjinpqayikbfwaonzliglerl/SourcePackages/checkouts/SwiftImageReadWrite
    builtin-copy -exclude .DS_Store -exclude CVS -exclude .svn -exclude .git -exclude .hg -resolve-src-symlinks /Users/samikhan/Library/Developer/Xcode/DerivedData/AirSync-eadfyjinpqayikbfwaonzliglerl/Build/Intermediates.noindex/SwiftImageReadWrite.build/Debug/SwiftImageReadWrite.build/SwiftImageReadWrite.modulemap /Users/samikhan/Library/Developer/Xcode/DerivedData/AirSync-eadfyjinpqayikbfwaonzliglerl/Build/Intermediates.noindex/GeneratedModuleMaps

Copy /Users/samikhan/Library/Developer/Xcode/DerivedData/AirSync-eadfyjinpqayikbfwaonzliglerl/Build/Intermediates.noindex/GeneratedModuleMaps/QRCodeGenerator.modulemap /Users/samikhan/Library/Developer/Xcode/DerivedData/AirSync-eadfyjinpqayikbfwaonzliglerl/Build/Intermediates.noindex/swift-qrcode-generator.build/Debug/QRCodeGenerator.build/QRCodeGenerator.modulemap (in target 'QRCodeGenerator' from project 'swift-qrcode-generator')
    cd /Users/samikhan/Library/Developer/Xcode/DerivedData/AirSync-eadfyjinpqayikbfwaonzliglerl/SourcePackages/checkouts/swift-qrcode-generator
    builtin-copy -exclude .DS_Store -exclude CVS -exclude .svn -exclude .git -exclude .hg -resolve-src-symlinks /Users/samikhan/Library/Developer/Xcode/DerivedData/AirSync-eadfyjinpqayikbfwaonzliglerl/Build/Intermediates.noindex/swift-qrcode-generator.build/Debug/QRCodeGenerator.build/QRCodeGenerator.modulemap /Users/samikhan/Library/Developer/Xcode/DerivedData/AirSync-eadfyjinpqayikbfwaonzliglerl/Build/Intermediates.noindex/GeneratedModuleMaps

ProcessInfoPlistFile /Users/samikhan/Library/Developer/Xcode/DerivedData/AirSync-eadfyjinpqayikbfwaonzliglerl/SourcePackages/checkouts/QRCode/build/Debug/QRCode_QRCode.bundle/Contents/Info.plist /Users/samikhan/Library/Developer/Xcode/DerivedData/AirSync-eadfyjinpqayikbfwaonzliglerl/Build/Intermediates.noindex/QRCode.build/Debug/QRCode_QRCode.build/empty-QRCode_QRCode.plist (in target 'QRCode_QRCode' from project 'QRCode')
    cd /Users/samikhan/Library/Developer/Xcode/DerivedData/AirSync-eadfyjinpqayikbfwaonzliglerl/SourcePackages/checkouts/QRCode
    builtin-infoPlistUtility /Users/samikhan/Library/Developer/Xcode/DerivedData/AirSync-eadfyjinpqayikbfwaonzliglerl/Build/Intermediates.noindex/QRCode.build/Debug/QRCode_QRCode.build/empty-QRCode_QRCode.plist -producttype com.apple.product-type.bundle -expandbuildsettings -platform macosx -o /Users/samikhan/Library/Developer/Xcode/DerivedData/AirSync-eadfyjinpqayikbfwaonzliglerl/SourcePackages/checkouts/QRCode/build/Debug/QRCode_QRCode.bundle/Contents/Info.plist

CpResource /Users/samikhan/Library/Developer/Xcode/DerivedData/AirSync-eadfyjinpqayikbfwaonzliglerl/SourcePackages/checkouts/QRCode/build/Debug/QRCode_QRCode.bundle/Contents/Resources/PrivacyInfo.xcprivacy /Users/samikhan/Library/Developer/Xcode/DerivedData/AirSync-eadfyjinpqayikbfwaonzliglerl/SourcePackages/checkouts/QRCode/Sources/QRCode/PrivacyInfo.xcprivacy (in target 'QRCode_QRCode' from project 'QRCode')
    cd /Users/samikhan/Library/Developer/Xcode/DerivedData/AirSync-eadfyjinpqayikbfwaonzliglerl/SourcePackages/checkouts/QRCode
    builtin-copy -exclude .DS_Store -exclude CVS -exclude .svn -exclude .git -exclude .hg -resolve-src-symlinks /Users/samikhan/Library/Developer/Xcode/DerivedData/AirSync-eadfyjinpqayikbfwaonzliglerl/SourcePackages/checkouts/QRCode/Sources/QRCode/PrivacyInfo.xcprivacy /Users/samikhan/Library/Developer/Xcode/DerivedData/AirSync-eadfyjinpqayikbfwaonzliglerl/SourcePackages/checkouts/QRCode/build/Debug/QRCode_QRCode.bundle/Contents/Resources

ProcessInfoPlistFile /Users/samikhan/Library/Developer/Xcode/DerivedData/AirSync-eadfyjinpqayikbfwaonzliglerl/SourcePackages/checkouts/SwiftImageReadWrite/build/Debug/SwiftImageReadWrite_SwiftImageReadWrite.bundle/Contents/Info.plist /Users/samikhan/Library/Developer/Xcode/DerivedData/AirSync-eadfyjinpqayikbfwaonzliglerl/Build/Intermediates.noindex/SwiftImageReadWrite.build/Debug/SwiftImageReadWrite_SwiftImageReadWrite.build/empty-SwiftImageReadWrite_SwiftImageReadWrite.plist (in target 'SwiftImageReadWrite_SwiftImageReadWrite' from project 'SwiftImageReadWrite')
    cd /Users/samikhan/Library/Developer/Xcode/DerivedData/AirSync-eadfyjinpqayikbfwaonzliglerl/SourcePackages/checkouts/SwiftImageReadWrite
    builtin-infoPlistUtility /Users/samikhan/Library/Developer/Xcode/DerivedData/AirSync-eadfyjinpqayikbfwaonzliglerl/Build/Intermediates.noindex/SwiftImageReadWrite.build/Debug/SwiftImageReadWrite_SwiftImageReadWrite.build/empty-SwiftImageReadWrite_SwiftImageReadWrite.plist -producttype com.apple.product-type.bundle -expandbuildsettings -platform macosx -o /Users/samikhan/Library/Developer/Xcode/DerivedData/AirSync-eadfyjinpqayikbfwaonzliglerl/SourcePackages/checkouts/SwiftImageReadWrite/build/Debug/SwiftImageReadWrite_SwiftImageReadWrite.bundle/Contents/Info.plist

CpResource /Users/samikhan/Library/Developer/Xcode/DerivedData/AirSync-eadfyjinpqayikbfwaonzliglerl/SourcePackages/checkouts/SwiftImageReadWrite/build/Debug/SwiftImageReadWrite_SwiftImageReadWrite.bundle/Contents/Resources/PrivacyInfo.xcprivacy /Users/samikhan/Library/Developer/Xcode/DerivedData/AirSync-eadfyjinpqayikbfwaonzliglerl/SourcePackages/checkouts/SwiftImageReadWrite/Sources/SwiftImageReadWrite/PrivacyInfo.xcprivacy (in target 'SwiftImageReadWrite_SwiftImageReadWrite' from project 'SwiftImageReadWrite')
    cd /Users/samikhan/Library/Developer/Xcode/DerivedData/AirSync-eadfyjinpqayikbfwaonzliglerl/SourcePackages/checkouts/SwiftImageReadWrite
    builtin-copy -exclude .DS_Store -exclude CVS -exclude .svn -exclude .git -exclude .hg -resolve-src-symlinks /Users/samikhan/Library/Developer/Xcode/DerivedData/AirSync-eadfyjinpqayikbfwaonzliglerl/SourcePackages/checkouts/SwiftImageReadWrite/Sources/SwiftImageReadWrite/PrivacyInfo.xcprivacy /Users/samikhan/Library/Developer/Xcode/DerivedData/AirSync-eadfyjinpqayikbfwaonzliglerl/SourcePackages/checkouts/SwiftImageReadWrite/build/Debug/SwiftImageReadWrite_SwiftImageReadWrite.bundle/Contents/Resources

ProcessXCFramework /Users/samikhan/Library/Developer/Xcode/DerivedData/AirSync-eadfyjinpqayikbfwaonzliglerl/SourcePackages/artifacts/lottie-spm/Lottie/Lottie.xcframework /Users/samikhan/Library/Developer/Xcode/DerivedData/AirSync-eadfyjinpqayikbfwaonzliglerl/SourcePackages/checkouts/lottie-spm/build/Debug/Lottie.framework macos
    cd /Users/samikhan/Documents/Claude/airsync-mac-main/AirSync.xcodeproj
    builtin-process-xcframework --xcframework /Users/samikhan/Library/Developer/Xcode/DerivedData/AirSync-eadfyjinpqayikbfwaonzliglerl/SourcePackages/artifacts/lottie-spm/Lottie/Lottie.xcframework --platform macos --target-path /Users/samikhan/Library/Developer/Xcode/DerivedData/AirSync-eadfyjinpqayikbfwaonzliglerl/SourcePackages/checkouts/lottie-spm/build/Debug
/Users/samikhan/Library/Developer/Xcode/DerivedData/AirSync-eadfyjinpqayikbfwaonzliglerl/SourcePackages/artifacts/lottie-spm/Lottie/Lottie.xcframework:1:1: note: The identity of “Lottie.xcframework” is not recorded in your project.

ProcessXCFramework /Users/samikhan/Library/Developer/Xcode/DerivedData/AirSync-eadfyjinpqayikbfwaonzliglerl/SourcePackages/artifacts/lottie-spm/Lottie/Lottie.xcframework /Users/samikhan/Library/Developer/Xcode/DerivedData/AirSync-eadfyjinpqayikbfwaonzliglerl/SourcePackages/checkouts/LottieUI/build/Debug/Lottie.framework macos
    cd /Users/samikhan/Documents/Claude/airsync-mac-main/AirSync.xcodeproj
    builtin-process-xcframework --xcframework /Users/samikhan/Library/Developer/Xcode/DerivedData/AirSync-eadfyjinpqayikbfwaonzliglerl/SourcePackages/artifacts/lottie-spm/Lottie/Lottie.xcframework --platform macos --target-path /Users/samikhan/Library/Developer/Xcode/DerivedData/AirSync-eadfyjinpqayikbfwaonzliglerl/SourcePackages/checkouts/LottieUI/build/Debug
/Users/samikhan/Library/Developer/Xcode/DerivedData/AirSync-eadfyjinpqayikbfwaonzliglerl/SourcePackages/artifacts/lottie-spm/Lottie/Lottie.xcframework:1:1: note: The identity of “Lottie.xcframework” is not recorded in your project.

ProcessXCFramework /Users/samikhan/Library/Developer/Xcode/DerivedData/AirSync-eadfyjinpqayikbfwaonzliglerl/SourcePackages/artifacts/lottie-spm/Lottie/Lottie.xcframework /Users/samikhan/Documents/Claude/airsync-mac-main/build/Debug/Lottie.framework macos
    cd /Users/samikhan/Documents/Claude/airsync-mac-main/AirSync.xcodeproj
    builtin-process-xcframework --xcframework /Users/samikhan/Library/Developer/Xcode/DerivedData/AirSync-eadfyjinpqayikbfwaonzliglerl/SourcePackages/artifacts/lottie-spm/Lottie/Lottie.xcframework --platform macos --target-path /Users/samikhan/Documents/Claude/airsync-mac-main/build/Debug
/Users/samikhan/Library/Developer/Xcode/DerivedData/AirSync-eadfyjinpqayikbfwaonzliglerl/SourcePackages/artifacts/lottie-spm/Lottie/Lottie.xcframework:1:1: note: The identity of “Lottie.xcframework” is not recorded in your project.

ProcessXCFramework /Users/samikhan/Library/Developer/Xcode/DerivedData/AirSync-eadfyjinpqayikbfwaonzliglerl/SourcePackages/artifacts/sparkle/Sparkle/Sparkle.xcframework /Users/samikhan/Documents/Claude/airsync-mac-main/build/Debug/Sparkle.framework macos
    cd /Users/samikhan/Documents/Claude/airsync-mac-main/AirSync.xcodeproj
    builtin-process-xcframework --xcframework /Users/samikhan/Library/Developer/Xcode/DerivedData/AirSync-eadfyjinpqayikbfwaonzliglerl/SourcePackages/artifacts/sparkle/Sparkle/Sparkle.xcframework --platform macos --target-path /Users/samikhan/Documents/Claude/airsync-mac-main/build/Debug

ProcessXCFramework /Users/samikhan/Library/Developer/Xcode/DerivedData/AirSync-eadfyjinpqayikbfwaonzliglerl/SourcePackages/artifacts/sparkle/Sparkle/Sparkle.xcframework /Users/samikhan/Library/Developer/Xcode/DerivedData/AirSync-eadfyjinpqayikbfwaonzliglerl/SourcePackages/checkouts/Sparkle/build/Debug/Sparkle.framework macos
    cd /Users/samikhan/Documents/Claude/airsync-mac-main/AirSync.xcodeproj
    builtin-process-xcframework --xcframework /Users/samikhan/Library/Developer/Xcode/DerivedData/AirSync-eadfyjinpqayikbfwaonzliglerl/SourcePackages/artifacts/sparkle/Sparkle/Sparkle.xcframework --platform macos --target-path /Users/samikhan/Library/Developer/Xcode/DerivedData/AirSync-eadfyjinpqayikbfwaonzliglerl/SourcePackages/checkouts/Sparkle/build/Debug

RegisterExecutionPolicyException /Users/samikhan/Library/Developer/Xcode/DerivedData/AirSync-eadfyjinpqayikbfwaonzliglerl/SourcePackages/checkouts/SwiftImageReadWrite/build/Debug/SwiftImageReadWrite_SwiftImageReadWrite.bundle (in target 'SwiftImageReadWrite_SwiftImageReadWrite' from project 'SwiftImageReadWrite')
    cd /Users/samikhan/Library/Developer/Xcode/DerivedData/AirSync-eadfyjinpqayikbfwaonzliglerl/SourcePackages/checkouts/SwiftImageReadWrite
    builtin-RegisterExecutionPolicyException /Users/samikhan/Library/Developer/Xcode/DerivedData/AirSync-eadfyjinpqayikbfwaonzliglerl/SourcePackages/checkouts/SwiftImageReadWrite/build/Debug/SwiftImageReadWrite_SwiftImageReadWrite.bundle

RegisterExecutionPolicyException /Users/samikhan/Library/Developer/Xcode/DerivedData/AirSync-eadfyjinpqayikbfwaonzliglerl/SourcePackages/checkouts/QRCode/build/Debug/QRCode_QRCode.bundle (in target 'QRCode_QRCode' from project 'QRCode')
    cd /Users/samikhan/Library/Developer/Xcode/DerivedData/AirSync-eadfyjinpqayikbfwaonzliglerl/SourcePackages/checkouts/QRCode
    builtin-RegisterExecutionPolicyException /Users/samikhan/Library/Developer/Xcode/DerivedData/AirSync-eadfyjinpqayikbfwaonzliglerl/SourcePackages/checkouts/QRCode/build/Debug/QRCode_QRCode.bundle

Touch /Users/samikhan/Library/Developer/Xcode/DerivedData/AirSync-eadfyjinpqayikbfwaonzliglerl/SourcePackages/checkouts/QRCode/build/Debug/QRCode_QRCode.bundle (in target 'QRCode_QRCode' from project 'QRCode')
    cd /Users/samikhan/Library/Developer/Xcode/DerivedData/AirSync-eadfyjinpqayikbfwaonzliglerl/SourcePackages/checkouts/QRCode
    /usr/bin/touch -c /Users/samikhan/Library/Developer/Xcode/DerivedData/AirSync-eadfyjinpqayikbfwaonzliglerl/SourcePackages/checkouts/QRCode/build/Debug/QRCode_QRCode.bundle

Touch /Users/samikhan/Library/Developer/Xcode/DerivedData/AirSync-eadfyjinpqayikbfwaonzliglerl/SourcePackages/checkouts/SwiftImageReadWrite/build/Debug/SwiftImageReadWrite_SwiftImageReadWrite.bundle (in target 'SwiftImageReadWrite_SwiftImageReadWrite' from project 'SwiftImageReadWrite')
    cd /Users/samikhan/Library/Developer/Xcode/DerivedData/AirSync-eadfyjinpqayikbfwaonzliglerl/SourcePackages/checkouts/SwiftImageReadWrite
    /usr/bin/touch -c /Users/samikhan/Library/Developer/Xcode/DerivedData/AirSync-eadfyjinpqayikbfwaonzliglerl/SourcePackages/checkouts/SwiftImageReadWrite/build/Debug/SwiftImageReadWrite_SwiftImageReadWrite.bundle

SwiftDriver Swifter normal arm64 com.apple.xcode.tools.swift.compiler (in target 'Swifter' from project 'Swifter')
    cd /Users/samikhan/Documents/Claude/airsync-mac-main/AirSync.xcodeproj
    builtin-SwiftDriver -- /Applications/Xcode.app/Contents/Developer/Toolchains/XcodeDefault.xctoolchain/usr/bin/swiftc -module-name Swifter -Onone -enforce-exclusivity\=checked @/Users/samikhan/Library/Developer/Xcode/DerivedData/AirSync-eadfyjinpqayikbfwaonzliglerl/Build/Intermediates.noindex/Swifter.build/Debug/Swifter.build/Objects-normal/arm64/Swifter.SwiftFileList -DSWIFT_PACKAGE -DDEBUG -DSWIFT_MODULE_RESOURCE_BUNDLE_UNAVAILABLE -DXcode -plugin-path /Applications/Xcode.app/Contents/Developer/Toolchains/XcodeDefault.xctoolchain/usr/lib/swift/host/plugins/testing -enable-experimental-feature DebugDescriptionMacro -sdk /Applications/Xcode.app/Contents/Developer/Platforms/MacOSX.platform/Developer/SDKs/MacOSX26.2.sdk -target arm64-apple-macos10.13 -g -module-cache-path /Users/samikhan/Library/Developer/Xcode/DerivedData/ModuleCache.noindex -Xfrontend -serialize-debugging-options -enable-testing -suppress-warnings -index-store-path /Users/samikhan/Library/Developer/Xcode/DerivedData/AirSync-eadfyjinpqayikbfwaonzliglerl/Index.noindex/DataStore -Xcc -D_LIBCPP_HARDENING_MODE\=_LIBCPP_HARDENING_MODE_DEBUG -swift-version 5 -I /Users/samikhan/Library/Developer/Xcode/DerivedData/AirSync-eadfyjinpqayikbfwaonzliglerl/SourcePackages/checkouts/swifter/build/Debug -Isystem /Applications/Xcode.app/Contents/Developer/Platforms/MacOSX.platform/Developer/usr/lib -F /Users/samikhan/Library/Developer/Xcode/DerivedData/AirSync-eadfyjinpqayikbfwaonzliglerl/SourcePackages/checkouts/swifter/build/Debug -F /Applications/Xcode.app/Contents/Developer/Platforms/MacOSX.platform/Developer/Library/Frameworks -c -j8 -enable-batch-mode -incremental -Xcc -ivfsstatcache -Xcc /Users/samikhan/Library/Developer/Xcode/DerivedData/SDKStatCaches.noindex/macosx26.2-25C57-00fa09913b459cbbc988d1f6730289ae.sdkstatcache -output-file-map /Users/samikhan/Library/Developer/Xcode/DerivedData/AirSync-eadfyjinpqayikbfwaonzliglerl/Build/Intermediates.noindex/Swifter.build/Debug/Swifter.build/Objects-normal/arm64/Swifter-OutputFileMap.json -use-frontend-parseable-output -save-temps -no-color-diagnostics -explicit-module-build -module-cache-path /Users/samikhan/Library/Developer/Xcode/DerivedData/AirSync-eadfyjinpqayikbfwaonzliglerl/Build/Intermediates.noindex/SwiftExplicitPrecompiledModules -clang-scanner-module-cache-path /Users/samikhan/Library/Developer/Xcode/DerivedData/ModuleCache.noindex -sdk-module-cache-path /Users/samikhan/Library/Developer/Xcode/DerivedData/ModuleCache.noindex -serialize-diagnostics -emit-dependencies -emit-module -emit-module-path /Users/samikhan/Library/Developer/Xcode/DerivedData/AirSync-eadfyjinpqayikbfwaonzliglerl/Build/Intermediates.noindex/Swifter.build/Debug/Swifter.build/Objects-normal/arm64/Swifter.swiftmodule -validate-clang-modules-once -clang-build-session-file /Users/samikhan/Library/Developer/Xcode/DerivedData/ModuleCache.noindex/Session.modulevalidation -Xcc -I/Users/samikhan/Library/Developer/Xcode/DerivedData/AirSync-eadfyjinpqayikbfwaonzliglerl/Build/Intermediates.noindex/Swifter.build/Debug/Swifter.build/swift-overrides.hmap -emit-const-values -Xfrontend -const-gather-protocols-file -Xfrontend /Users/samikhan/Library/Developer/Xcode/DerivedData/AirSync-eadfyjinpqayikbfwaonzliglerl/Build/Intermediates.noindex/Swifter.build/Debug/Swifter.build/Objects-normal/arm64/Swifter_const_extract_protocols.json -Xcc -I/Users/samikhan/Library/Developer/Xcode/DerivedData/AirSync-eadfyjinpqayikbfwaonzliglerl/SourcePackages/checkouts/swifter/build/Debug/include -Xcc -I/Users/samikhan/Library/Developer/Xcode/DerivedData/AirSync-eadfyjinpqayikbfwaonzliglerl/Build/Intermediates.noindex/Swifter.build/Debug/Swifter.build/DerivedSources-normal/arm64 -Xcc -I/Users/samikhan/Library/Developer/Xcode/DerivedData/AirSync-eadfyjinpqayikbfwaonzliglerl/Build/Intermediates.noindex/Swifter.build/Debug/Swifter.build/DerivedSources/arm64 -Xcc -I/Users/samikhan/Library/Developer/Xcode/DerivedData/AirSync-eadfyjinpqayikbfwaonzliglerl/Build/Intermediates.noindex/Swifter.build/Debug/Swifter.build/DerivedSources -Xcc -DSWIFT_PACKAGE -Xcc -DDEBUG\=1 -emit-objc-header -emit-objc-header-path /Users/samikhan/Library/Developer/Xcode/DerivedData/AirSync-eadfyjinpqayikbfwaonzliglerl/Build/Intermediates.noindex/Swifter.build/Debug/Swifter.build/Objects-normal/arm64/Swifter-Swift.h -working-directory /Users/samikhan/Documents/Claude/airsync-mac-main/AirSync.xcodeproj -experimental-emit-module-separately -disable-cmo

SwiftDriver SwiftImageReadWrite normal arm64 com.apple.xcode.tools.swift.compiler (in target 'SwiftImageReadWrite' from project 'SwiftImageReadWrite')
    cd /Users/samikhan/Documents/Claude/airsync-mac-main/AirSync.xcodeproj
    builtin-SwiftDriver -- /Applications/Xcode.app/Contents/Developer/Toolchains/XcodeDefault.xctoolchain/usr/bin/swiftc -module-name SwiftImageReadWrite -Onone -enforce-exclusivity\=checked @/Users/samikhan/Library/Developer/Xcode/DerivedData/AirSync-eadfyjinpqayikbfwaonzliglerl/Build/Intermediates.noindex/SwiftImageReadWrite.build/Debug/SwiftImageReadWrite.build/Objects-normal/arm64/SwiftImageReadWrite.SwiftFileList -DSWIFT_PACKAGE -DDEBUG -DSWIFT_MODULE_RESOURCE_BUNDLE_AVAILABLE -DXcode -plugin-path /Applications/Xcode.app/Contents/Developer/Toolchains/XcodeDefault.xctoolchain/usr/lib/swift/host/plugins/testing -enable-experimental-feature DebugDescriptionMacro -sdk /Applications/Xcode.app/Contents/Developer/Platforms/MacOSX.platform/Developer/SDKs/MacOSX26.2.sdk -target arm64-apple-macos10.13 -g -module-cache-path /Users/samikhan/Library/Developer/Xcode/DerivedData/ModuleCache.noindex -Xfrontend -serialize-debugging-options -enable-testing -suppress-warnings -index-store-path /Users/samikhan/Library/Developer/Xcode/DerivedData/AirSync-eadfyjinpqayikbfwaonzliglerl/Index.noindex/DataStore -Xcc -D_LIBCPP_HARDENING_MODE\=_LIBCPP_HARDENING_MODE_DEBUG -swift-version 5 -I /Users/samikhan/Library/Developer/Xcode/DerivedData/AirSync-eadfyjinpqayikbfwaonzliglerl/SourcePackages/checkouts/SwiftImageReadWrite/build/Debug -Isystem /Applications/Xcode.app/Contents/Developer/Platforms/MacOSX.platform/Developer/usr/lib -F /Users/samikhan/Library/Developer/Xcode/DerivedData/AirSync-eadfyjinpqayikbfwaonzliglerl/SourcePackages/checkouts/SwiftImageReadWrite/build/Debug -F /Applications/Xcode.app/Contents/Developer/Platforms/MacOSX.platform/Developer/Library/Frameworks -c -j8 -enable-batch-mode -incremental -Xcc -ivfsstatcache -Xcc /Users/samikhan/Library/Developer/Xcode/DerivedData/SDKStatCaches.noindex/macosx26.2-25C57-00fa09913b459cbbc988d1f6730289ae.sdkstatcache -output-file-map /Users/samikhan/Library/Developer/Xcode/DerivedData/AirSync-eadfyjinpqayikbfwaonzliglerl/Build/Intermediates.noindex/SwiftImageReadWrite.build/Debug/SwiftImageReadWrite.build/Objects-normal/arm64/SwiftImageReadWrite-OutputFileMap.json -use-frontend-parseable-output -save-temps -no-color-diagnostics -explicit-module-build -module-cache-path /Users/samikhan/Library/Developer/Xcode/DerivedData/AirSync-eadfyjinpqayikbfwaonzliglerl/Build/Intermediates.noindex/SwiftExplicitPrecompiledModules -clang-scanner-module-cache-path /Users/samikhan/Library/Developer/Xcode/DerivedData/ModuleCache.noindex -sdk-module-cache-path /Users/samikhan/Library/Developer/Xcode/DerivedData/ModuleCache.noindex -serialize-diagnostics -emit-dependencies -emit-module -emit-module-path /Users/samikhan/Library/Developer/Xcode/DerivedData/AirSync-eadfyjinpqayikbfwaonzliglerl/Build/Intermediates.noindex/SwiftImageReadWrite.build/Debug/SwiftImageReadWrite.build/Objects-normal/arm64/SwiftImageReadWrite.swiftmodule -validate-clang-modules-once -clang-build-session-file /Users/samikhan/Library/Developer/Xcode/DerivedData/ModuleCache.noindex/Session.modulevalidation -Xcc -I/Users/samikhan/Library/Developer/Xcode/DerivedData/AirSync-eadfyjinpqayikbfwaonzliglerl/Build/Intermediates.noindex/SwiftImageReadWrite.build/Debug/SwiftImageReadWrite.build/swift-overrides.hmap -emit-const-values -Xfrontend -const-gather-protocols-file -Xfrontend /Users/samikhan/Library/Developer/Xcode/DerivedData/AirSync-eadfyjinpqayikbfwaonzliglerl/Build/Intermediates.noindex/SwiftImageReadWrite.build/Debug/SwiftImageReadWrite.build/Objects-normal/arm64/SwiftImageReadWrite_const_extract_protocols.json -Xcc -I/Users/samikhan/Library/Developer/Xcode/DerivedData/AirSync-eadfyjinpqayikbfwaonzliglerl/SourcePackages/checkouts/SwiftImageReadWrite/build/Debug/include -Xcc -I/Users/samikhan/Library/Developer/Xcode/DerivedData/AirSync-eadfyjinpqayikbfwaonzliglerl/Build/Intermediates.noindex/SwiftImageReadWrite.build/Debug/SwiftImageReadWrite.build/DerivedSources-normal/arm64 -Xcc -I/Users/samikhan/Library/Developer/Xcode/DerivedData/AirSync-eadfyjinpqayikbfwaonzliglerl/Build/Intermediates.noindex/SwiftImageReadWrite.build/Debug/SwiftImageReadWrite.build/DerivedSources/arm64 -Xcc -I/Users/samikhan/Library/Developer/Xcode/DerivedData/AirSync-eadfyjinpqayikbfwaonzliglerl/Build/Intermediates.noindex/SwiftImageReadWrite.build/Debug/SwiftImageReadWrite.build/DerivedSources -Xcc -DSWIFT_PACKAGE -Xcc -DDEBUG\=1 -emit-objc-header -emit-objc-header-path /Users/samikhan/Library/Developer/Xcode/DerivedData/AirSync-eadfyjinpqayikbfwaonzliglerl/Build/Intermediates.noindex/SwiftImageReadWrite.build/Debug/SwiftImageReadWrite.build/Objects-normal/arm64/SwiftImageReadWrite-Swift.h -working-directory /Users/samikhan/Documents/Claude/airsync-mac-main/AirSync.xcodeproj -experimental-emit-module-separately -disable-cmo

SwiftDriver _LottieStub normal arm64 com.apple.xcode.tools.swift.compiler (in target '_LottieStub' from project 'Lottie')
    cd /Users/samikhan/Documents/Claude/airsync-mac-main/AirSync.xcodeproj
    builtin-SwiftDriver -- /Applications/Xcode.app/Contents/Developer/Toolchains/XcodeDefault.xctoolchain/usr/bin/swiftc -module-name _LottieStub -Onone -enforce-exclusivity\=checked @/Users/samikhan/Library/Developer/Xcode/DerivedData/AirSync-eadfyjinpqayikbfwaonzliglerl/Build/Intermediates.noindex/Lottie.build/Debug/_LottieStub.build/Objects-normal/arm64/_LottieStub.SwiftFileList -DSWIFT_PACKAGE -DDEBUG -DSWIFT_MODULE_RESOURCE_BUNDLE_UNAVAILABLE -DXcode -plugin-path /Applications/Xcode.app/Contents/Developer/Toolchains/XcodeDefault.xctoolchain/usr/lib/swift/host/plugins/testing -enable-experimental-feature DebugDescriptionMacro -sdk /Applications/Xcode.app/Contents/Developer/Platforms/MacOSX.platform/Developer/SDKs/MacOSX26.2.sdk -target arm64-apple-macos10.15 -g -module-cache-path /Users/samikhan/Library/Developer/Xcode/DerivedData/ModuleCache.noindex -Xfrontend -serialize-debugging-options -enable-testing -suppress-warnings -index-store-path /Users/samikhan/Library/Developer/Xcode/DerivedData/AirSync-eadfyjinpqayikbfwaonzliglerl/Index.noindex/DataStore -Xcc -D_LIBCPP_HARDENING_MODE\=_LIBCPP_HARDENING_MODE_DEBUG -swift-version 5 -I /Users/samikhan/Library/Developer/Xcode/DerivedData/AirSync-eadfyjinpqayikbfwaonzliglerl/SourcePackages/checkouts/lottie-spm/build/Debug -Isystem /Applications/Xcode.app/Contents/Developer/Platforms/MacOSX.platform/Developer/usr/lib -F /Users/samikhan/Library/Developer/Xcode/DerivedData/AirSync-eadfyjinpqayikbfwaonzliglerl/SourcePackages/checkouts/lottie-spm/build/Debug -F /Applications/Xcode.app/Contents/Developer/Platforms/MacOSX.platform/Developer/Library/Frameworks -parse-as-library -c -j8 -enable-batch-mode -incremental -Xcc -ivfsstatcache -Xcc /Users/samikhan/Library/Developer/Xcode/DerivedData/SDKStatCaches.noindex/macosx26.2-25C57-00fa09913b459cbbc988d1f6730289ae.sdkstatcache -output-file-map /Users/samikhan/Library/Developer/Xcode/DerivedData/AirSync-eadfyjinpqayikbfwaonzliglerl/Build/Intermediates.noindex/Lottie.build/Debug/_LottieStub.build/Objects-normal/arm64/_LottieStub-OutputFileMap.json -use-frontend-parseable-output -save-temps -no-color-diagnostics -explicit-module-build -module-cache-path /Users/samikhan/Library/Developer/Xcode/DerivedData/AirSync-eadfyjinpqayikbfwaonzliglerl/Build/Intermediates.noindex/SwiftExplicitPrecompiledModules -clang-scanner-module-cache-path /Users/samikhan/Library/Developer/Xcode/DerivedData/ModuleCache.noindex -sdk-module-cache-path /Users/samikhan/Library/Developer/Xcode/DerivedData/ModuleCache.noindex -serialize-diagnostics -emit-dependencies -emit-module -emit-module-path /Users/samikhan/Library/Developer/Xcode/DerivedData/AirSync-eadfyjinpqayikbfwaonzliglerl/Build/Intermediates.noindex/Lottie.build/Debug/_LottieStub.build/Objects-normal/arm64/_LottieStub.swiftmodule -validate-clang-modules-once -clang-build-session-file /Users/samikhan/Library/Developer/Xcode/DerivedData/ModuleCache.noindex/Session.modulevalidation -Xcc -I/Users/samikhan/Library/Developer/Xcode/DerivedData/AirSync-eadfyjinpqayikbfwaonzliglerl/Build/Intermediates.noindex/Lottie.build/Debug/_LottieStub.build/swift-overrides.hmap -emit-const-values -Xfrontend -const-gather-protocols-file -Xfrontend /Users/samikhan/Library/Developer/Xcode/DerivedData/AirSync-eadfyjinpqayikbfwaonzliglerl/Build/Intermediates.noindex/Lottie.build/Debug/_LottieStub.build/Objects-normal/arm64/_LottieStub_const_extract_protocols.json -Xcc -I/Users/samikhan/Library/Developer/Xcode/DerivedData/AirSync-eadfyjinpqayikbfwaonzliglerl/SourcePackages/checkouts/lottie-spm/build/Debug/include -Xcc -I/Users/samikhan/Library/Developer/Xcode/DerivedData/AirSync-eadfyjinpqayikbfwaonzliglerl/Build/Intermediates.noindex/Lottie.build/Debug/_LottieStub.build/DerivedSources-normal/arm64 -Xcc -I/Users/samikhan/Library/Developer/Xcode/DerivedData/AirSync-eadfyjinpqayikbfwaonzliglerl/Build/Intermediates.noindex/Lottie.build/Debug/_LottieStub.build/DerivedSources/arm64 -Xcc -I/Users/samikhan/Library/Developer/Xcode/DerivedData/AirSync-eadfyjinpqayikbfwaonzliglerl/Build/Intermediates.noindex/Lottie.build/Debug/_LottieStub.build/DerivedSources -Xcc -DSWIFT_PACKAGE -Xcc -DDEBUG\=1 -emit-objc-header -emit-objc-header-path /Users/samikhan/Library/Developer/Xcode/DerivedData/AirSync-eadfyjinpqayikbfwaonzliglerl/Build/Intermediates.noindex/Lottie.build/Debug/_LottieStub.build/Objects-normal/arm64/_LottieStub-Swift.h -working-directory /Users/samikhan/Documents/Claude/airsync-mac-main/AirSync.xcodeproj -experimental-emit-module-separately -disable-cmo

SwiftDriver QRCodeGenerator normal arm64 com.apple.xcode.tools.swift.compiler (in target 'QRCodeGenerator' from project 'swift-qrcode-generator')
    cd /Users/samikhan/Documents/Claude/airsync-mac-main/AirSync.xcodeproj
    builtin-SwiftDriver -- /Applications/Xcode.app/Contents/Developer/Toolchains/XcodeDefault.xctoolchain/usr/bin/swiftc -module-name QRCodeGenerator -Onone -enforce-exclusivity\=checked @/Users/samikhan/Library/Developer/Xcode/DerivedData/AirSync-eadfyjinpqayikbfwaonzliglerl/Build/Intermediates.noindex/swift-qrcode-generator.build/Debug/QRCodeGenerator.build/Objects-normal/arm64/QRCodeGenerator.SwiftFileList -DSWIFT_PACKAGE -DDEBUG -DSWIFT_MODULE_RESOURCE_BUNDLE_UNAVAILABLE -DXcode -plugin-path /Applications/Xcode.app/Contents/Developer/Toolchains/XcodeDefault.xctoolchain/usr/lib/swift/host/plugins/testing -enable-experimental-feature DebugDescriptionMacro -sdk /Applications/Xcode.app/Contents/Developer/Platforms/MacOSX.platform/Developer/SDKs/MacOSX26.2.sdk -target arm64-apple-macos10.13 -g -module-cache-path /Users/samikhan/Library/Developer/Xcode/DerivedData/ModuleCache.noindex -Xfrontend -serialize-debugging-options -enable-testing -suppress-warnings -index-store-path /Users/samikhan/Library/Developer/Xcode/DerivedData/AirSync-eadfyjinpqayikbfwaonzliglerl/Index.noindex/DataStore -Xcc -D_LIBCPP_HARDENING_MODE\=_LIBCPP_HARDENING_MODE_DEBUG -swift-version 5 -I /Users/samikhan/Library/Developer/Xcode/DerivedData/AirSync-eadfyjinpqayikbfwaonzliglerl/SourcePackages/checkouts/swift-qrcode-generator/build/Debug -Isystem /Applications/Xcode.app/Contents/Developer/Platforms/MacOSX.platform/Developer/usr/lib -F /Users/samikhan/Library/Developer/Xcode/DerivedData/AirSync-eadfyjinpqayikbfwaonzliglerl/SourcePackages/checkouts/swift-qrcode-generator/build/Debug -F /Applications/Xcode.app/Contents/Developer/Platforms/MacOSX.platform/Developer/Library/Frameworks -c -j8 -enable-batch-mode -incremental -Xcc -ivfsstatcache -Xcc /Users/samikhan/Library/Developer/Xcode/DerivedData/SDKStatCaches.noindex/macosx26.2-25C57-00fa09913b459cbbc988d1f6730289ae.sdkstatcache -output-file-map /Users/samikhan/Library/Developer/Xcode/DerivedData/AirSync-eadfyjinpqayikbfwaonzliglerl/Build/Intermediates.noindex/swift-qrcode-generator.build/Debug/QRCodeGenerator.build/Objects-normal/arm64/QRCodeGenerator-OutputFileMap.json -use-frontend-parseable-output -save-temps -no-color-diagnostics -explicit-module-build -module-cache-path /Users/samikhan/Library/Developer/Xcode/DerivedData/AirSync-eadfyjinpqayikbfwaonzliglerl/Build/Intermediates.noindex/SwiftExplicitPrecompiledModules -clang-scanner-module-cache-path /Users/samikhan/Library/Developer/Xcode/DerivedData/ModuleCache.noindex -sdk-module-cache-path /Users/samikhan/Library/Developer/Xcode/DerivedData/ModuleCache.noindex -serialize-diagnostics -emit-dependencies -emit-module -emit-module-path /Users/samikhan/Library/Developer/Xcode/DerivedData/AirSync-eadfyjinpqayikbfwaonzliglerl/Build/Intermediates.noindex/swift-qrcode-generator.build/Debug/QRCodeGenerator.build/Objects-normal/arm64/QRCodeGenerator.swiftmodule -validate-clang-modules-once -clang-build-session-file /Users/samikhan/Library/Developer/Xcode/DerivedData/ModuleCache.noindex/Session.modulevalidation -Xcc -I/Users/samikhan/Library/Developer/Xcode/DerivedData/AirSync-eadfyjinpqayikbfwaonzliglerl/Build/Intermediates.noindex/swift-qrcode-generator.build/Debug/QRCodeGenerator.build/swift-overrides.hmap -emit-const-values -Xfrontend -const-gather-protocols-file -Xfrontend /Users/samikhan/Library/Developer/Xcode/DerivedData/AirSync-eadfyjinpqayikbfwaonzliglerl/Build/Intermediates.noindex/swift-qrcode-generator.build/Debug/QRCodeGenerator.build/Objects-normal/arm64/QRCodeGenerator_const_extract_protocols.json -Xcc -I/Users/samikhan/Library/Developer/Xcode/DerivedData/AirSync-eadfyjinpqayikbfwaonzliglerl/SourcePackages/checkouts/swift-qrcode-generator/build/Debug/include -Xcc -I/Users/samikhan/Library/Developer/Xcode/DerivedData/AirSync-eadfyjinpqayikbfwaonzliglerl/Build/Intermediates.noindex/swift-qrcode-generator.build/Debug/QRCodeGenerator.build/DerivedSources-normal/arm64 -Xcc -I/Users/samikhan/Library/Developer/Xcode/DerivedData/AirSync-eadfyjinpqayikbfwaonzliglerl/Build/Intermediates.noindex/swift-qrcode-generator.build/Debug/QRCodeGenerator.build/DerivedSources/arm64 -Xcc -I/Users/samikhan/Library/Developer/Xcode/DerivedData/AirSync-eadfyjinpqayikbfwaonzliglerl/Build/Intermediates.noindex/swift-qrcode-generator.build/Debug/QRCodeGenerator.build/DerivedSources -Xcc -DSWIFT_PACKAGE -Xcc -DDEBUG\=1 -emit-objc-header -emit-objc-header-path /Users/samikhan/Library/Developer/Xcode/DerivedData/AirSync-eadfyjinpqayikbfwaonzliglerl/Build/Intermediates.noindex/swift-qrcode-generator.build/Debug/QRCodeGenerator.build/Objects-normal/arm64/QRCodeGenerator-Swift.h -working-directory /Users/samikhan/Documents/Claude/airsync-mac-main/AirSync.xcodeproj -experimental-emit-module-separately -disable-cmo

WriteAuxiliaryFile /Users/samikhan/Library/Developer/Xcode/DerivedData/AirSync-eadfyjinpqayikbfwaonzliglerl/Build/Intermediates.noindex/AirSync.build/Debug/AirSync.build/Objects-normal/arm64/AirSync_const_extract_protocols.json (in target 'AirSync' from project 'AirSync')
    cd /Users/samikhan/Documents/Claude/airsync-mac-main
    write-file /Users/samikhan/Library/Developer/Xcode/DerivedData/AirSync-eadfyjinpqayikbfwaonzliglerl/Build/Intermediates.noindex/AirSync.build/Debug/AirSync.build/Objects-normal/arm64/AirSync_const_extract_protocols.json

WriteAuxiliaryFile /Users/samikhan/Library/Developer/Xcode/DerivedData/AirSync-eadfyjinpqayikbfwaonzliglerl/Build/Intermediates.noindex/AirSync.build/Debug/AirSync.build/Objects-normal/arm64/AirSync.SwiftFileList (in target 'AirSync' from project 'AirSync')
    cd /Users/samikhan/Documents/Claude/airsync-mac-main
    write-file /Users/samikhan/Library/Developer/Xcode/DerivedData/AirSync-eadfyjinpqayikbfwaonzliglerl/Build/Intermediates.noindex/AirSync.build/Debug/AirSync.build/Objects-normal/arm64/AirSync.SwiftFileList

WriteAuxiliaryFile /Users/samikhan/Library/Developer/Xcode/DerivedData/AirSync-eadfyjinpqayikbfwaonzliglerl/Build/Intermediates.noindex/AirSync.build/Debug/AirSync.build/Objects-normal/arm64/AirSync.SwiftConstValuesFileList (in target 'AirSync' from project 'AirSync')
    cd /Users/samikhan/Documents/Claude/airsync-mac-main
    write-file /Users/samikhan/Library/Developer/Xcode/DerivedData/AirSync-eadfyjinpqayikbfwaonzliglerl/Build/Intermediates.noindex/AirSync.build/Debug/AirSync.build/Objects-normal/arm64/AirSync.SwiftConstValuesFileList

WriteAuxiliaryFile /Users/samikhan/Library/Developer/Xcode/DerivedData/AirSync-eadfyjinpqayikbfwaonzliglerl/Build/Intermediates.noindex/AirSync.build/Debug/AirSync.build/Objects-normal/arm64/AirSync.LinkFileList (in target 'AirSync' from project 'AirSync')
    cd /Users/samikhan/Documents/Claude/airsync-mac-main
    write-file /Users/samikhan/Library/Developer/Xcode/DerivedData/AirSync-eadfyjinpqayikbfwaonzliglerl/Build/Intermediates.noindex/AirSync.build/Debug/AirSync.build/Objects-normal/arm64/AirSync.LinkFileList

WriteAuxiliaryFile /Users/samikhan/Library/Developer/Xcode/DerivedData/AirSync-eadfyjinpqayikbfwaonzliglerl/Build/Intermediates.noindex/AirSync.build/Debug/AirSync.build/Objects-normal/arm64/AirSync-OutputFileMap.json (in target 'AirSync' from project 'AirSync')
    cd /Users/samikhan/Documents/Claude/airsync-mac-main
    write-file /Users/samikhan/Library/Developer/Xcode/DerivedData/AirSync-eadfyjinpqayikbfwaonzliglerl/Build/Intermediates.noindex/AirSync.build/Debug/AirSync.build/Objects-normal/arm64/AirSync-OutputFileMap.json

WriteAuxiliaryFile /Users/samikhan/Library/Developer/Xcode/DerivedData/AirSync-eadfyjinpqayikbfwaonzliglerl/Build/Intermediates.noindex/AirSync.build/Debug/AirSync.build/AirSync.hmap (in target 'AirSync' from project 'AirSync')
    cd /Users/samikhan/Documents/Claude/airsync-mac-main
    write-file /Users/samikhan/Library/Developer/Xcode/DerivedData/AirSync-eadfyjinpqayikbfwaonzliglerl/Build/Intermediates.noindex/AirSync.build/Debug/AirSync.build/AirSync.hmap

WriteAuxiliaryFile /Users/samikhan/Library/Developer/Xcode/DerivedData/AirSync-eadfyjinpqayikbfwaonzliglerl/Build/Intermediates.noindex/AirSync.build/Debug/AirSync.build/AirSync.DependencyStaticMetadataFileList (in target 'AirSync' from project 'AirSync')
    cd /Users/samikhan/Documents/Claude/airsync-mac-main
    write-file /Users/samikhan/Library/Developer/Xcode/DerivedData/AirSync-eadfyjinpqayikbfwaonzliglerl/Build/Intermediates.noindex/AirSync.build/Debug/AirSync.build/AirSync.DependencyStaticMetadataFileList

WriteAuxiliaryFile /Users/samikhan/Library/Developer/Xcode/DerivedData/AirSync-eadfyjinpqayikbfwaonzliglerl/Build/Intermediates.noindex/AirSync.build/Debug/AirSync.build/AirSync.DependencyMetadataFileList (in target 'AirSync' from project 'AirSync')
    cd /Users/samikhan/Documents/Claude/airsync-mac-main
    write-file /Users/samikhan/Library/Developer/Xcode/DerivedData/AirSync-eadfyjinpqayikbfwaonzliglerl/Build/Intermediates.noindex/AirSync.build/Debug/AirSync.build/AirSync.DependencyMetadataFileList

WriteAuxiliaryFile /Users/samikhan/Library/Developer/Xcode/DerivedData/AirSync-eadfyjinpqayikbfwaonzliglerl/Build/Intermediates.noindex/AirSync.build/Debug/AirSync.build/AirSync-project-headers.hmap (in target 'AirSync' from project 'AirSync')
    cd /Users/samikhan/Documents/Claude/airsync-mac-main
    write-file /Users/samikhan/Library/Developer/Xcode/DerivedData/AirSync-eadfyjinpqayikbfwaonzliglerl/Build/Intermediates.noindex/AirSync.build/Debug/AirSync.build/AirSync-project-headers.hmap

WriteAuxiliaryFile /Users/samikhan/Library/Developer/Xcode/DerivedData/AirSync-eadfyjinpqayikbfwaonzliglerl/Build/Intermediates.noindex/AirSync.build/Debug/AirSync.build/AirSync-own-target-headers.hmap (in target 'AirSync' from project 'AirSync')
    cd /Users/samikhan/Documents/Claude/airsync-mac-main
    write-file /Users/samikhan/Library/Developer/Xcode/DerivedData/AirSync-eadfyjinpqayikbfwaonzliglerl/Build/Intermediates.noindex/AirSync.build/Debug/AirSync.build/AirSync-own-target-headers.hmap

WriteAuxiliaryFile /Users/samikhan/Library/Developer/Xcode/DerivedData/AirSync-eadfyjinpqayikbfwaonzliglerl/Build/Intermediates.noindex/AirSync.build/Debug/AirSync.build/AirSync-generated-files.hmap (in target 'AirSync' from project 'AirSync')
    cd /Users/samikhan/Documents/Claude/airsync-mac-main
    write-file /Users/samikhan/Library/Developer/Xcode/DerivedData/AirSync-eadfyjinpqayikbfwaonzliglerl/Build/Intermediates.noindex/AirSync.build/Debug/AirSync.build/AirSync-generated-files.hmap

WriteAuxiliaryFile /Users/samikhan/Library/Developer/Xcode/DerivedData/AirSync-eadfyjinpqayikbfwaonzliglerl/Build/Intermediates.noindex/AirSync.build/Debug/AirSync.build/AirSync-all-target-headers.hmap (in target 'AirSync' from project 'AirSync')
    cd /Users/samikhan/Documents/Claude/airsync-mac-main
    write-file /Users/samikhan/Library/Developer/Xcode/DerivedData/AirSync-eadfyjinpqayikbfwaonzliglerl/Build/Intermediates.noindex/AirSync.build/Debug/AirSync.build/AirSync-all-target-headers.hmap

WriteAuxiliaryFile /Users/samikhan/Library/Developer/Xcode/DerivedData/AirSync-eadfyjinpqayikbfwaonzliglerl/Build/Intermediates.noindex/AirSync.build/Debug/AirSync.build/AirSync-all-non-framework-target-headers.hmap (in target 'AirSync' from project 'AirSync')
    cd /Users/samikhan/Documents/Claude/airsync-mac-main
    write-file /Users/samikhan/Library/Developer/Xcode/DerivedData/AirSync-eadfyjinpqayikbfwaonzliglerl/Build/Intermediates.noindex/AirSync.build/Debug/AirSync.build/AirSync-all-non-framework-target-headers.hmap

WriteAuxiliaryFile /Users/samikhan/Library/Developer/Xcode/DerivedData/AirSync-eadfyjinpqayikbfwaonzliglerl/Build/Intermediates.noindex/AirSync.build/Debug/AirSync.build/AirSync-DebugDylibPath-normal-arm64.txt (in target 'AirSync' from project 'AirSync')
    cd /Users/samikhan/Documents/Claude/airsync-mac-main
    write-file /Users/samikhan/Library/Developer/Xcode/DerivedData/AirSync-eadfyjinpqayikbfwaonzliglerl/Build/Intermediates.noindex/AirSync.build/Debug/AirSync.build/AirSync-DebugDylibPath-normal-arm64.txt

WriteAuxiliaryFile /Users/samikhan/Library/Developer/Xcode/DerivedData/AirSync-eadfyjinpqayikbfwaonzliglerl/Build/Intermediates.noindex/AirSync.build/Debug/AirSync.build/AirSync-DebugDylibInstallName-normal-arm64.txt (in target 'AirSync' from project 'AirSync')
    cd /Users/samikhan/Documents/Claude/airsync-mac-main
    write-file /Users/samikhan/Library/Developer/Xcode/DerivedData/AirSync-eadfyjinpqayikbfwaonzliglerl/Build/Intermediates.noindex/AirSync.build/Debug/AirSync.build/AirSync-DebugDylibInstallName-normal-arm64.txt

MkDir /Users/samikhan/Documents/Claude/airsync-mac-main/build/Debug/AirSync.app/Contents/Resources (in target 'AirSync' from project 'AirSync')
    cd /Users/samikhan/Documents/Claude/airsync-mac-main
    /bin/mkdir -p /Users/samikhan/Documents/Claude/airsync-mac-main/build/Debug/AirSync.app/Contents/Resources

MkDir /Users/samikhan/Documents/Claude/airsync-mac-main/build/Debug/AirSync.app/Contents/MacOS (in target 'AirSync' from project 'AirSync')
    cd /Users/samikhan/Documents/Claude/airsync-mac-main
    /bin/mkdir -p /Users/samikhan/Documents/Claude/airsync-mac-main/build/Debug/AirSync.app/Contents/MacOS

MkDir /Users/samikhan/Documents/Claude/airsync-mac-main/build/Debug/AirSync.app/Contents/Frameworks (in target 'AirSync' from project 'AirSync')
    cd /Users/samikhan/Documents/Claude/airsync-mac-main
    /bin/mkdir -p /Users/samikhan/Documents/Claude/airsync-mac-main/build/Debug/AirSync.app/Contents/Frameworks

MkDir /Users/samikhan/Documents/Claude/airsync-mac-main/build/Debug/AirSync.app/Contents (in target 'AirSync' from project 'AirSync')
    cd /Users/samikhan/Documents/Claude/airsync-mac-main
    /bin/mkdir -p /Users/samikhan/Documents/Claude/airsync-mac-main/build/Debug/AirSync.app/Contents

MkDir /Users/samikhan/Documents/Claude/airsync-mac-main/build/Debug/AirSync.app (in target 'AirSync' from project 'AirSync')
    cd /Users/samikhan/Documents/Claude/airsync-mac-main
    /bin/mkdir -p /Users/samikhan/Documents/Claude/airsync-mac-main/build/Debug/AirSync.app

WriteAuxiliaryFile /Users/samikhan/Library/Developer/Xcode/DerivedData/AirSync-eadfyjinpqayikbfwaonzliglerl/Build/Intermediates.noindex/LottieUI.build/Debug/LottieUI.build/Objects-normal/arm64/LottieUI.SwiftConstValuesFileList (in target 'LottieUI' from project 'LottieUI')
    cd /Users/samikhan/Library/Developer/Xcode/DerivedData/AirSync-eadfyjinpqayikbfwaonzliglerl/SourcePackages/checkouts/LottieUI
    write-file /Users/samikhan/Library/Developer/Xcode/DerivedData/AirSync-eadfyjinpqayikbfwaonzliglerl/Build/Intermediates.noindex/LottieUI.build/Debug/LottieUI.build/Objects-normal/arm64/LottieUI.SwiftConstValuesFileList

WriteAuxiliaryFile /Users/samikhan/Library/Developer/Xcode/DerivedData/AirSync-eadfyjinpqayikbfwaonzliglerl/Build/Intermediates.noindex/LottieUI.build/Debug/LottieUI.build/Objects-normal/arm64/LottieUI.SwiftFileList (in target 'LottieUI' from project 'LottieUI')
    cd /Users/samikhan/Library/Developer/Xcode/DerivedData/AirSync-eadfyjinpqayikbfwaonzliglerl/SourcePackages/checkouts/LottieUI
    write-file /Users/samikhan/Library/Developer/Xcode/DerivedData/AirSync-eadfyjinpqayikbfwaonzliglerl/Build/Intermediates.noindex/LottieUI.build/Debug/LottieUI.build/Objects-normal/arm64/LottieUI.SwiftFileList

WriteAuxiliaryFile /Users/samikhan/Library/Developer/Xcode/DerivedData/AirSync-eadfyjinpqayikbfwaonzliglerl/Build/Intermediates.noindex/LottieUI.build/Debug/LottieUI.build/Objects-normal/arm64/LottieUI_const_extract_protocols.json (in target 'LottieUI' from project 'LottieUI')
    cd /Users/samikhan/Library/Developer/Xcode/DerivedData/AirSync-eadfyjinpqayikbfwaonzliglerl/SourcePackages/checkouts/LottieUI
    write-file /Users/samikhan/Library/Developer/Xcode/DerivedData/AirSync-eadfyjinpqayikbfwaonzliglerl/Build/Intermediates.noindex/LottieUI.build/Debug/LottieUI.build/Objects-normal/arm64/LottieUI_const_extract_protocols.json

WriteAuxiliaryFile /Users/samikhan/Library/Developer/Xcode/DerivedData/AirSync-eadfyjinpqayikbfwaonzliglerl/Build/Intermediates.noindex/LottieUI.build/Debug/LottieUI.build/Objects-normal/arm64/LottieUI.LinkFileList (in target 'LottieUI' from project 'LottieUI')
    cd /Users/samikhan/Library/Developer/Xcode/DerivedData/AirSync-eadfyjinpqayikbfwaonzliglerl/SourcePackages/checkouts/LottieUI
    write-file /Users/samikhan/Library/Developer/Xcode/DerivedData/AirSync-eadfyjinpqayikbfwaonzliglerl/Build/Intermediates.noindex/LottieUI.build/Debug/LottieUI.build/Objects-normal/arm64/LottieUI.LinkFileList

WriteAuxiliaryFile /Users/samikhan/Library/Developer/Xcode/DerivedData/AirSync-eadfyjinpqayikbfwaonzliglerl/Build/Intermediates.noindex/LottieUI.build/Debug/LottieUI.build/Objects-normal/arm64/LottieUI-OutputFileMap.json (in target 'LottieUI' from project 'LottieUI')
    cd /Users/samikhan/Library/Developer/Xcode/DerivedData/AirSync-eadfyjinpqayikbfwaonzliglerl/SourcePackages/checkouts/LottieUI
    write-file /Users/samikhan/Library/Developer/Xcode/DerivedData/AirSync-eadfyjinpqayikbfwaonzliglerl/Build/Intermediates.noindex/LottieUI.build/Debug/LottieUI.build/Objects-normal/arm64/LottieUI-OutputFileMap.json

WriteAuxiliaryFile /Users/samikhan/Library/Developer/Xcode/DerivedData/AirSync-eadfyjinpqayikbfwaonzliglerl/Build/Intermediates.noindex/LottieUI.build/Debug/LottieUI.build/LottieUI.modulemap (in target 'LottieUI' from project 'LottieUI')
    cd /Users/samikhan/Library/Developer/Xcode/DerivedData/AirSync-eadfyjinpqayikbfwaonzliglerl/SourcePackages/checkouts/LottieUI
    write-file /Users/samikhan/Library/Developer/Xcode/DerivedData/AirSync-eadfyjinpqayikbfwaonzliglerl/Build/Intermediates.noindex/LottieUI.build/Debug/LottieUI.build/LottieUI.modulemap

WriteAuxiliaryFile /Users/samikhan/Library/Developer/Xcode/DerivedData/AirSync-eadfyjinpqayikbfwaonzliglerl/Build/Intermediates.noindex/LottieUI.build/Debug/LottieUI.build/LottieUI.DependencyStaticMetadataFileList (in target 'LottieUI' from project 'LottieUI')
    cd /Users/samikhan/Library/Developer/Xcode/DerivedData/AirSync-eadfyjinpqayikbfwaonzliglerl/SourcePackages/checkouts/LottieUI
    write-file /Users/samikhan/Library/Developer/Xcode/DerivedData/AirSync-eadfyjinpqayikbfwaonzliglerl/Build/Intermediates.noindex/LottieUI.build/Debug/LottieUI.build/LottieUI.DependencyStaticMetadataFileList

WriteAuxiliaryFile /Users/samikhan/Library/Developer/Xcode/DerivedData/AirSync-eadfyjinpqayikbfwaonzliglerl/Build/Intermediates.noindex/LottieUI.build/Debug/LottieUI.build/LottieUI.DependencyMetadataFileList (in target 'LottieUI' from project 'LottieUI')
    cd /Users/samikhan/Library/Developer/Xcode/DerivedData/AirSync-eadfyjinpqayikbfwaonzliglerl/SourcePackages/checkouts/LottieUI
    write-file /Users/samikhan/Library/Developer/Xcode/DerivedData/AirSync-eadfyjinpqayikbfwaonzliglerl/Build/Intermediates.noindex/LottieUI.build/Debug/LottieUI.build/LottieUI.DependencyMetadataFileList

Copy /Users/samikhan/Library/Developer/Xcode/DerivedData/AirSync-eadfyjinpqayikbfwaonzliglerl/Build/Intermediates.noindex/GeneratedModuleMaps/LottieUI.modulemap /Users/samikhan/Library/Developer/Xcode/DerivedData/AirSync-eadfyjinpqayikbfwaonzliglerl/Build/Intermediates.noindex/LottieUI.build/Debug/LottieUI.build/LottieUI.modulemap (in target 'LottieUI' from project 'LottieUI')
    cd /Users/samikhan/Library/Developer/Xcode/DerivedData/AirSync-eadfyjinpqayikbfwaonzliglerl/SourcePackages/checkouts/LottieUI
    builtin-copy -exclude .DS_Store -exclude CVS -exclude .svn -exclude .git -exclude .hg -resolve-src-symlinks /Users/samikhan/Library/Developer/Xcode/DerivedData/AirSync-eadfyjinpqayikbfwaonzliglerl/Build/Intermediates.noindex/LottieUI.build/Debug/LottieUI.build/LottieUI.modulemap /Users/samikhan/Library/Developer/Xcode/DerivedData/AirSync-eadfyjinpqayikbfwaonzliglerl/Build/Intermediates.noindex/GeneratedModuleMaps

SwiftEmitModule normal arm64 Emitting\ module\ for\ _LottieStub (in target '_LottieStub' from project 'Lottie')

SwiftCompile normal arm64 /Users/samikhan/Library/Developer/Xcode/DerivedData/AirSync-eadfyjinpqayikbfwaonzliglerl/SourcePackages/checkouts/lottie-spm/Sources/_LottieStub/Stub.swift (in target '_LottieStub' from project 'Lottie')
    cd /Users/samikhan/Documents/Claude/airsync-mac-main/AirSync.xcodeproj
    

SwiftCompile normal arm64 Compiling\ Stub.swift /Users/samikhan/Library/Developer/Xcode/DerivedData/AirSync-eadfyjinpqayikbfwaonzliglerl/SourcePackages/checkouts/lottie-spm/Sources/_LottieStub/Stub.swift (in target '_LottieStub' from project 'Lottie')

SwiftCompile normal arm64 /Users/samikhan/Library/Developer/Xcode/DerivedData/AirSync-eadfyjinpqayikbfwaonzliglerl/SourcePackages/checkouts/lottie-spm/Sources/_LottieStub/Stub.swift (in target '_LottieStub' from project 'Lottie')
    cd /Users/samikhan/Documents/Claude/airsync-mac-main/AirSync.xcodeproj
    

SwiftDriverJobDiscovery normal arm64 Emitting module for _LottieStub (in target '_LottieStub' from project 'Lottie')

SwiftDriver\ Compilation\ Requirements _LottieStub normal arm64 com.apple.xcode.tools.swift.compiler (in target '_LottieStub' from project 'Lottie')
    cd /Users/samikhan/Documents/Claude/airsync-mac-main/AirSync.xcodeproj
    builtin-Swift-Compilation-Requirements -- /Applications/Xcode.app/Contents/Developer/Toolchains/XcodeDefault.xctoolchain/usr/bin/swiftc -module-name _LottieStub -Onone -enforce-exclusivity\=checked @/Users/samikhan/Library/Developer/Xcode/DerivedData/AirSync-eadfyjinpqayikbfwaonzliglerl/Build/Intermediates.noindex/Lottie.build/Debug/_LottieStub.build/Objects-normal/arm64/_LottieStub.SwiftFileList -DSWIFT_PACKAGE -DDEBUG -DSWIFT_MODULE_RESOURCE_BUNDLE_UNAVAILABLE -DXcode -plugin-path /Applications/Xcode.app/Contents/Developer/Toolchains/XcodeDefault.xctoolchain/usr/lib/swift/host/plugins/testing -enable-experimental-feature DebugDescriptionMacro -sdk /Applications/Xcode.app/Contents/Developer/Platforms/MacOSX.platform/Developer/SDKs/MacOSX26.2.sdk -target arm64-apple-macos10.15 -g -module-cache-path /Users/samikhan/Library/Developer/Xcode/DerivedData/ModuleCache.noindex -Xfrontend -serialize-debugging-options -enable-testing -suppress-warnings -index-store-path /Users/samikhan/Library/Developer/Xcode/DerivedData/AirSync-eadfyjinpqayikbfwaonzliglerl/Index.noindex/DataStore -Xcc -D_LIBCPP_HARDENING_MODE\=_LIBCPP_HARDENING_MODE_DEBUG -swift-version 5 -I /Users/samikhan/Library/Developer/Xcode/DerivedData/AirSync-eadfyjinpqayikbfwaonzliglerl/SourcePackages/checkouts/lottie-spm/build/Debug -Isystem /Applications/Xcode.app/Contents/Developer/Platforms/MacOSX.platform/Developer/usr/lib -F /Users/samikhan/Library/Developer/Xcode/DerivedData/AirSync-eadfyjinpqayikbfwaonzliglerl/SourcePackages/checkouts/lottie-spm/build/Debug -F /Applications/Xcode.app/Contents/Developer/Platforms/MacOSX.platform/Developer/Library/Frameworks -parse-as-library -c -j8 -enable-batch-mode -incremental -Xcc -ivfsstatcache -Xcc /Users/samikhan/Library/Developer/Xcode/DerivedData/SDKStatCaches.noindex/macosx26.2-25C57-00fa09913b459cbbc988d1f6730289ae.sdkstatcache -output-file-map /Users/samikhan/Library/Developer/Xcode/DerivedData/AirSync-eadfyjinpqayikbfwaonzliglerl/Build/Intermediates.noindex/Lottie.build/Debug/_LottieStub.build/Objects-normal/arm64/_LottieStub-OutputFileMap.json -use-frontend-parseable-output -save-temps -no-color-diagnostics -explicit-module-build -module-cache-path /Users/samikhan/Library/Developer/Xcode/DerivedData/AirSync-eadfyjinpqayikbfwaonzliglerl/Build/Intermediates.noindex/SwiftExplicitPrecompiledModules -clang-scanner-module-cache-path /Users/samikhan/Library/Developer/Xcode/DerivedData/ModuleCache.noindex -sdk-module-cache-path /Users/samikhan/Library/Developer/Xcode/DerivedData/ModuleCache.noindex -serialize-diagnostics -emit-dependencies -emit-module -emit-module-path /Users/samikhan/Library/Developer/Xcode/DerivedData/AirSync-eadfyjinpqayikbfwaonzliglerl/Build/Intermediates.noindex/Lottie.build/Debug/_LottieStub.build/Objects-normal/arm64/_LottieStub.swiftmodule -validate-clang-modules-once -clang-build-session-file /Users/samikhan/Library/Developer/Xcode/DerivedData/ModuleCache.noindex/Session.modulevalidation -Xcc -I/Users/samikhan/Library/Developer/Xcode/DerivedData/AirSync-eadfyjinpqayikbfwaonzliglerl/Build/Intermediates.noindex/Lottie.build/Debug/_LottieStub.build/swift-overrides.hmap -emit-const-values -Xfrontend -const-gather-protocols-file -Xfrontend /Users/samikhan/Library/Developer/Xcode/DerivedData/AirSync-eadfyjinpqayikbfwaonzliglerl/Build/Intermediates.noindex/Lottie.build/Debug/_LottieStub.build/Objects-normal/arm64/_LottieStub_const_extract_protocols.json -Xcc -I/Users/samikhan/Library/Developer/Xcode/DerivedData/AirSync-eadfyjinpqayikbfwaonzliglerl/SourcePackages/checkouts/lottie-spm/build/Debug/include -Xcc -I/Users/samikhan/Library/Developer/Xcode/DerivedData/AirSync-eadfyjinpqayikbfwaonzliglerl/Build/Intermediates.noindex/Lottie.build/Debug/_LottieStub.build/DerivedSources-normal/arm64 -Xcc -I/Users/samikhan/Library/Developer/Xcode/DerivedData/AirSync-eadfyjinpqayikbfwaonzliglerl/Build/Intermediates.noindex/Lottie.build/Debug/_LottieStub.build/DerivedSources/arm64 -Xcc -I/Users/samikhan/Library/Developer/Xcode/DerivedData/AirSync-eadfyjinpqayikbfwaonzliglerl/Build/Intermediates.noindex/Lottie.build/Debug/_LottieStub.build/DerivedSources -Xcc -DSWIFT_PACKAGE -Xcc -DDEBUG\=1 -emit-objc-header -emit-objc-header-path /Users/samikhan/Library/Developer/Xcode/DerivedData/AirSync-eadfyjinpqayikbfwaonzliglerl/Build/Intermediates.noindex/Lottie.build/Debug/_LottieStub.build/Objects-normal/arm64/_LottieStub-Swift.h -working-directory /Users/samikhan/Documents/Claude/airsync-mac-main/AirSync.xcodeproj -experimental-emit-module-separately -disable-cmo

SwiftMergeGeneratedHeaders /Users/samikhan/Library/Developer/Xcode/DerivedData/AirSync-eadfyjinpqayikbfwaonzliglerl/Build/Intermediates.noindex/GeneratedModuleMaps/_LottieStub-Swift.h /Users/samikhan/Library/Developer/Xcode/DerivedData/AirSync-eadfyjinpqayikbfwaonzliglerl/Build/Intermediates.noindex/Lottie.build/Debug/_LottieStub.build/Objects-normal/arm64/_LottieStub-Swift.h (in target '_LottieStub' from project 'Lottie')
    cd /Users/samikhan/Library/Developer/Xcode/DerivedData/AirSync-eadfyjinpqayikbfwaonzliglerl/SourcePackages/checkouts/lottie-spm
    builtin-swiftHeaderTool -arch arm64 /Users/samikhan/Library/Developer/Xcode/DerivedData/AirSync-eadfyjinpqayikbfwaonzliglerl/Build/Intermediates.noindex/Lottie.build/Debug/_LottieStub.build/Objects-normal/arm64/_LottieStub-Swift.h -o /Users/samikhan/Library/Developer/Xcode/DerivedData/AirSync-eadfyjinpqayikbfwaonzliglerl/Build/Intermediates.noindex/GeneratedModuleMaps/_LottieStub-Swift.h

Copy /Users/samikhan/Library/Developer/Xcode/DerivedData/AirSync-eadfyjinpqayikbfwaonzliglerl/SourcePackages/checkouts/lottie-spm/build/Debug/_LottieStub.swiftmodule/arm64-apple-macos.swiftmodule /Users/samikhan/Library/Developer/Xcode/DerivedData/AirSync-eadfyjinpqayikbfwaonzliglerl/Build/Intermediates.noindex/Lottie.build/Debug/_LottieStub.build/Objects-normal/arm64/_LottieStub.swiftmodule (in target '_LottieStub' from project 'Lottie')
    cd /Users/samikhan/Library/Developer/Xcode/DerivedData/AirSync-eadfyjinpqayikbfwaonzliglerl/SourcePackages/checkouts/lottie-spm
    builtin-copy -exclude .DS_Store -exclude CVS -exclude .svn -exclude .git -exclude .hg -resolve-src-symlinks -rename /Users/samikhan/Library/Developer/Xcode/DerivedData/AirSync-eadfyjinpqayikbfwaonzliglerl/Build/Intermediates.noindex/Lottie.build/Debug/_LottieStub.build/Objects-normal/arm64/_LottieStub.swiftmodule /Users/samikhan/Library/Developer/Xcode/DerivedData/AirSync-eadfyjinpqayikbfwaonzliglerl/SourcePackages/checkouts/lottie-spm/build/Debug/_LottieStub.swiftmodule/arm64-apple-macos.swiftmodule

Copy /Users/samikhan/Library/Developer/Xcode/DerivedData/AirSync-eadfyjinpqayikbfwaonzliglerl/SourcePackages/checkouts/lottie-spm/build/Debug/_LottieStub.swiftmodule/arm64-apple-macos.swiftdoc /Users/samikhan/Library/Developer/Xcode/DerivedData/AirSync-eadfyjinpqayikbfwaonzliglerl/Build/Intermediates.noindex/Lottie.build/Debug/_LottieStub.build/Objects-normal/arm64/_LottieStub.swiftdoc (in target '_LottieStub' from project 'Lottie')
    cd /Users/samikhan/Library/Developer/Xcode/DerivedData/AirSync-eadfyjinpqayikbfwaonzliglerl/SourcePackages/checkouts/lottie-spm
    builtin-copy -exclude .DS_Store -exclude CVS -exclude .svn -exclude .git -exclude .hg -resolve-src-symlinks -rename /Users/samikhan/Library/Developer/Xcode/DerivedData/AirSync-eadfyjinpqayikbfwaonzliglerl/Build/Intermediates.noindex/Lottie.build/Debug/_LottieStub.build/Objects-normal/arm64/_LottieStub.swiftdoc /Users/samikhan/Library/Developer/Xcode/DerivedData/AirSync-eadfyjinpqayikbfwaonzliglerl/SourcePackages/checkouts/lottie-spm/build/Debug/_LottieStub.swiftmodule/arm64-apple-macos.swiftdoc

Copy /Users/samikhan/Library/Developer/Xcode/DerivedData/AirSync-eadfyjinpqayikbfwaonzliglerl/SourcePackages/checkouts/lottie-spm/build/Debug/_LottieStub.swiftmodule/arm64-apple-macos.abi.json /Users/samikhan/Library/Developer/Xcode/DerivedData/AirSync-eadfyjinpqayikbfwaonzliglerl/Build/Intermediates.noindex/Lottie.build/Debug/_LottieStub.build/Objects-normal/arm64/_LottieStub.abi.json (in target '_LottieStub' from project 'Lottie')
    cd /Users/samikhan/Library/Developer/Xcode/DerivedData/AirSync-eadfyjinpqayikbfwaonzliglerl/SourcePackages/checkouts/lottie-spm
    builtin-copy -exclude .DS_Store -exclude CVS -exclude .svn -exclude .git -exclude .hg -resolve-src-symlinks -rename /Users/samikhan/Library/Developer/Xcode/DerivedData/AirSync-eadfyjinpqayikbfwaonzliglerl/Build/Intermediates.noindex/Lottie.build/Debug/_LottieStub.build/Objects-normal/arm64/_LottieStub.abi.json /Users/samikhan/Library/Developer/Xcode/DerivedData/AirSync-eadfyjinpqayikbfwaonzliglerl/SourcePackages/checkouts/lottie-spm/build/Debug/_LottieStub.swiftmodule/arm64-apple-macos.abi.json

Copy /Users/samikhan/Library/Developer/Xcode/DerivedData/AirSync-eadfyjinpqayikbfwaonzliglerl/SourcePackages/checkouts/lottie-spm/build/Debug/_LottieStub.swiftmodule/Project/arm64-apple-macos.swiftsourceinfo /Users/samikhan/Library/Developer/Xcode/DerivedData/AirSync-eadfyjinpqayikbfwaonzliglerl/Build/Intermediates.noindex/Lottie.build/Debug/_LottieStub.build/Objects-normal/arm64/_LottieStub.swiftsourceinfo (in target '_LottieStub' from project 'Lottie')
    cd /Users/samikhan/Library/Developer/Xcode/DerivedData/AirSync-eadfyjinpqayikbfwaonzliglerl/SourcePackages/checkouts/lottie-spm
    builtin-copy -exclude .DS_Store -exclude CVS -exclude .svn -exclude .git -exclude .hg -resolve-src-symlinks -rename /Users/samikhan/Library/Developer/Xcode/DerivedData/AirSync-eadfyjinpqayikbfwaonzliglerl/Build/Intermediates.noindex/Lottie.build/Debug/_LottieStub.build/Objects-normal/arm64/_LottieStub.swiftsourceinfo /Users/samikhan/Library/Developer/Xcode/DerivedData/AirSync-eadfyjinpqayikbfwaonzliglerl/SourcePackages/checkouts/lottie-spm/build/Debug/_LottieStub.swiftmodule/Project/arm64-apple-macos.swiftsourceinfo

SwiftDriver LottieUI normal arm64 com.apple.xcode.tools.swift.compiler (in target 'LottieUI' from project 'LottieUI')
    cd /Users/samikhan/Documents/Claude/airsync-mac-main/AirSync.xcodeproj
    builtin-SwiftDriver -- /Applications/Xcode.app/Contents/Developer/Toolchains/XcodeDefault.xctoolchain/usr/bin/swiftc -module-name LottieUI -Onone -enforce-exclusivity\=checked @/Users/samikhan/Library/Developer/Xcode/DerivedData/AirSync-eadfyjinpqayikbfwaonzliglerl/Build/Intermediates.noindex/LottieUI.build/Debug/LottieUI.build/Objects-normal/arm64/LottieUI.SwiftFileList -DSWIFT_PACKAGE -DDEBUG -DSWIFT_MODULE_RESOURCE_BUNDLE_UNAVAILABLE -DXcode -plugin-path /Applications/Xcode.app/Contents/Developer/Toolchains/XcodeDefault.xctoolchain/usr/lib/swift/host/plugins/testing -enable-experimental-feature DebugDescriptionMacro -sdk /Applications/Xcode.app/Contents/Developer/Platforms/MacOSX.platform/Developer/SDKs/MacOSX26.2.sdk -target arm64-apple-macos10.15 -g -module-cache-path /Users/samikhan/Library/Developer/Xcode/DerivedData/ModuleCache.noindex -Xfrontend -serialize-debugging-options -enable-testing -suppress-warnings -index-store-path /Users/samikhan/Library/Developer/Xcode/DerivedData/AirSync-eadfyjinpqayikbfwaonzliglerl/Index.noindex/DataStore -Xcc -D_LIBCPP_HARDENING_MODE\=_LIBCPP_HARDENING_MODE_DEBUG -swift-version 5 -I /Users/samikhan/Library/Developer/Xcode/DerivedData/AirSync-eadfyjinpqayikbfwaonzliglerl/SourcePackages/checkouts/LottieUI/build/Debug -Isystem /Applications/Xcode.app/Contents/Developer/Platforms/MacOSX.platform/Developer/usr/lib -F /Users/samikhan/Library/Developer/Xcode/DerivedData/AirSync-eadfyjinpqayikbfwaonzliglerl/SourcePackages/checkouts/LottieUI/build/Debug/PackageFrameworks -F /Users/samikhan/Library/Developer/Xcode/DerivedData/AirSync-eadfyjinpqayikbfwaonzliglerl/SourcePackages/checkouts/LottieUI/build/Debug -F /Applications/Xcode.app/Contents/Developer/Platforms/MacOSX.platform/Developer/Library/Frameworks -c -j8 -enable-batch-mode -incremental -Xcc -ivfsstatcache -Xcc /Users/samikhan/Library/Developer/Xcode/DerivedData/SDKStatCaches.noindex/macosx26.2-25C57-00fa09913b459cbbc988d1f6730289ae.sdkstatcache -output-file-map /Users/samikhan/Library/Developer/Xcode/DerivedData/AirSync-eadfyjinpqayikbfwaonzliglerl/Build/Intermediates.noindex/LottieUI.build/Debug/LottieUI.build/Objects-normal/arm64/LottieUI-OutputFileMap.json -use-frontend-parseable-output -save-temps -no-color-diagnostics -explicit-module-build -module-cache-path /Users/samikhan/Library/Developer/Xcode/DerivedData/AirSync-eadfyjinpqayikbfwaonzliglerl/Build/Intermediates.noindex/SwiftExplicitPrecompiledModules -clang-scanner-module-cache-path /Users/samikhan/Library/Developer/Xcode/DerivedData/ModuleCache.noindex -sdk-module-cache-path /Users/samikhan/Library/Developer/Xcode/DerivedData/ModuleCache.noindex -serialize-diagnostics -emit-dependencies -emit-module -emit-module-path /Users/samikhan/Library/Developer/Xcode/DerivedData/AirSync-eadfyjinpqayikbfwaonzliglerl/Build/Intermediates.noindex/LottieUI.build/Debug/LottieUI.build/Objects-normal/arm64/LottieUI.swiftmodule -validate-clang-modules-once -clang-build-session-file /Users/samikhan/Library/Developer/Xcode/DerivedData/ModuleCache.noindex/Session.modulevalidation -Xcc -I/Users/samikhan/Library/Developer/Xcode/DerivedData/AirSync-eadfyjinpqayikbfwaonzliglerl/Build/Intermediates.noindex/LottieUI.build/Debug/LottieUI.build/swift-overrides.hmap -emit-const-values -Xfrontend -const-gather-protocols-file -Xfrontend /Users/samikhan/Library/Developer/Xcode/DerivedData/AirSync-eadfyjinpqayikbfwaonzliglerl/Build/Intermediates.noindex/LottieUI.build/Debug/LottieUI.build/Objects-normal/arm64/LottieUI_const_extract_protocols.json -Xcc -I/Users/samikhan/Library/Developer/Xcode/DerivedData/AirSync-eadfyjinpqayikbfwaonzliglerl/SourcePackages/checkouts/LottieUI/build/Debug/include -Xcc -I/Users/samikhan/Library/Developer/Xcode/DerivedData/AirSync-eadfyjinpqayikbfwaonzliglerl/Build/Intermediates.noindex/LottieUI.build/Debug/LottieUI.build/DerivedSources-normal/arm64 -Xcc -I/Users/samikhan/Library/Developer/Xcode/DerivedData/AirSync-eadfyjinpqayikbfwaonzliglerl/Build/Intermediates.noindex/LottieUI.build/Debug/LottieUI.build/DerivedSources/arm64 -Xcc -I/Users/samikhan/Library/Developer/Xcode/DerivedData/AirSync-eadfyjinpqayikbfwaonzliglerl/Build/Intermediates.noindex/LottieUI.build/Debug/LottieUI.build/DerivedSources -Xcc -DSWIFT_PACKAGE -Xcc -DDEBUG\=1 -emit-objc-header -emit-objc-header-path /Users/samikhan/Library/Developer/Xcode/DerivedData/AirSync-eadfyjinpqayikbfwaonzliglerl/Build/Intermediates.noindex/LottieUI.build/Debug/LottieUI.build/Objects-normal/arm64/LottieUI-Swift.h -working-directory /Users/samikhan/Documents/Claude/airsync-mac-main/AirSync.xcodeproj -experimental-emit-module-separately -disable-cmo

SwiftDriverJobDiscovery normal arm64 Compiling Stub.swift (in target '_LottieStub' from project 'Lottie')

SwiftDriver\ Compilation _LottieStub normal arm64 com.apple.xcode.tools.swift.compiler (in target '_LottieStub' from project 'Lottie')
    cd /Users/samikhan/Documents/Claude/airsync-mac-main/AirSync.xcodeproj
    builtin-Swift-Compilation -- /Applications/Xcode.app/Contents/Developer/Toolchains/XcodeDefault.xctoolchain/usr/bin/swiftc -module-name _LottieStub -Onone -enforce-exclusivity\=checked @/Users/samikhan/Library/Developer/Xcode/DerivedData/AirSync-eadfyjinpqayikbfwaonzliglerl/Build/Intermediates.noindex/Lottie.build/Debug/_LottieStub.build/Objects-normal/arm64/_LottieStub.SwiftFileList -DSWIFT_PACKAGE -DDEBUG -DSWIFT_MODULE_RESOURCE_BUNDLE_UNAVAILABLE -DXcode -plugin-path /Applications/Xcode.app/Contents/Developer/Toolchains/XcodeDefault.xctoolchain/usr/lib/swift/host/plugins/testing -enable-experimental-feature DebugDescriptionMacro -sdk /Applications/Xcode.app/Contents/Developer/Platforms/MacOSX.platform/Developer/SDKs/MacOSX26.2.sdk -target arm64-apple-macos10.15 -g -module-cache-path /Users/samikhan/Library/Developer/Xcode/DerivedData/ModuleCache.noindex -Xfrontend -serialize-debugging-options -enable-testing -suppress-warnings -index-store-path /Users/samikhan/Library/Developer/Xcode/DerivedData/AirSync-eadfyjinpqayikbfwaonzliglerl/Index.noindex/DataStore -Xcc -D_LIBCPP_HARDENING_MODE\=_LIBCPP_HARDENING_MODE_DEBUG -swift-version 5 -I /Users/samikhan/Library/Developer/Xcode/DerivedData/AirSync-eadfyjinpqayikbfwaonzliglerl/SourcePackages/checkouts/lottie-spm/build/Debug -Isystem /Applications/Xcode.app/Contents/Developer/Platforms/MacOSX.platform/Developer/usr/lib -F /Users/samikhan/Library/Developer/Xcode/DerivedData/AirSync-eadfyjinpqayikbfwaonzliglerl/SourcePackages/checkouts/lottie-spm/build/Debug -F /Applications/Xcode.app/Contents/Developer/Platforms/MacOSX.platform/Developer/Library/Frameworks -parse-as-library -c -j8 -enable-batch-mode -incremental -Xcc -ivfsstatcache -Xcc /Users/samikhan/Library/Developer/Xcode/DerivedData/SDKStatCaches.noindex/macosx26.2-25C57-00fa09913b459cbbc988d1f6730289ae.sdkstatcache -output-file-map /Users/samikhan/Library/Developer/Xcode/DerivedData/AirSync-eadfyjinpqayikbfwaonzliglerl/Build/Intermediates.noindex/Lottie.build/Debug/_LottieStub.build/Objects-normal/arm64/_LottieStub-OutputFileMap.json -use-frontend-parseable-output -save-temps -no-color-diagnostics -explicit-module-build -module-cache-path /Users/samikhan/Library/Developer/Xcode/DerivedData/AirSync-eadfyjinpqayikbfwaonzliglerl/Build/Intermediates.noindex/SwiftExplicitPrecompiledModules -clang-scanner-module-cache-path /Users/samikhan/Library/Developer/Xcode/DerivedData/ModuleCache.noindex -sdk-module-cache-path /Users/samikhan/Library/Developer/Xcode/DerivedData/ModuleCache.noindex -serialize-diagnostics -emit-dependencies -emit-module -emit-module-path /Users/samikhan/Library/Developer/Xcode/DerivedData/AirSync-eadfyjinpqayikbfwaonzliglerl/Build/Intermediates.noindex/Lottie.build/Debug/_LottieStub.build/Objects-normal/arm64/_LottieStub.swiftmodule -validate-clang-modules-once -clang-build-session-file /Users/samikhan/Library/Developer/Xcode/DerivedData/ModuleCache.noindex/Session.modulevalidation -Xcc -I/Users/samikhan/Library/Developer/Xcode/DerivedData/AirSync-eadfyjinpqayikbfwaonzliglerl/Build/Intermediates.noindex/Lottie.build/Debug/_LottieStub.build/swift-overrides.hmap -emit-const-values -Xfrontend -const-gather-protocols-file -Xfrontend /Users/samikhan/Library/Developer/Xcode/DerivedData/AirSync-eadfyjinpqayikbfwaonzliglerl/Build/Intermediates.noindex/Lottie.build/Debug/_LottieStub.build/Objects-normal/arm64/_LottieStub_const_extract_protocols.json -Xcc -I/Users/samikhan/Library/Developer/Xcode/DerivedData/AirSync-eadfyjinpqayikbfwaonzliglerl/SourcePackages/checkouts/lottie-spm/build/Debug/include -Xcc -I/Users/samikhan/Library/Developer/Xcode/DerivedData/AirSync-eadfyjinpqayikbfwaonzliglerl/Build/Intermediates.noindex/Lottie.build/Debug/_LottieStub.build/DerivedSources-normal/arm64 -Xcc -I/Users/samikhan/Library/Developer/Xcode/DerivedData/AirSync-eadfyjinpqayikbfwaonzliglerl/Build/Intermediates.noindex/Lottie.build/Debug/_LottieStub.build/DerivedSources/arm64 -Xcc -I/Users/samikhan/Library/Developer/Xcode/DerivedData/AirSync-eadfyjinpqayikbfwaonzliglerl/Build/Intermediates.noindex/Lottie.build/Debug/_LottieStub.build/DerivedSources -Xcc -DSWIFT_PACKAGE -Xcc -DDEBUG\=1 -emit-objc-header -emit-objc-header-path /Users/samikhan/Library/Developer/Xcode/DerivedData/AirSync-eadfyjinpqayikbfwaonzliglerl/Build/Intermediates.noindex/Lottie.build/Debug/_LottieStub.build/Objects-normal/arm64/_LottieStub-Swift.h -working-directory /Users/samikhan/Documents/Claude/airsync-mac-main/AirSync.xcodeproj -experimental-emit-module-separately -disable-cmo

Ld /Users/samikhan/Library/Developer/Xcode/DerivedData/AirSync-eadfyjinpqayikbfwaonzliglerl/SourcePackages/checkouts/lottie-spm/build/Debug/_LottieStub.o normal (in target '_LottieStub' from project 'Lottie')
    cd /Users/samikhan/Library/Developer/Xcode/DerivedData/AirSync-eadfyjinpqayikbfwaonzliglerl/SourcePackages/checkouts/lottie-spm
    /Applications/Xcode.app/Contents/Developer/Toolchains/XcodeDefault.xctoolchain/usr/bin/clang -Xlinker -reproducible -target arm64-apple-macos10.15 -r -isysroot /Applications/Xcode.app/Contents/Developer/Platforms/MacOSX.platform/Developer/SDKs/MacOSX26.2.sdk -O0 -w -L/Users/samikhan/Library/Developer/Xcode/DerivedData/AirSync-eadfyjinpqayikbfwaonzliglerl/Build/Intermediates.noindex/EagerLinkingTBDs/Debug -L/Users/samikhan/Library/Developer/Xcode/DerivedData/AirSync-eadfyjinpqayikbfwaonzliglerl/SourcePackages/checkouts/lottie-spm/build/Debug -L/Applications/Xcode.app/Contents/Developer/Platforms/MacOSX.platform/Developer/usr/lib -F/Users/samikhan/Library/Developer/Xcode/DerivedData/AirSync-eadfyjinpqayikbfwaonzliglerl/Build/Intermediates.noindex/EagerLinkingTBDs/Debug -F/Users/samikhan/Library/Developer/Xcode/DerivedData/AirSync-eadfyjinpqayikbfwaonzliglerl/SourcePackages/checkouts/lottie-spm/build/Debug -iframework /Applications/Xcode.app/Contents/Developer/Platforms/MacOSX.platform/Developer/Library/Frameworks -filelist /Users/samikhan/Library/Developer/Xcode/DerivedData/AirSync-eadfyjinpqayikbfwaonzliglerl/Build/Intermediates.noindex/Lottie.build/Debug/_LottieStub.build/Objects-normal/arm64/_LottieStub.LinkFileList -nostdlib -Xlinker -object_path_lto -Xlinker /Users/samikhan/Library/Developer/Xcode/DerivedData/AirSync-eadfyjinpqayikbfwaonzliglerl/Build/Intermediates.noindex/Lottie.build/Debug/_LottieStub.build/Objects-normal/arm64/_LottieStub_lto.o -rdynamic -Xlinker -no_deduplicate -Xlinker -dependency_info -Xlinker /Users/samikhan/Library/Developer/Xcode/DerivedData/AirSync-eadfyjinpqayikbfwaonzliglerl/Build/Intermediates.noindex/Lottie.build/Debug/_LottieStub.build/Objects-normal/arm64/_LottieStub_dependency_info.dat -fobjc-link-runtime -L/Applications/Xcode.app/Contents/Developer/Toolchains/XcodeDefault.xctoolchain/usr/lib/swift/macosx -L/usr/lib/swift -Xlinker -add_ast_path -Xlinker /Users/samikhan/Library/Developer/Xcode/DerivedData/AirSync-eadfyjinpqayikbfwaonzliglerl/Build/Intermediates.noindex/Lottie.build/Debug/_LottieStub.build/Objects-normal/arm64/_LottieStub.swiftmodule @/Users/samikhan/Library/Developer/Xcode/DerivedData/AirSync-eadfyjinpqayikbfwaonzliglerl/Build/Intermediates.noindex/Lottie.build/Debug/_LottieStub.build/Objects-normal/arm64/_LottieStub-linker-args.resp -o /Users/samikhan/Library/Developer/Xcode/DerivedData/AirSync-eadfyjinpqayikbfwaonzliglerl/SourcePackages/checkouts/lottie-spm/build/Debug/_LottieStub.o

ExtractAppIntentsMetadata (in target '_LottieStub' from project 'Lottie')
    cd /Users/samikhan/Library/Developer/Xcode/DerivedData/AirSync-eadfyjinpqayikbfwaonzliglerl/SourcePackages/checkouts/lottie-spm
    /Applications/Xcode.app/Contents/Developer/Toolchains/XcodeDefault.xctoolchain/usr/bin/appintentsmetadataprocessor --toolchain-dir /Applications/Xcode.app/Contents/Developer/Toolchains/XcodeDefault.xctoolchain --module-name _LottieStub --sdk-root /Applications/Xcode.app/Contents/Developer/Platforms/MacOSX.platform/Developer/SDKs/MacOSX26.2.sdk --xcode-version 17C52 --platform-family macOS --deployment-target 10.15 --bundle-identifier lottie-spm.-LottieStub --output /Users/samikhan/Library/Developer/Xcode/DerivedData/AirSync-eadfyjinpqayikbfwaonzliglerl/SourcePackages/checkouts/lottie-spm/build/Debug/_LottieStub.appintents --target-triple arm64-apple-macos10.15 --binary-file /Users/samikhan/Library/Developer/Xcode/DerivedData/AirSync-eadfyjinpqayikbfwaonzliglerl/SourcePackages/checkouts/lottie-spm/build/Debug/_LottieStub.o --dependency-file /Users/samikhan/Library/Developer/Xcode/DerivedData/AirSync-eadfyjinpqayikbfwaonzliglerl/Build/Intermediates.noindex/Lottie.build/Debug/_LottieStub.build/Objects-normal/arm64/_LottieStub_dependency_info.dat --stringsdata-file /Users/samikhan/Library/Developer/Xcode/DerivedData/AirSync-eadfyjinpqayikbfwaonzliglerl/Build/Intermediates.noindex/Lottie.build/Debug/_LottieStub.build/Objects-normal/arm64/ExtractedAppShortcutsMetadata.stringsdata --source-file-list /Users/samikhan/Library/Developer/Xcode/DerivedData/AirSync-eadfyjinpqayikbfwaonzliglerl/Build/Intermediates.noindex/Lottie.build/Debug/_LottieStub.build/Objects-normal/arm64/_LottieStub.SwiftFileList --metadata-file-list /Users/samikhan/Library/Developer/Xcode/DerivedData/AirSync-eadfyjinpqayikbfwaonzliglerl/Build/Intermediates.noindex/Lottie.build/Debug/_LottieStub.build/_LottieStub.DependencyMetadataFileList --static-metadata-file-list /Users/samikhan/Library/Developer/Xcode/DerivedData/AirSync-eadfyjinpqayikbfwaonzliglerl/Build/Intermediates.noindex/Lottie.build/Debug/_LottieStub.build/_LottieStub.DependencyStaticMetadataFileList --swift-const-vals-list /Users/samikhan/Library/Developer/Xcode/DerivedData/AirSync-eadfyjinpqayikbfwaonzliglerl/Build/Intermediates.noindex/Lottie.build/Debug/_LottieStub.build/Objects-normal/arm64/_LottieStub.SwiftConstValuesFileList --force --compile-time-extraction --deployment-aware-processing --validate-assistant-intents --no-app-shortcuts-localization
2026-01-04 01:52:20.253 appintentsmetadataprocessor[21617:600663] Starting appintentsmetadataprocessor export
2026-01-04 01:52:20.481 appintentsmetadataprocessor[21617:600663] Extracted no relevant App Intents symbols, skipping writing output

SwiftEmitModule normal arm64 Emitting\ module\ for\ Swifter (in target 'Swifter' from project 'Swifter')
EmitSwiftModule normal arm64 (in target 'Swifter' from project 'Swifter')
    cd /Users/samikhan/Documents/Claude/airsync-mac-main/AirSync.xcodeproj
    

SwiftCompile normal arm64 Compiling\ Socket.swift,\ String+BASE64.swift /Users/samikhan/Library/Developer/Xcode/DerivedData/AirSync-eadfyjinpqayikbfwaonzliglerl/SourcePackages/checkouts/swifter/XCode/Sources/Socket.swift /Users/samikhan/Library/Developer/Xcode/DerivedData/AirSync-eadfyjinpqayikbfwaonzliglerl/SourcePackages/checkouts/swifter/XCode/Sources/String+BASE64.swift (in target 'Swifter' from project 'Swifter')
SwiftCompile normal arm64 /Users/samikhan/Library/Developer/Xcode/DerivedData/AirSync-eadfyjinpqayikbfwaonzliglerl/SourcePackages/checkouts/swifter/XCode/Sources/Socket.swift (in target 'Swifter' from project 'Swifter')
    cd /Users/samikhan/Documents/Claude/airsync-mac-main/AirSync.xcodeproj
    

SwiftCompile normal arm64 /Users/samikhan/Library/Developer/Xcode/DerivedData/AirSync-eadfyjinpqayikbfwaonzliglerl/SourcePackages/checkouts/swifter/XCode/Sources/String+BASE64.swift (in target 'Swifter' from project 'Swifter')
    cd /Users/samikhan/Documents/Claude/airsync-mac-main/AirSync.xcodeproj
    

SwiftCompile normal arm64 Compiling\ HttpParser.swift,\ HttpRequest.swift,\ HttpResponse.swift /Users/samikhan/Library/Developer/Xcode/DerivedData/AirSync-eadfyjinpqayikbfwaonzliglerl/SourcePackages/checkouts/swifter/XCode/Sources/HttpParser.swift /Users/samikhan/Library/Developer/Xcode/DerivedData/AirSync-eadfyjinpqayikbfwaonzliglerl/SourcePackages/checkouts/swifter/XCode/Sources/HttpRequest.swift /Users/samikhan/Library/Developer/Xcode/DerivedData/AirSync-eadfyjinpqayikbfwaonzliglerl/SourcePackages/checkouts/swifter/XCode/Sources/HttpResponse.swift (in target 'Swifter' from project 'Swifter')
SwiftCompile normal arm64 /Users/samikhan/Library/Developer/Xcode/DerivedData/AirSync-eadfyjinpqayikbfwaonzliglerl/SourcePackages/checkouts/swifter/XCode/Sources/HttpParser.swift (in target 'Swifter' from project 'Swifter')
    cd /Users/samikhan/Documents/Claude/airsync-mac-main/AirSync.xcodeproj
    

SwiftCompile normal arm64 /Users/samikhan/Library/Developer/Xcode/DerivedData/AirSync-eadfyjinpqayikbfwaonzliglerl/SourcePackages/checkouts/swifter/XCode/Sources/HttpRequest.swift (in target 'Swifter' from project 'Swifter')
    cd /Users/samikhan/Documents/Claude/airsync-mac-main/AirSync.xcodeproj
    

SwiftCompile normal arm64 /Users/samikhan/Library/Developer/Xcode/DerivedData/AirSync-eadfyjinpqayikbfwaonzliglerl/SourcePackages/checkouts/swifter/XCode/Sources/HttpResponse.swift (in target 'Swifter' from project 'Swifter')
    cd /Users/samikhan/Documents/Claude/airsync-mac-main/AirSync.xcodeproj
    

SwiftCompile normal arm64 Compiling\ MimeTypes.swift,\ Process.swift,\ Scopes.swift /Users/samikhan/Library/Developer/Xcode/DerivedData/AirSync-eadfyjinpqayikbfwaonzliglerl/SourcePackages/checkouts/swifter/XCode/Sources/MimeTypes.swift /Users/samikhan/Library/Developer/Xcode/DerivedData/AirSync-eadfyjinpqayikbfwaonzliglerl/SourcePackages/checkouts/swifter/XCode/Sources/Process.swift /Users/samikhan/Library/Developer/Xcode/DerivedData/AirSync-eadfyjinpqayikbfwaonzliglerl/SourcePackages/checkouts/swifter/XCode/Sources/Scopes.swift (in target 'Swifter' from project 'Swifter')
SwiftCompile normal arm64 /Users/samikhan/Library/Developer/Xcode/DerivedData/AirSync-eadfyjinpqayikbfwaonzliglerl/SourcePackages/checkouts/swifter/XCode/Sources/MimeTypes.swift (in target 'Swifter' from project 'Swifter')
    cd /Users/samikhan/Documents/Claude/airsync-mac-main/AirSync.xcodeproj
    

SwiftCompile normal arm64 /Users/samikhan/Library/Developer/Xcode/DerivedData/AirSync-eadfyjinpqayikbfwaonzliglerl/SourcePackages/checkouts/swifter/XCode/Sources/Process.swift (in target 'Swifter' from project 'Swifter')
    cd /Users/samikhan/Documents/Claude/airsync-mac-main/AirSync.xcodeproj
    

SwiftCompile normal arm64 /Users/samikhan/Library/Developer/Xcode/DerivedData/AirSync-eadfyjinpqayikbfwaonzliglerl/SourcePackages/checkouts/swifter/XCode/Sources/Scopes.swift (in target 'Swifter' from project 'Swifter')
    cd /Users/samikhan/Documents/Claude/airsync-mac-main/AirSync.xcodeproj
    

SwiftCompile normal arm64 Compiling\ String+File.swift,\ String+Misc.swift /Users/samikhan/Library/Developer/Xcode/DerivedData/AirSync-eadfyjinpqayikbfwaonzliglerl/SourcePackages/checkouts/swifter/XCode/Sources/String+File.swift /Users/samikhan/Library/Developer/Xcode/DerivedData/AirSync-eadfyjinpqayikbfwaonzliglerl/SourcePackages/checkouts/swifter/XCode/Sources/String+Misc.swift (in target 'Swifter' from project 'Swifter')

SwiftCompile normal arm64 /Users/samikhan/Library/Developer/Xcode/DerivedData/AirSync-eadfyjinpqayikbfwaonzliglerl/SourcePackages/checkouts/swifter/XCode/Sources/String+File.swift (in target 'Swifter' from project 'Swifter')
    cd /Users/samikhan/Documents/Claude/airsync-mac-main/AirSync.xcodeproj
    

SwiftCompile normal arm64 /Users/samikhan/Library/Developer/Xcode/DerivedData/AirSync-eadfyjinpqayikbfwaonzliglerl/SourcePackages/checkouts/swifter/XCode/Sources/String+Misc.swift (in target 'Swifter' from project 'Swifter')
    cd /Users/samikhan/Documents/Claude/airsync-mac-main/AirSync.xcodeproj
    

SwiftEmitModule normal arm64 Emitting\ module\ for\ QRCodeGenerator (in target 'QRCodeGenerator' from project 'swift-qrcode-generator')

EmitSwiftModule normal arm64 (in target 'QRCodeGenerator' from project 'swift-qrcode-generator')
    cd /Users/samikhan/Documents/Claude/airsync-mac-main/AirSync.xcodeproj
    

SwiftCompile normal arm64 Compiling\ HttpRouter.swift,\ HttpServer.swift,\ HttpServerIO.swift /Users/samikhan/Library/Developer/Xcode/DerivedData/AirSync-eadfyjinpqayikbfwaonzliglerl/SourcePackages/checkouts/swifter/XCode/Sources/HttpRouter.swift /Users/samikhan/Library/Developer/Xcode/DerivedData/AirSync-eadfyjinpqayikbfwaonzliglerl/SourcePackages/checkouts/swifter/XCode/Sources/HttpServer.swift /Users/samikhan/Library/Developer/Xcode/DerivedData/AirSync-eadfyjinpqayikbfwaonzliglerl/SourcePackages/checkouts/swifter/XCode/Sources/HttpServerIO.swift (in target 'Swifter' from project 'Swifter')

SwiftCompile normal arm64 /Users/samikhan/Library/Developer/Xcode/DerivedData/AirSync-eadfyjinpqayikbfwaonzliglerl/SourcePackages/checkouts/swifter/XCode/Sources/HttpRouter.swift (in target 'Swifter' from project 'Swifter')
    cd /Users/samikhan/Documents/Claude/airsync-mac-main/AirSync.xcodeproj
    

SwiftCompile normal arm64 /Users/samikhan/Library/Developer/Xcode/DerivedData/AirSync-eadfyjinpqayikbfwaonzliglerl/SourcePackages/checkouts/swifter/XCode/Sources/HttpServer.swift (in target 'Swifter' from project 'Swifter')
    cd /Users/samikhan/Documents/Claude/airsync-mac-main/AirSync.xcodeproj
    

SwiftCompile normal arm64 /Users/samikhan/Library/Developer/Xcode/DerivedData/AirSync-eadfyjinpqayikbfwaonzliglerl/SourcePackages/checkouts/swifter/XCode/Sources/HttpServerIO.swift (in target 'Swifter' from project 'Swifter')
    cd /Users/samikhan/Documents/Claude/airsync-mac-main/AirSync.xcodeproj
    

SwiftCompile normal arm64 Compiling\ DemoServer.swift,\ Errno.swift,\ Files.swift /Users/samikhan/Library/Developer/Xcode/DerivedData/AirSync-eadfyjinpqayikbfwaonzliglerl/SourcePackages/checkouts/swifter/XCode/Sources/DemoServer.swift /Users/samikhan/Library/Developer/Xcode/DerivedData/AirSync-eadfyjinpqayikbfwaonzliglerl/SourcePackages/checkouts/swifter/XCode/Sources/Errno.swift /Users/samikhan/Library/Developer/Xcode/DerivedData/AirSync-eadfyjinpqayikbfwaonzliglerl/SourcePackages/checkouts/swifter/XCode/Sources/Files.swift (in target 'Swifter' from project 'Swifter')

SwiftCompile normal arm64 /Users/samikhan/Library/Developer/Xcode/DerivedData/AirSync-eadfyjinpqayikbfwaonzliglerl/SourcePackages/checkouts/swifter/XCode/Sources/DemoServer.swift (in target 'Swifter' from project 'Swifter')
    cd /Users/samikhan/Documents/Claude/airsync-mac-main/AirSync.xcodeproj
    

SwiftCompile normal arm64 /Users/samikhan/Library/Developer/Xcode/DerivedData/AirSync-eadfyjinpqayikbfwaonzliglerl/SourcePackages/checkouts/swifter/XCode/Sources/Errno.swift (in target 'Swifter' from project 'Swifter')
    cd /Users/samikhan/Documents/Claude/airsync-mac-main/AirSync.xcodeproj
    

SwiftCompile normal arm64 /Users/samikhan/Library/Developer/Xcode/DerivedData/AirSync-eadfyjinpqayikbfwaonzliglerl/SourcePackages/checkouts/swifter/XCode/Sources/Files.swift (in target 'Swifter' from project 'Swifter')
    cd /Users/samikhan/Documents/Claude/airsync-mac-main/AirSync.xcodeproj
    

SwiftEmitModule normal arm64 Emitting\ module\ for\ SwiftImageReadWrite (in target 'SwiftImageReadWrite' from project 'SwiftImageReadWrite')

EmitSwiftModule normal arm64 (in target 'SwiftImageReadWrite' from project 'SwiftImageReadWrite')
    cd /Users/samikhan/Documents/Claude/airsync-mac-main/AirSync.xcodeproj
    

SwiftDriverJobDiscovery normal arm64 Emitting module for QRCodeGenerator (in target 'QRCodeGenerator' from project 'swift-qrcode-generator')

SwiftDriver\ Compilation\ Requirements QRCodeGenerator normal arm64 com.apple.xcode.tools.swift.compiler (in target 'QRCodeGenerator' from project 'swift-qrcode-generator')
    cd /Users/samikhan/Documents/Claude/airsync-mac-main/AirSync.xcodeproj
    builtin-Swift-Compilation-Requirements -- /Applications/Xcode.app/Contents/Developer/Toolchains/XcodeDefault.xctoolchain/usr/bin/swiftc -module-name QRCodeGenerator -Onone -enforce-exclusivity\=checked @/Users/samikhan/Library/Developer/Xcode/DerivedData/AirSync-eadfyjinpqayikbfwaonzliglerl/Build/Intermediates.noindex/swift-qrcode-generator.build/Debug/QRCodeGenerator.build/Objects-normal/arm64/QRCodeGenerator.SwiftFileList -DSWIFT_PACKAGE -DDEBUG -DSWIFT_MODULE_RESOURCE_BUNDLE_UNAVAILABLE -DXcode -plugin-path /Applications/Xcode.app/Contents/Developer/Toolchains/XcodeDefault.xctoolchain/usr/lib/swift/host/plugins/testing -enable-experimental-feature DebugDescriptionMacro -sdk /Applications/Xcode.app/Contents/Developer/Platforms/MacOSX.platform/Developer/SDKs/MacOSX26.2.sdk -target arm64-apple-macos10.13 -g -module-cache-path /Users/samikhan/Library/Developer/Xcode/DerivedData/ModuleCache.noindex -Xfrontend -serialize-debugging-options -enable-testing -suppress-warnings -index-store-path /Users/samikhan/Library/Developer/Xcode/DerivedData/AirSync-eadfyjinpqayikbfwaonzliglerl/Index.noindex/DataStore -Xcc -D_LIBCPP_HARDENING_MODE\=_LIBCPP_HARDENING_MODE_DEBUG -swift-version 5 -I /Users/samikhan/Library/Developer/Xcode/DerivedData/AirSync-eadfyjinpqayikbfwaonzliglerl/SourcePackages/checkouts/swift-qrcode-generator/build/Debug -Isystem /Applications/Xcode.app/Contents/Developer/Platforms/MacOSX.platform/Developer/usr/lib -F /Users/samikhan/Library/Developer/Xcode/DerivedData/AirSync-eadfyjinpqayikbfwaonzliglerl/SourcePackages/checkouts/swift-qrcode-generator/build/Debug -F /Applications/Xcode.app/Contents/Developer/Platforms/MacOSX.platform/Developer/Library/Frameworks -c -j8 -enable-batch-mode -incremental -Xcc -ivfsstatcache -Xcc /Users/samikhan/Library/Developer/Xcode/DerivedData/SDKStatCaches.noindex/macosx26.2-25C57-00fa09913b459cbbc988d1f6730289ae.sdkstatcache -output-file-map /Users/samikhan/Library/Developer/Xcode/DerivedData/AirSync-eadfyjinpqayikbfwaonzliglerl/Build/Intermediates.noindex/swift-qrcode-generator.build/Debug/QRCodeGenerator.build/Objects-normal/arm64/QRCodeGenerator-OutputFileMap.json -use-frontend-parseable-output -save-temps -no-color-diagnostics -explicit-module-build -module-cache-path /Users/samikhan/Library/Developer/Xcode/DerivedData/AirSync-eadfyjinpqayikbfwaonzliglerl/Build/Intermediates.noindex/SwiftExplicitPrecompiledModules -clang-scanner-module-cache-path /Users/samikhan/Library/Developer/Xcode/DerivedData/ModuleCache.noindex -sdk-module-cache-path /Users/samikhan/Library/Developer/Xcode/DerivedData/ModuleCache.noindex -serialize-diagnostics -emit-dependencies -emit-module -emit-module-path /Users/samikhan/Library/Developer/Xcode/DerivedData/AirSync-eadfyjinpqayikbfwaonzliglerl/Build/Intermediates.noindex/swift-qrcode-generator.build/Debug/QRCodeGenerator.build/Objects-normal/arm64/QRCodeGenerator.swiftmodule -validate-clang-modules-once -clang-build-session-file /Users/samikhan/Library/Developer/Xcode/DerivedData/ModuleCache.noindex/Session.modulevalidation -Xcc -I/Users/samikhan/Library/Developer/Xcode/DerivedData/AirSync-eadfyjinpqayikbfwaonzliglerl/Build/Intermediates.noindex/swift-qrcode-generator.build/Debug/QRCodeGenerator.build/swift-overrides.hmap -emit-const-values -Xfrontend -const-gather-protocols-file -Xfrontend /Users/samikhan/Library/Developer/Xcode/DerivedData/AirSync-eadfyjinpqayikbfwaonzliglerl/Build/Intermediates.noindex/swift-qrcode-generator.build/Debug/QRCodeGenerator.build/Objects-normal/arm64/QRCodeGenerator_const_extract_protocols.json -Xcc -I/Users/samikhan/Library/Developer/Xcode/DerivedData/AirSync-eadfyjinpqayikbfwaonzliglerl/SourcePackages/checkouts/swift-qrcode-generator/build/Debug/include -Xcc -I/Users/samikhan/Library/Developer/Xcode/DerivedData/AirSync-eadfyjinpqayikbfwaonzliglerl/Build/Intermediates.noindex/swift-qrcode-generator.build/Debug/QRCodeGenerator.build/DerivedSources-normal/arm64 -Xcc -I/Users/samikhan/Library/Developer/Xcode/DerivedData/AirSync-eadfyjinpqayikbfwaonzliglerl/Build/Intermediates.noindex/swift-qrcode-generator.build/Debug/QRCodeGenerator.build/DerivedSources/arm64 -Xcc -I/Users/samikhan/Library/Developer/Xcode/DerivedData/AirSync-eadfyjinpqayikbfwaonzliglerl/Build/Intermediates.noindex/swift-qrcode-generator.build/Debug/QRCodeGenerator.build/DerivedSources -Xcc -DSWIFT_PACKAGE -Xcc -DDEBUG\=1 -emit-objc-header -emit-objc-header-path /Users/samikhan/Library/Developer/Xcode/DerivedData/AirSync-eadfyjinpqayikbfwaonzliglerl/Build/Intermediates.noindex/swift-qrcode-generator.build/Debug/QRCodeGenerator.build/Objects-normal/arm64/QRCodeGenerator-Swift.h -working-directory /Users/samikhan/Documents/Claude/airsync-mac-main/AirSync.xcodeproj -experimental-emit-module-separately -disable-cmo

SwiftDriverJobDiscovery normal arm64 Emitting module for Swifter (in target 'Swifter' from project 'Swifter')

SwiftDriver\ Compilation\ Requirements Swifter normal arm64 com.apple.xcode.tools.swift.compiler (in target 'Swifter' from project 'Swifter')
    cd /Users/samikhan/Documents/Claude/airsync-mac-main/AirSync.xcodeproj
    builtin-Swift-Compilation-Requirements -- /Applications/Xcode.app/Contents/Developer/Toolchains/XcodeDefault.xctoolchain/usr/bin/swiftc -module-name Swifter -Onone -enforce-exclusivity\=checked @/Users/samikhan/Library/Developer/Xcode/DerivedData/AirSync-eadfyjinpqayikbfwaonzliglerl/Build/Intermediates.noindex/Swifter.build/Debug/Swifter.build/Objects-normal/arm64/Swifter.SwiftFileList -DSWIFT_PACKAGE -DDEBUG -DSWIFT_MODULE_RESOURCE_BUNDLE_UNAVAILABLE -DXcode -plugin-path /Applications/Xcode.app/Contents/Developer/Toolchains/XcodeDefault.xctoolchain/usr/lib/swift/host/plugins/testing -enable-experimental-feature DebugDescriptionMacro -sdk /Applications/Xcode.app/Contents/Developer/Platforms/MacOSX.platform/Developer/SDKs/MacOSX26.2.sdk -target arm64-apple-macos10.13 -g -module-cache-path /Users/samikhan/Library/Developer/Xcode/DerivedData/ModuleCache.noindex -Xfrontend -serialize-debugging-options -enable-testing -suppress-warnings -index-store-path /Users/samikhan/Library/Developer/Xcode/DerivedData/AirSync-eadfyjinpqayikbfwaonzliglerl/Index.noindex/DataStore -Xcc -D_LIBCPP_HARDENING_MODE\=_LIBCPP_HARDENING_MODE_DEBUG -swift-version 5 -I /Users/samikhan/Library/Developer/Xcode/DerivedData/AirSync-eadfyjinpqayikbfwaonzliglerl/SourcePackages/checkouts/swifter/build/Debug -Isystem /Applications/Xcode.app/Contents/Developer/Platforms/MacOSX.platform/Developer/usr/lib -F /Users/samikhan/Library/Developer/Xcode/DerivedData/AirSync-eadfyjinpqayikbfwaonzliglerl/SourcePackages/checkouts/swifter/build/Debug -F /Applications/Xcode.app/Contents/Developer/Platforms/MacOSX.platform/Developer/Library/Frameworks -c -j8 -enable-batch-mode -incremental -Xcc -ivfsstatcache -Xcc /Users/samikhan/Library/Developer/Xcode/DerivedData/SDKStatCaches.noindex/macosx26.2-25C57-00fa09913b459cbbc988d1f6730289ae.sdkstatcache -output-file-map /Users/samikhan/Library/Developer/Xcode/DerivedData/AirSync-eadfyjinpqayikbfwaonzliglerl/Build/Intermediates.noindex/Swifter.build/Debug/Swifter.build/Objects-normal/arm64/Swifter-OutputFileMap.json -use-frontend-parseable-output -save-temps -no-color-diagnostics -explicit-module-build -module-cache-path /Users/samikhan/Library/Developer/Xcode/DerivedData/AirSync-eadfyjinpqayikbfwaonzliglerl/Build/Intermediates.noindex/SwiftExplicitPrecompiledModules -clang-scanner-module-cache-path /Users/samikhan/Library/Developer/Xcode/DerivedData/ModuleCache.noindex -sdk-module-cache-path /Users/samikhan/Library/Developer/Xcode/DerivedData/ModuleCache.noindex -serialize-diagnostics -emit-dependencies -emit-module -emit-module-path /Users/samikhan/Library/Developer/Xcode/DerivedData/AirSync-eadfyjinpqayikbfwaonzliglerl/Build/Intermediates.noindex/Swifter.build/Debug/Swifter.build/Objects-normal/arm64/Swifter.swiftmodule -validate-clang-modules-once -clang-build-session-file /Users/samikhan/Library/Developer/Xcode/DerivedData/ModuleCache.noindex/Session.modulevalidation -Xcc -I/Users/samikhan/Library/Developer/Xcode/DerivedData/AirSync-eadfyjinpqayikbfwaonzliglerl/Build/Intermediates.noindex/Swifter.build/Debug/Swifter.build/swift-overrides.hmap -emit-const-values -Xfrontend -const-gather-protocols-file -Xfrontend /Users/samikhan/Library/Developer/Xcode/DerivedData/AirSync-eadfyjinpqayikbfwaonzliglerl/Build/Intermediates.noindex/Swifter.build/Debug/Swifter.build/Objects-normal/arm64/Swifter_const_extract_protocols.json -Xcc -I/Users/samikhan/Library/Developer/Xcode/DerivedData/AirSync-eadfyjinpqayikbfwaonzliglerl/SourcePackages/checkouts/swifter/build/Debug/include -Xcc -I/Users/samikhan/Library/Developer/Xcode/DerivedData/AirSync-eadfyjinpqayikbfwaonzliglerl/Build/Intermediates.noindex/Swifter.build/Debug/Swifter.build/DerivedSources-normal/arm64 -Xcc -I/Users/samikhan/Library/Developer/Xcode/DerivedData/AirSync-eadfyjinpqayikbfwaonzliglerl/Build/Intermediates.noindex/Swifter.build/Debug/Swifter.build/DerivedSources/arm64 -Xcc -I/Users/samikhan/Library/Developer/Xcode/DerivedData/AirSync-eadfyjinpqayikbfwaonzliglerl/Build/Intermediates.noindex/Swifter.build/Debug/Swifter.build/DerivedSources -Xcc -DSWIFT_PACKAGE -Xcc -DDEBUG\=1 -emit-objc-header -emit-objc-header-path /Users/samikhan/Library/Developer/Xcode/DerivedData/AirSync-eadfyjinpqayikbfwaonzliglerl/Build/Intermediates.noindex/Swifter.build/Debug/Swifter.build/Objects-normal/arm64/Swifter-Swift.h -working-directory /Users/samikhan/Documents/Claude/airsync-mac-main/AirSync.xcodeproj -experimental-emit-module-separately -disable-cmo

SwiftMergeGeneratedHeaders /Users/samikhan/Library/Developer/Xcode/DerivedData/AirSync-eadfyjinpqayikbfwaonzliglerl/Build/Intermediates.noindex/GeneratedModuleMaps/QRCodeGenerator-Swift.h /Users/samikhan/Library/Developer/Xcode/DerivedData/AirSync-eadfyjinpqayikbfwaonzliglerl/Build/Intermediates.noindex/swift-qrcode-generator.build/Debug/QRCodeGenerator.build/Objects-normal/arm64/QRCodeGenerator-Swift.h (in target 'QRCodeGenerator' from project 'swift-qrcode-generator')
    cd /Users/samikhan/Library/Developer/Xcode/DerivedData/AirSync-eadfyjinpqayikbfwaonzliglerl/SourcePackages/checkouts/swift-qrcode-generator
    builtin-swiftHeaderTool -arch arm64 /Users/samikhan/Library/Developer/Xcode/DerivedData/AirSync-eadfyjinpqayikbfwaonzliglerl/Build/Intermediates.noindex/swift-qrcode-generator.build/Debug/QRCodeGenerator.build/Objects-normal/arm64/QRCodeGenerator-Swift.h -o /Users/samikhan/Library/Developer/Xcode/DerivedData/AirSync-eadfyjinpqayikbfwaonzliglerl/Build/Intermediates.noindex/GeneratedModuleMaps/QRCodeGenerator-Swift.h

SwiftMergeGeneratedHeaders /Users/samikhan/Library/Developer/Xcode/DerivedData/AirSync-eadfyjinpqayikbfwaonzliglerl/Build/Intermediates.noindex/GeneratedModuleMaps/Swifter-Swift.h /Users/samikhan/Library/Developer/Xcode/DerivedData/AirSync-eadfyjinpqayikbfwaonzliglerl/Build/Intermediates.noindex/Swifter.build/Debug/Swifter.build/Objects-normal/arm64/Swifter-Swift.h (in target 'Swifter' from project 'Swifter')
    cd /Users/samikhan/Library/Developer/Xcode/DerivedData/AirSync-eadfyjinpqayikbfwaonzliglerl/SourcePackages/checkouts/swifter
    builtin-swiftHeaderTool -arch arm64 /Users/samikhan/Library/Developer/Xcode/DerivedData/AirSync-eadfyjinpqayikbfwaonzliglerl/Build/Intermediates.noindex/Swifter.build/Debug/Swifter.build/Objects-normal/arm64/Swifter-Swift.h -o /Users/samikhan/Library/Developer/Xcode/DerivedData/AirSync-eadfyjinpqayikbfwaonzliglerl/Build/Intermediates.noindex/GeneratedModuleMaps/Swifter-Swift.h

Copy /Users/samikhan/Library/Developer/Xcode/DerivedData/AirSync-eadfyjinpqayikbfwaonzliglerl/SourcePackages/checkouts/swifter/build/Debug/Swifter.swiftmodule/arm64-apple-macos.swiftmodule /Users/samikhan/Library/Developer/Xcode/DerivedData/AirSync-eadfyjinpqayikbfwaonzliglerl/Build/Intermediates.noindex/Swifter.build/Debug/Swifter.build/Objects-normal/arm64/Swifter.swiftmodule (in target 'Swifter' from project 'Swifter')
    cd /Users/samikhan/Library/Developer/Xcode/DerivedData/AirSync-eadfyjinpqayikbfwaonzliglerl/SourcePackages/checkouts/swifter
    builtin-copy -exclude .DS_Store -exclude CVS -exclude .svn -exclude .git -exclude .hg -resolve-src-symlinks -rename /Users/samikhan/Library/Developer/Xcode/DerivedData/AirSync-eadfyjinpqayikbfwaonzliglerl/Build/Intermediates.noindex/Swifter.build/Debug/Swifter.build/Objects-normal/arm64/Swifter.swiftmodule /Users/samikhan/Library/Developer/Xcode/DerivedData/AirSync-eadfyjinpqayikbfwaonzliglerl/SourcePackages/checkouts/swifter/build/Debug/Swifter.swiftmodule/arm64-apple-macos.swiftmodule

Copy /Users/samikhan/Library/Developer/Xcode/DerivedData/AirSync-eadfyjinpqayikbfwaonzliglerl/SourcePackages/checkouts/swifter/build/Debug/Swifter.swiftmodule/arm64-apple-macos.swiftdoc /Users/samikhan/Library/Developer/Xcode/DerivedData/AirSync-eadfyjinpqayikbfwaonzliglerl/Build/Intermediates.noindex/Swifter.build/Debug/Swifter.build/Objects-normal/arm64/Swifter.swiftdoc (in target 'Swifter' from project 'Swifter')
    cd /Users/samikhan/Library/Developer/Xcode/DerivedData/AirSync-eadfyjinpqayikbfwaonzliglerl/SourcePackages/checkouts/swifter
    builtin-copy -exclude .DS_Store -exclude CVS -exclude .svn -exclude .git -exclude .hg -resolve-src-symlinks -rename /Users/samikhan/Library/Developer/Xcode/DerivedData/AirSync-eadfyjinpqayikbfwaonzliglerl/Build/Intermediates.noindex/Swifter.build/Debug/Swifter.build/Objects-normal/arm64/Swifter.swiftdoc /Users/samikhan/Library/Developer/Xcode/DerivedData/AirSync-eadfyjinpqayikbfwaonzliglerl/SourcePackages/checkouts/swifter/build/Debug/Swifter.swiftmodule/arm64-apple-macos.swiftdoc

Copy /Users/samikhan/Library/Developer/Xcode/DerivedData/AirSync-eadfyjinpqayikbfwaonzliglerl/SourcePackages/checkouts/swifter/build/Debug/Swifter.swiftmodule/arm64-apple-macos.abi.json /Users/samikhan/Library/Developer/Xcode/DerivedData/AirSync-eadfyjinpqayikbfwaonzliglerl/Build/Intermediates.noindex/Swifter.build/Debug/Swifter.build/Objects-normal/arm64/Swifter.abi.json (in target 'Swifter' from project 'Swifter')
    cd /Users/samikhan/Library/Developer/Xcode/DerivedData/AirSync-eadfyjinpqayikbfwaonzliglerl/SourcePackages/checkouts/swifter
    builtin-copy -exclude .DS_Store -exclude CVS -exclude .svn -exclude .git -exclude .hg -resolve-src-symlinks -rename /Users/samikhan/Library/Developer/Xcode/DerivedData/AirSync-eadfyjinpqayikbfwaonzliglerl/Build/Intermediates.noindex/Swifter.build/Debug/Swifter.build/Objects-normal/arm64/Swifter.abi.json /Users/samikhan/Library/Developer/Xcode/DerivedData/AirSync-eadfyjinpqayikbfwaonzliglerl/SourcePackages/checkouts/swifter/build/Debug/Swifter.swiftmodule/arm64-apple-macos.abi.json

Copy /Users/samikhan/Library/Developer/Xcode/DerivedData/AirSync-eadfyjinpqayikbfwaonzliglerl/SourcePackages/checkouts/swifter/build/Debug/Swifter.swiftmodule/Project/arm64-apple-macos.swiftsourceinfo /Users/samikhan/Library/Developer/Xcode/DerivedData/AirSync-eadfyjinpqayikbfwaonzliglerl/Build/Intermediates.noindex/Swifter.build/Debug/Swifter.build/Objects-normal/arm64/Swifter.swiftsourceinfo (in target 'Swifter' from project 'Swifter')
    cd /Users/samikhan/Library/Developer/Xcode/DerivedData/AirSync-eadfyjinpqayikbfwaonzliglerl/SourcePackages/checkouts/swifter
    builtin-copy -exclude .DS_Store -exclude CVS -exclude .svn -exclude .git -exclude .hg -resolve-src-symlinks -rename /Users/samikhan/Library/Developer/Xcode/DerivedData/AirSync-eadfyjinpqayikbfwaonzliglerl/Build/Intermediates.noindex/Swifter.build/Debug/Swifter.build/Objects-normal/arm64/Swifter.swiftsourceinfo /Users/samikhan/Library/Developer/Xcode/DerivedData/AirSync-eadfyjinpqayikbfwaonzliglerl/SourcePackages/checkouts/swifter/build/Debug/Swifter.swiftmodule/Project/arm64-apple-macos.swiftsourceinfo

Copy /Users/samikhan/Library/Developer/Xcode/DerivedData/AirSync-eadfyjinpqayikbfwaonzliglerl/SourcePackages/checkouts/swift-qrcode-generator/build/Debug/QRCodeGenerator.swiftmodule/arm64-apple-macos.swiftmodule /Users/samikhan/Library/Developer/Xcode/DerivedData/AirSync-eadfyjinpqayikbfwaonzliglerl/Build/Intermediates.noindex/swift-qrcode-generator.build/Debug/QRCodeGenerator.build/Objects-normal/arm64/QRCodeGenerator.swiftmodule (in target 'QRCodeGenerator' from project 'swift-qrcode-generator')
    cd /Users/samikhan/Library/Developer/Xcode/DerivedData/AirSync-eadfyjinpqayikbfwaonzliglerl/SourcePackages/checkouts/swift-qrcode-generator
    builtin-copy -exclude .DS_Store -exclude CVS -exclude .svn -exclude .git -exclude .hg -resolve-src-symlinks -rename /Users/samikhan/Library/Developer/Xcode/DerivedData/AirSync-eadfyjinpqayikbfwaonzliglerl/Build/Intermediates.noindex/swift-qrcode-generator.build/Debug/QRCodeGenerator.build/Objects-normal/arm64/QRCodeGenerator.swiftmodule /Users/samikhan/Library/Developer/Xcode/DerivedData/AirSync-eadfyjinpqayikbfwaonzliglerl/SourcePackages/checkouts/swift-qrcode-generator/build/Debug/QRCodeGenerator.swiftmodule/arm64-apple-macos.swiftmodule

Copy /Users/samikhan/Library/Developer/Xcode/DerivedData/AirSync-eadfyjinpqayikbfwaonzliglerl/SourcePackages/checkouts/swift-qrcode-generator/build/Debug/QRCodeGenerator.swiftmodule/arm64-apple-macos.swiftdoc /Users/samikhan/Library/Developer/Xcode/DerivedData/AirSync-eadfyjinpqayikbfwaonzliglerl/Build/Intermediates.noindex/swift-qrcode-generator.build/Debug/QRCodeGenerator.build/Objects-normal/arm64/QRCodeGenerator.swiftdoc (in target 'QRCodeGenerator' from project 'swift-qrcode-generator')
    cd /Users/samikhan/Library/Developer/Xcode/DerivedData/AirSync-eadfyjinpqayikbfwaonzliglerl/SourcePackages/checkouts/swift-qrcode-generator
    builtin-copy -exclude .DS_Store -exclude CVS -exclude .svn -exclude .git -exclude .hg -resolve-src-symlinks -rename /Users/samikhan/Library/Developer/Xcode/DerivedData/AirSync-eadfyjinpqayikbfwaonzliglerl/Build/Intermediates.noindex/swift-qrcode-generator.build/Debug/QRCodeGenerator.build/Objects-normal/arm64/QRCodeGenerator.swiftdoc /Users/samikhan/Library/Developer/Xcode/DerivedData/AirSync-eadfyjinpqayikbfwaonzliglerl/SourcePackages/checkouts/swift-qrcode-generator/build/Debug/QRCodeGenerator.swiftmodule/arm64-apple-macos.swiftdoc

Copy /Users/samikhan/Library/Developer/Xcode/DerivedData/AirSync-eadfyjinpqayikbfwaonzliglerl/SourcePackages/checkouts/swift-qrcode-generator/build/Debug/QRCodeGenerator.swiftmodule/arm64-apple-macos.abi.json /Users/samikhan/Library/Developer/Xcode/DerivedData/AirSync-eadfyjinpqayikbfwaonzliglerl/Build/Intermediates.noindex/swift-qrcode-generator.build/Debug/QRCodeGenerator.build/Objects-normal/arm64/QRCodeGenerator.abi.json (in target 'QRCodeGenerator' from project 'swift-qrcode-generator')
    cd /Users/samikhan/Library/Developer/Xcode/DerivedData/AirSync-eadfyjinpqayikbfwaonzliglerl/SourcePackages/checkouts/swift-qrcode-generator
    builtin-copy -exclude .DS_Store -exclude CVS -exclude .svn -exclude .git -exclude .hg -resolve-src-symlinks -rename /Users/samikhan/Library/Developer/Xcode/DerivedData/AirSync-eadfyjinpqayikbfwaonzliglerl/Build/Intermediates.noindex/swift-qrcode-generator.build/Debug/QRCodeGenerator.build/Objects-normal/arm64/QRCodeGenerator.abi.json /Users/samikhan/Library/Developer/Xcode/DerivedData/AirSync-eadfyjinpqayikbfwaonzliglerl/SourcePackages/checkouts/swift-qrcode-generator/build/Debug/QRCodeGenerator.swiftmodule/arm64-apple-macos.abi.json

Copy /Users/samikhan/Library/Developer/Xcode/DerivedData/AirSync-eadfyjinpqayikbfwaonzliglerl/SourcePackages/checkouts/swift-qrcode-generator/build/Debug/QRCodeGenerator.swiftmodule/Project/arm64-apple-macos.swiftsourceinfo /Users/samikhan/Library/Developer/Xcode/DerivedData/AirSync-eadfyjinpqayikbfwaonzliglerl/Build/Intermediates.noindex/swift-qrcode-generator.build/Debug/QRCodeGenerator.build/Objects-normal/arm64/QRCodeGenerator.swiftsourceinfo (in target 'QRCodeGenerator' from project 'swift-qrcode-generator')
    cd /Users/samikhan/Library/Developer/Xcode/DerivedData/AirSync-eadfyjinpqayikbfwaonzliglerl/SourcePackages/checkouts/swift-qrcode-generator
    builtin-copy -exclude .DS_Store -exclude CVS -exclude .svn -exclude .git -exclude .hg -resolve-src-symlinks -rename /Users/samikhan/Library/Developer/Xcode/DerivedData/AirSync-eadfyjinpqayikbfwaonzliglerl/Build/Intermediates.noindex/swift-qrcode-generator.build/Debug/QRCodeGenerator.build/Objects-normal/arm64/QRCodeGenerator.swiftsourceinfo /Users/samikhan/Library/Developer/Xcode/DerivedData/AirSync-eadfyjinpqayikbfwaonzliglerl/SourcePackages/checkouts/swift-qrcode-generator/build/Debug/QRCodeGenerator.swiftmodule/Project/arm64-apple-macos.swiftsourceinfo

SwiftExplicitDependencyCompileModuleFromInterface arm64 /Users/samikhan/Library/Developer/Xcode/DerivedData/AirSync-eadfyjinpqayikbfwaonzliglerl/Build/Intermediates.noindex/SwiftExplicitPrecompiledModules/Lottie-2XMBL1TYWR2UO.swiftmodule

SwiftDriverJobDiscovery normal arm64 Compiling Socket.swift, String+BASE64.swift (in target 'Swifter' from project 'Swifter')

SwiftCompile normal arm64 Compiling\ String+SHA1.swift,\ WebSockets.swift /Users/samikhan/Library/Developer/Xcode/DerivedData/AirSync-eadfyjinpqayikbfwaonzliglerl/SourcePackages/checkouts/swifter/XCode/Sources/String+SHA1.swift /Users/samikhan/Library/Developer/Xcode/DerivedData/AirSync-eadfyjinpqayikbfwaonzliglerl/SourcePackages/checkouts/swifter/XCode/Sources/WebSockets.swift (in target 'Swifter' from project 'Swifter')
SwiftCompile normal arm64 /Users/samikhan/Library/Developer/Xcode/DerivedData/AirSync-eadfyjinpqayikbfwaonzliglerl/SourcePackages/checkouts/swifter/XCode/Sources/String+SHA1.swift (in target 'Swifter' from project 'Swifter')
    cd /Users/samikhan/Documents/Claude/airsync-mac-main/AirSync.xcodeproj
    

SwiftCompile normal arm64 /Users/samikhan/Library/Developer/Xcode/DerivedData/AirSync-eadfyjinpqayikbfwaonzliglerl/SourcePackages/checkouts/swifter/XCode/Sources/WebSockets.swift (in target 'Swifter' from project 'Swifter')
    cd /Users/samikhan/Documents/Claude/airsync-mac-main/AirSync.xcodeproj
    

SwiftCompile normal arm64 Compiling\ Socket+File.swift,\ Socket+Server.swift /Users/samikhan/Library/Developer/Xcode/DerivedData/AirSync-eadfyjinpqayikbfwaonzliglerl/SourcePackages/checkouts/swifter/XCode/Sources/Socket+File.swift /Users/samikhan/Library/Developer/Xcode/DerivedData/AirSync-eadfyjinpqayikbfwaonzliglerl/SourcePackages/checkouts/swifter/XCode/Sources/Socket+Server.swift (in target 'Swifter' from project 'Swifter')

SwiftCompile normal arm64 /Users/samikhan/Library/Developer/Xcode/DerivedData/AirSync-eadfyjinpqayikbfwaonzliglerl/SourcePackages/checkouts/swifter/XCode/Sources/Socket+File.swift (in target 'Swifter' from project 'Swifter')
    cd /Users/samikhan/Documents/Claude/airsync-mac-main/AirSync.xcodeproj
    

SwiftCompile normal arm64 /Users/samikhan/Library/Developer/Xcode/DerivedData/AirSync-eadfyjinpqayikbfwaonzliglerl/SourcePackages/checkouts/swifter/XCode/Sources/Socket+Server.swift (in target 'Swifter' from project 'Swifter')
    cd /Users/samikhan/Documents/Claude/airsync-mac-main/AirSync.xcodeproj
    

SwiftDriverJobDiscovery normal arm64 Compiling String+File.swift, String+Misc.swift (in target 'Swifter' from project 'Swifter')

SwiftDriverJobDiscovery normal arm64 Emitting module for SwiftImageReadWrite (in target 'SwiftImageReadWrite' from project 'SwiftImageReadWrite')

SwiftCompile normal arm64 Compiling\ CIImage+extensions.swift,\ PlatformImage+codable.swift /Users/samikhan/Library/Developer/Xcode/DerivedData/AirSync-eadfyjinpqayikbfwaonzliglerl/SourcePackages/checkouts/SwiftImageReadWrite/Sources/SwiftImageReadWrite/CIImage/CIImage+extensions.swift /Users/samikhan/Library/Developer/Xcode/DerivedData/AirSync-eadfyjinpqayikbfwaonzliglerl/SourcePackages/checkouts/SwiftImageReadWrite/Sources/SwiftImageReadWrite/platform/PlatformImage+codable.swift (in target 'SwiftImageReadWrite' from project 'SwiftImageReadWrite')

SwiftCompile normal arm64 /Users/samikhan/Library/Developer/Xcode/DerivedData/AirSync-eadfyjinpqayikbfwaonzliglerl/SourcePackages/checkouts/SwiftImageReadWrite/Sources/SwiftImageReadWrite/CIImage/CIImage+extensions.swift (in target 'SwiftImageReadWrite' from project 'SwiftImageReadWrite')
    cd /Users/samikhan/Documents/Claude/airsync-mac-main/AirSync.xcodeproj
    

SwiftCompile normal arm64 /Users/samikhan/Library/Developer/Xcode/DerivedData/AirSync-eadfyjinpqayikbfwaonzliglerl/SourcePackages/checkouts/SwiftImageReadWrite/Sources/SwiftImageReadWrite/platform/PlatformImage+codable.swift (in target 'SwiftImageReadWrite' from project 'SwiftImageReadWrite')
    cd /Users/samikhan/Documents/Claude/airsync-mac-main/AirSync.xcodeproj
    

SwiftDriver\ Compilation\ Requirements SwiftImageReadWrite normal arm64 com.apple.xcode.tools.swift.compiler (in target 'SwiftImageReadWrite' from project 'SwiftImageReadWrite')
    cd /Users/samikhan/Documents/Claude/airsync-mac-main/AirSync.xcodeproj
    builtin-Swift-Compilation-Requirements -- /Applications/Xcode.app/Contents/Developer/Toolchains/XcodeDefault.xctoolchain/usr/bin/swiftc -module-name SwiftImageReadWrite -Onone -enforce-exclusivity\=checked @/Users/samikhan/Library/Developer/Xcode/DerivedData/AirSync-eadfyjinpqayikbfwaonzliglerl/Build/Intermediates.noindex/SwiftImageReadWrite.build/Debug/SwiftImageReadWrite.build/Objects-normal/arm64/SwiftImageReadWrite.SwiftFileList -DSWIFT_PACKAGE -DDEBUG -DSWIFT_MODULE_RESOURCE_BUNDLE_AVAILABLE -DXcode -plugin-path /Applications/Xcode.app/Contents/Developer/Toolchains/XcodeDefault.xctoolchain/usr/lib/swift/host/plugins/testing -enable-experimental-feature DebugDescriptionMacro -sdk /Applications/Xcode.app/Contents/Developer/Platforms/MacOSX.platform/Developer/SDKs/MacOSX26.2.sdk -target arm64-apple-macos10.13 -g -module-cache-path /Users/samikhan/Library/Developer/Xcode/DerivedData/ModuleCache.noindex -Xfrontend -serialize-debugging-options -enable-testing -suppress-warnings -index-store-path /Users/samikhan/Library/Developer/Xcode/DerivedData/AirSync-eadfyjinpqayikbfwaonzliglerl/Index.noindex/DataStore -Xcc -D_LIBCPP_HARDENING_MODE\=_LIBCPP_HARDENING_MODE_DEBUG -swift-version 5 -I /Users/samikhan/Library/Developer/Xcode/DerivedData/AirSync-eadfyjinpqayikbfwaonzliglerl/SourcePackages/checkouts/SwiftImageReadWrite/build/Debug -Isystem /Applications/Xcode.app/Contents/Developer/Platforms/MacOSX.platform/Developer/usr/lib -F /Users/samikhan/Library/Developer/Xcode/DerivedData/AirSync-eadfyjinpqayikbfwaonzliglerl/SourcePackages/checkouts/SwiftImageReadWrite/build/Debug -F /Applications/Xcode.app/Contents/Developer/Platforms/MacOSX.platform/Developer/Library/Frameworks -c -j8 -enable-batch-mode -incremental -Xcc -ivfsstatcache -Xcc /Users/samikhan/Library/Developer/Xcode/DerivedData/SDKStatCaches.noindex/macosx26.2-25C57-00fa09913b459cbbc988d1f6730289ae.sdkstatcache -output-file-map /Users/samikhan/Library/Developer/Xcode/DerivedData/AirSync-eadfyjinpqayikbfwaonzliglerl/Build/Intermediates.noindex/SwiftImageReadWrite.build/Debug/SwiftImageReadWrite.build/Objects-normal/arm64/SwiftImageReadWrite-OutputFileMap.json -use-frontend-parseable-output -save-temps -no-color-diagnostics -explicit-module-build -module-cache-path /Users/samikhan/Library/Developer/Xcode/DerivedData/AirSync-eadfyjinpqayikbfwaonzliglerl/Build/Intermediates.noindex/SwiftExplicitPrecompiledModules -clang-scanner-module-cache-path /Users/samikhan/Library/Developer/Xcode/DerivedData/ModuleCache.noindex -sdk-module-cache-path /Users/samikhan/Library/Developer/Xcode/DerivedData/ModuleCache.noindex -serialize-diagnostics -emit-dependencies -emit-module -emit-module-path /Users/samikhan/Library/Developer/Xcode/DerivedData/AirSync-eadfyjinpqayikbfwaonzliglerl/Build/Intermediates.noindex/SwiftImageReadWrite.build/Debug/SwiftImageReadWrite.build/Objects-normal/arm64/SwiftImageReadWrite.swiftmodule -validate-clang-modules-once -clang-build-session-file /Users/samikhan/Library/Developer/Xcode/DerivedData/ModuleCache.noindex/Session.modulevalidation -Xcc -I/Users/samikhan/Library/Developer/Xcode/DerivedData/AirSync-eadfyjinpqayikbfwaonzliglerl/Build/Intermediates.noindex/SwiftImageReadWrite.build/Debug/SwiftImageReadWrite.build/swift-overrides.hmap -emit-const-values -Xfrontend -const-gather-protocols-file -Xfrontend /Users/samikhan/Library/Developer/Xcode/DerivedData/AirSync-eadfyjinpqayikbfwaonzliglerl/Build/Intermediates.noindex/SwiftImageReadWrite.build/Debug/SwiftImageReadWrite.build/Objects-normal/arm64/SwiftImageReadWrite_const_extract_protocols.json -Xcc -I/Users/samikhan/Library/Developer/Xcode/DerivedData/AirSync-eadfyjinpqayikbfwaonzliglerl/SourcePackages/checkouts/SwiftImageReadWrite/build/Debug/include -Xcc -I/Users/samikhan/Library/Developer/Xcode/DerivedData/AirSync-eadfyjinpqayikbfwaonzliglerl/Build/Intermediates.noindex/SwiftImageReadWrite.build/Debug/SwiftImageReadWrite.build/DerivedSources-normal/arm64 -Xcc -I/Users/samikhan/Library/Developer/Xcode/DerivedData/AirSync-eadfyjinpqayikbfwaonzliglerl/Build/Intermediates.noindex/SwiftImageReadWrite.build/Debug/SwiftImageReadWrite.build/DerivedSources/arm64 -Xcc -I/Users/samikhan/Library/Developer/Xcode/DerivedData/AirSync-eadfyjinpqayikbfwaonzliglerl/Build/Intermediates.noindex/SwiftImageReadWrite.build/Debug/SwiftImageReadWrite.build/DerivedSources -Xcc -DSWIFT_PACKAGE -Xcc -DDEBUG\=1 -emit-objc-header -emit-objc-header-path /Users/samikhan/Library/Developer/Xcode/DerivedData/AirSync-eadfyjinpqayikbfwaonzliglerl/Build/Intermediates.noindex/SwiftImageReadWrite.build/Debug/SwiftImageReadWrite.build/Objects-normal/arm64/SwiftImageReadWrite-Swift.h -working-directory /Users/samikhan/Documents/Claude/airsync-mac-main/AirSync.xcodeproj -experimental-emit-module-separately -disable-cmo

SwiftDriverJobDiscovery normal arm64 Compiling DemoServer.swift, Errno.swift, Files.swift (in target 'Swifter' from project 'Swifter')

SwiftCompile normal arm64 Compiling\ ImageExportTypes.swift,\ SwiftUI+extensions.swift /Users/samikhan/Library/Developer/Xcode/DerivedData/AirSync-eadfyjinpqayikbfwaonzliglerl/SourcePackages/checkouts/SwiftImageReadWrite/Sources/SwiftImageReadWrite/utils/ImageExportTypes.swift /Users/samikhan/Library/Developer/Xcode/DerivedData/AirSync-eadfyjinpqayikbfwaonzliglerl/SourcePackages/checkouts/SwiftImageReadWrite/Sources/SwiftImageReadWrite/utils/SwiftUI+extensions.swift (in target 'SwiftImageReadWrite' from project 'SwiftImageReadWrite')
SwiftCompile normal arm64 /Users/samikhan/Library/Developer/Xcode/DerivedData/AirSync-eadfyjinpqayikbfwaonzliglerl/SourcePackages/checkouts/SwiftImageReadWrite/Sources/SwiftImageReadWrite/utils/ImageExportTypes.swift (in target 'SwiftImageReadWrite' from project 'SwiftImageReadWrite')
    cd /Users/samikhan/Documents/Claude/airsync-mac-main/AirSync.xcodeproj
    

SwiftCompile normal arm64 /Users/samikhan/Library/Developer/Xcode/DerivedData/AirSync-eadfyjinpqayikbfwaonzliglerl/SourcePackages/checkouts/SwiftImageReadWrite/Sources/SwiftImageReadWrite/utils/SwiftUI+extensions.swift (in target 'SwiftImageReadWrite' from project 'SwiftImageReadWrite')
    cd /Users/samikhan/Documents/Claude/airsync-mac-main/AirSync.xcodeproj
    

SwiftMergeGeneratedHeaders /Users/samikhan/Library/Developer/Xcode/DerivedData/AirSync-eadfyjinpqayikbfwaonzliglerl/Build/Intermediates.noindex/GeneratedModuleMaps/SwiftImageReadWrite-Swift.h /Users/samikhan/Library/Developer/Xcode/DerivedData/AirSync-eadfyjinpqayikbfwaonzliglerl/Build/Intermediates.noindex/SwiftImageReadWrite.build/Debug/SwiftImageReadWrite.build/Objects-normal/arm64/SwiftImageReadWrite-Swift.h (in target 'SwiftImageReadWrite' from project 'SwiftImageReadWrite')
    cd /Users/samikhan/Library/Developer/Xcode/DerivedData/AirSync-eadfyjinpqayikbfwaonzliglerl/SourcePackages/checkouts/SwiftImageReadWrite
    builtin-swiftHeaderTool -arch arm64 /Users/samikhan/Library/Developer/Xcode/DerivedData/AirSync-eadfyjinpqayikbfwaonzliglerl/Build/Intermediates.noindex/SwiftImageReadWrite.build/Debug/SwiftImageReadWrite.build/Objects-normal/arm64/SwiftImageReadWrite-Swift.h -o /Users/samikhan/Library/Developer/Xcode/DerivedData/AirSync-eadfyjinpqayikbfwaonzliglerl/Build/Intermediates.noindex/GeneratedModuleMaps/SwiftImageReadWrite-Swift.h

SwiftDriverJobDiscovery normal arm64 Compiling HttpParser.swift, HttpRequest.swift, HttpResponse.swift (in target 'Swifter' from project 'Swifter')

Copy /Users/samikhan/Library/Developer/Xcode/DerivedData/AirSync-eadfyjinpqayikbfwaonzliglerl/SourcePackages/checkouts/SwiftImageReadWrite/build/Debug/SwiftImageReadWrite.swiftmodule/arm64-apple-macos.swiftmodule /Users/samikhan/Library/Developer/Xcode/DerivedData/AirSync-eadfyjinpqayikbfwaonzliglerl/Build/Intermediates.noindex/SwiftImageReadWrite.build/Debug/SwiftImageReadWrite.build/Objects-normal/arm64/SwiftImageReadWrite.swiftmodule (in target 'SwiftImageReadWrite' from project 'SwiftImageReadWrite')
    cd /Users/samikhan/Library/Developer/Xcode/DerivedData/AirSync-eadfyjinpqayikbfwaonzliglerl/SourcePackages/checkouts/SwiftImageReadWrite
    builtin-copy -exclude .DS_Store -exclude CVS -exclude .svn -exclude .git -exclude .hg -resolve-src-symlinks -rename /Users/samikhan/Library/Developer/Xcode/DerivedData/AirSync-eadfyjinpqayikbfwaonzliglerl/Build/Intermediates.noindex/SwiftImageReadWrite.build/Debug/SwiftImageReadWrite.build/Objects-normal/arm64/SwiftImageReadWrite.swiftmodule /Users/samikhan/Library/Developer/Xcode/DerivedData/AirSync-eadfyjinpqayikbfwaonzliglerl/SourcePackages/checkouts/SwiftImageReadWrite/build/Debug/SwiftImageReadWrite.swiftmodule/arm64-apple-macos.swiftmodule

Copy /Users/samikhan/Library/Developer/Xcode/DerivedData/AirSync-eadfyjinpqayikbfwaonzliglerl/SourcePackages/checkouts/SwiftImageReadWrite/build/Debug/SwiftImageReadWrite.swiftmodule/arm64-apple-macos.swiftdoc /Users/samikhan/Library/Developer/Xcode/DerivedData/AirSync-eadfyjinpqayikbfwaonzliglerl/Build/Intermediates.noindex/SwiftImageReadWrite.build/Debug/SwiftImageReadWrite.build/Objects-normal/arm64/SwiftImageReadWrite.swiftdoc (in target 'SwiftImageReadWrite' from project 'SwiftImageReadWrite')
    cd /Users/samikhan/Library/Developer/Xcode/DerivedData/AirSync-eadfyjinpqayikbfwaonzliglerl/SourcePackages/checkouts/SwiftImageReadWrite
    builtin-copy -exclude .DS_Store -exclude CVS -exclude .svn -exclude .git -exclude .hg -resolve-src-symlinks -rename /Users/samikhan/Library/Developer/Xcode/DerivedData/AirSync-eadfyjinpqayikbfwaonzliglerl/Build/Intermediates.noindex/SwiftImageReadWrite.build/Debug/SwiftImageReadWrite.build/Objects-normal/arm64/SwiftImageReadWrite.swiftdoc /Users/samikhan/Library/Developer/Xcode/DerivedData/AirSync-eadfyjinpqayikbfwaonzliglerl/SourcePackages/checkouts/SwiftImageReadWrite/build/Debug/SwiftImageReadWrite.swiftmodule/arm64-apple-macos.swiftdoc

Copy /Users/samikhan/Library/Developer/Xcode/DerivedData/AirSync-eadfyjinpqayikbfwaonzliglerl/SourcePackages/checkouts/SwiftImageReadWrite/build/Debug/SwiftImageReadWrite.swiftmodule/arm64-apple-macos.abi.json /Users/samikhan/Library/Developer/Xcode/DerivedData/AirSync-eadfyjinpqayikbfwaonzliglerl/Build/Intermediates.noindex/SwiftImageReadWrite.build/Debug/SwiftImageReadWrite.build/Objects-normal/arm64/SwiftImageReadWrite.abi.json (in target 'SwiftImageReadWrite' from project 'SwiftImageReadWrite')
    cd /Users/samikhan/Library/Developer/Xcode/DerivedData/AirSync-eadfyjinpqayikbfwaonzliglerl/SourcePackages/checkouts/SwiftImageReadWrite
    builtin-copy -exclude .DS_Store -exclude CVS -exclude .svn -exclude .git -exclude .hg -resolve-src-symlinks -rename /Users/samikhan/Library/Developer/Xcode/DerivedData/AirSync-eadfyjinpqayikbfwaonzliglerl/Build/Intermediates.noindex/SwiftImageReadWrite.build/Debug/SwiftImageReadWrite.build/Objects-normal/arm64/SwiftImageReadWrite.abi.json /Users/samikhan/Library/Developer/Xcode/DerivedData/AirSync-eadfyjinpqayikbfwaonzliglerl/SourcePackages/checkouts/SwiftImageReadWrite/build/Debug/SwiftImageReadWrite.swiftmodule/arm64-apple-macos.abi.json

Copy /Users/samikhan/Library/Developer/Xcode/DerivedData/AirSync-eadfyjinpqayikbfwaonzliglerl/SourcePackages/checkouts/SwiftImageReadWrite/build/Debug/SwiftImageReadWrite.swiftmodule/Project/arm64-apple-macos.swiftsourceinfo /Users/samikhan/Library/Developer/Xcode/DerivedData/AirSync-eadfyjinpqayikbfwaonzliglerl/Build/Intermediates.noindex/SwiftImageReadWrite.build/Debug/SwiftImageReadWrite.build/Objects-normal/arm64/SwiftImageReadWrite.swiftsourceinfo (in target 'SwiftImageReadWrite' from project 'SwiftImageReadWrite')
    cd /Users/samikhan/Library/Developer/Xcode/DerivedData/AirSync-eadfyjinpqayikbfwaonzliglerl/SourcePackages/checkouts/SwiftImageReadWrite
    builtin-copy -exclude .DS_Store -exclude CVS -exclude .svn -exclude .git -exclude .hg -resolve-src-symlinks -rename /Users/samikhan/Library/Developer/Xcode/DerivedData/AirSync-eadfyjinpqayikbfwaonzliglerl/Build/Intermediates.noindex/SwiftImageReadWrite.build/Debug/SwiftImageReadWrite.build/Objects-normal/arm64/SwiftImageReadWrite.swiftsourceinfo /Users/samikhan/Library/Developer/Xcode/DerivedData/AirSync-eadfyjinpqayikbfwaonzliglerl/SourcePackages/checkouts/SwiftImageReadWrite/build/Debug/SwiftImageReadWrite.swiftmodule/Project/arm64-apple-macos.swiftsourceinfo

SwiftCompile normal arm64 Compiling\ CGImage+import.swift,\ CGImage+platform.swift /Users/samikhan/Library/Developer/Xcode/DerivedData/AirSync-eadfyjinpqayikbfwaonzliglerl/SourcePackages/checkouts/SwiftImageReadWrite/Sources/SwiftImageReadWrite/CGImage/CGImage+import.swift /Users/samikhan/Library/Developer/Xcode/DerivedData/AirSync-eadfyjinpqayikbfwaonzliglerl/SourcePackages/checkouts/SwiftImageReadWrite/Sources/SwiftImageReadWrite/CGImage/CGImage+platform.swift (in target 'SwiftImageReadWrite' from project 'SwiftImageReadWrite')

SwiftCompile normal arm64 /Users/samikhan/Library/Developer/Xcode/DerivedData/AirSync-eadfyjinpqayikbfwaonzliglerl/SourcePackages/checkouts/SwiftImageReadWrite/Sources/SwiftImageReadWrite/CGImage/CGImage+import.swift (in target 'SwiftImageReadWrite' from project 'SwiftImageReadWrite')
    cd /Users/samikhan/Documents/Claude/airsync-mac-main/AirSync.xcodeproj
    

SwiftCompile normal arm64 /Users/samikhan/Library/Developer/Xcode/DerivedData/AirSync-eadfyjinpqayikbfwaonzliglerl/SourcePackages/checkouts/SwiftImageReadWrite/Sources/SwiftImageReadWrite/CGImage/CGImage+platform.swift (in target 'SwiftImageReadWrite' from project 'SwiftImageReadWrite')
    cd /Users/samikhan/Documents/Claude/airsync-mac-main/AirSync.xcodeproj
    

SwiftDriverJobDiscovery normal arm64 Compiling HttpRouter.swift, HttpServer.swift, HttpServerIO.swift (in target 'Swifter' from project 'Swifter')

SwiftCompile normal arm64 Compiling\ CGImage+colorspace.swift,\ CGImage+export.swift,\ CGImage+extensions.swift /Users/samikhan/Library/Developer/Xcode/DerivedData/AirSync-eadfyjinpqayikbfwaonzliglerl/SourcePackages/checkouts/SwiftImageReadWrite/Sources/SwiftImageReadWrite/CGImage/CGImage+colorspace.swift /Users/samikhan/Library/Developer/Xcode/DerivedData/AirSync-eadfyjinpqayikbfwaonzliglerl/SourcePackages/checkouts/SwiftImageReadWrite/Sources/SwiftImageReadWrite/CGImage/CGImage+export.swift /Users/samikhan/Library/Developer/Xcode/DerivedData/AirSync-eadfyjinpqayikbfwaonzliglerl/SourcePackages/checkouts/SwiftImageReadWrite/Sources/SwiftImageReadWrite/CGImage/CGImage+extensions.swift (in target 'SwiftImageReadWrite' from project 'SwiftImageReadWrite')

SwiftCompile normal arm64 /Users/samikhan/Library/Developer/Xcode/DerivedData/AirSync-eadfyjinpqayikbfwaonzliglerl/SourcePackages/checkouts/SwiftImageReadWrite/Sources/SwiftImageReadWrite/CGImage/CGImage+colorspace.swift (in target 'SwiftImageReadWrite' from project 'SwiftImageReadWrite')
    cd /Users/samikhan/Documents/Claude/airsync-mac-main/AirSync.xcodeproj
    

SwiftCompile normal arm64 /Users/samikhan/Library/Developer/Xcode/DerivedData/AirSync-eadfyjinpqayikbfwaonzliglerl/SourcePackages/checkouts/SwiftImageReadWrite/Sources/SwiftImageReadWrite/CGImage/CGImage+export.swift (in target 'SwiftImageReadWrite' from project 'SwiftImageReadWrite')
    cd /Users/samikhan/Documents/Claude/airsync-mac-main/AirSync.xcodeproj
    

SwiftCompile normal arm64 /Users/samikhan/Library/Developer/Xcode/DerivedData/AirSync-eadfyjinpqayikbfwaonzliglerl/SourcePackages/checkouts/SwiftImageReadWrite/Sources/SwiftImageReadWrite/CGImage/CGImage+extensions.swift (in target 'SwiftImageReadWrite' from project 'SwiftImageReadWrite')
    cd /Users/samikhan/Documents/Claude/airsync-mac-main/AirSync.xcodeproj
    

SwiftCompile normal arm64 Compiling\ Utils.swift,\ Errors.swift /Users/samikhan/Library/Developer/Xcode/DerivedData/AirSync-eadfyjinpqayikbfwaonzliglerl/SourcePackages/checkouts/SwiftImageReadWrite/Sources/SwiftImageReadWrite/private/Utils.swift /Users/samikhan/Library/Developer/Xcode/DerivedData/AirSync-eadfyjinpqayikbfwaonzliglerl/SourcePackages/checkouts/SwiftImageReadWrite/Sources/SwiftImageReadWrite/utils/Errors.swift (in target 'SwiftImageReadWrite' from project 'SwiftImageReadWrite')

SwiftCompile normal arm64 /Users/samikhan/Library/Developer/Xcode/DerivedData/AirSync-eadfyjinpqayikbfwaonzliglerl/SourcePackages/checkouts/SwiftImageReadWrite/Sources/SwiftImageReadWrite/private/Utils.swift (in target 'SwiftImageReadWrite' from project 'SwiftImageReadWrite')
    cd /Users/samikhan/Documents/Claude/airsync-mac-main/AirSync.xcodeproj
    

SwiftCompile normal arm64 /Users/samikhan/Library/Developer/Xcode/DerivedData/AirSync-eadfyjinpqayikbfwaonzliglerl/SourcePackages/checkouts/SwiftImageReadWrite/Sources/SwiftImageReadWrite/utils/Errors.swift (in target 'SwiftImageReadWrite' from project 'SwiftImageReadWrite')
    cd /Users/samikhan/Documents/Claude/airsync-mac-main/AirSync.xcodeproj
    

SwiftDriverJobDiscovery normal arm64 Compiling Socket+File.swift, Socket+Server.swift (in target 'Swifter' from project 'Swifter')

SwiftCompile normal arm64 Compiling\ PlatformImage+export.swift,\ PlatformImage+import.swift /Users/samikhan/Library/Developer/Xcode/DerivedData/AirSync-eadfyjinpqayikbfwaonzliglerl/SourcePackages/checkouts/SwiftImageReadWrite/Sources/SwiftImageReadWrite/platform/PlatformImage+export.swift /Users/samikhan/Library/Developer/Xcode/DerivedData/AirSync-eadfyjinpqayikbfwaonzliglerl/SourcePackages/checkouts/SwiftImageReadWrite/Sources/SwiftImageReadWrite/platform/PlatformImage+import.swift (in target 'SwiftImageReadWrite' from project 'SwiftImageReadWrite')

SwiftCompile normal arm64 /Users/samikhan/Library/Developer/Xcode/DerivedData/AirSync-eadfyjinpqayikbfwaonzliglerl/SourcePackages/checkouts/SwiftImageReadWrite/Sources/SwiftImageReadWrite/platform/PlatformImage+export.swift (in target 'SwiftImageReadWrite' from project 'SwiftImageReadWrite')
    cd /Users/samikhan/Documents/Claude/airsync-mac-main/AirSync.xcodeproj
    

SwiftCompile normal arm64 /Users/samikhan/Library/Developer/Xcode/DerivedData/AirSync-eadfyjinpqayikbfwaonzliglerl/SourcePackages/checkouts/SwiftImageReadWrite/Sources/SwiftImageReadWrite/platform/PlatformImage+import.swift (in target 'SwiftImageReadWrite' from project 'SwiftImageReadWrite')
    cd /Users/samikhan/Documents/Claude/airsync-mac-main/AirSync.xcodeproj
    

SwiftDriverJobDiscovery normal arm64 Compiling CGImage+import.swift, CGImage+platform.swift (in target 'SwiftImageReadWrite' from project 'SwiftImageReadWrite')

SwiftCompile normal arm64 Compiling\ PlatformImage+macOS.swift,\ PlatformImage.swift /Users/samikhan/Library/Developer/Xcode/DerivedData/AirSync-eadfyjinpqayikbfwaonzliglerl/SourcePackages/checkouts/SwiftImageReadWrite/Sources/SwiftImageReadWrite/platform/PlatformImage+macOS.swift /Users/samikhan/Library/Developer/Xcode/DerivedData/AirSync-eadfyjinpqayikbfwaonzliglerl/SourcePackages/checkouts/SwiftImageReadWrite/Sources/SwiftImageReadWrite/platform/PlatformImage.swift (in target 'SwiftImageReadWrite' from project 'SwiftImageReadWrite')

SwiftCompile normal arm64 /Users/samikhan/Library/Developer/Xcode/DerivedData/AirSync-eadfyjinpqayikbfwaonzliglerl/SourcePackages/checkouts/SwiftImageReadWrite/Sources/SwiftImageReadWrite/platform/PlatformImage+macOS.swift (in target 'SwiftImageReadWrite' from project 'SwiftImageReadWrite')
    cd /Users/samikhan/Documents/Claude/airsync-mac-main/AirSync.xcodeproj
    

SwiftCompile normal arm64 /Users/samikhan/Library/Developer/Xcode/DerivedData/AirSync-eadfyjinpqayikbfwaonzliglerl/SourcePackages/checkouts/SwiftImageReadWrite/Sources/SwiftImageReadWrite/platform/PlatformImage.swift (in target 'SwiftImageReadWrite' from project 'SwiftImageReadWrite')
    cd /Users/samikhan/Documents/Claude/airsync-mac-main/AirSync.xcodeproj
    

SwiftDriverJobDiscovery normal arm64 Compiling CIImage+extensions.swift, PlatformImage+codable.swift (in target 'SwiftImageReadWrite' from project 'SwiftImageReadWrite')

SwiftCompile normal arm64 Compiling\ resource_bundle_accessor.swift,\ CGImage+SVG.swift,\ CGImage+codable.swift /Users/samikhan/Library/Developer/Xcode/DerivedData/AirSync-eadfyjinpqayikbfwaonzliglerl/Build/Intermediates.noindex/SwiftImageReadWrite.build/Debug/SwiftImageReadWrite.build/DerivedSources/resource_bundle_accessor.swift /Users/samikhan/Library/Developer/Xcode/DerivedData/AirSync-eadfyjinpqayikbfwaonzliglerl/SourcePackages/checkouts/SwiftImageReadWrite/Sources/SwiftImageReadWrite/CGImage/CGImage+SVG.swift /Users/samikhan/Library/Developer/Xcode/DerivedData/AirSync-eadfyjinpqayikbfwaonzliglerl/SourcePackages/checkouts/SwiftImageReadWrite/Sources/SwiftImageReadWrite/CGImage/CGImage+codable.swift (in target 'SwiftImageReadWrite' from project 'SwiftImageReadWrite')

SwiftCompile normal arm64 /Users/samikhan/Library/Developer/Xcode/DerivedData/AirSync-eadfyjinpqayikbfwaonzliglerl/Build/Intermediates.noindex/SwiftImageReadWrite.build/Debug/SwiftImageReadWrite.build/DerivedSources/resource_bundle_accessor.swift (in target 'SwiftImageReadWrite' from project 'SwiftImageReadWrite')
    cd /Users/samikhan/Documents/Claude/airsync-mac-main/AirSync.xcodeproj
    

SwiftCompile normal arm64 /Users/samikhan/Library/Developer/Xcode/DerivedData/AirSync-eadfyjinpqayikbfwaonzliglerl/SourcePackages/checkouts/SwiftImageReadWrite/Sources/SwiftImageReadWrite/CGImage/CGImage+SVG.swift (in target 'SwiftImageReadWrite' from project 'SwiftImageReadWrite')
    cd /Users/samikhan/Documents/Claude/airsync-mac-main/AirSync.xcodeproj
    

SwiftCompile normal arm64 /Users/samikhan/Library/Developer/Xcode/DerivedData/AirSync-eadfyjinpqayikbfwaonzliglerl/SourcePackages/checkouts/SwiftImageReadWrite/Sources/SwiftImageReadWrite/CGImage/CGImage+codable.swift (in target 'SwiftImageReadWrite' from project 'SwiftImageReadWrite')
    cd /Users/samikhan/Documents/Claude/airsync-mac-main/AirSync.xcodeproj
    

SwiftEmitModule normal arm64 Emitting\ module\ for\ LottieUI (in target 'LottieUI' from project 'LottieUI')

EmitSwiftModule normal arm64 (in target 'LottieUI' from project 'LottieUI')
    cd /Users/samikhan/Documents/Claude/airsync-mac-main/AirSync.xcodeproj
    

SwiftDriverJobDiscovery normal arm64 Compiling Utils.swift, Errors.swift (in target 'SwiftImageReadWrite' from project 'SwiftImageReadWrite')

SwiftDriverJobDiscovery normal arm64 Compiling PlatformImage+macOS.swift, PlatformImage.swift (in target 'SwiftImageReadWrite' from project 'SwiftImageReadWrite')

SwiftCompile normal arm64 Compiling\ QRCodeError.swift /Users/samikhan/Library/Developer/Xcode/DerivedData/AirSync-eadfyjinpqayikbfwaonzliglerl/SourcePackages/checkouts/swift-qrcode-generator/Sources/QRCodeGenerator/QRCodeError.swift (in target 'QRCodeGenerator' from project 'swift-qrcode-generator')

SwiftCompile normal arm64 /Users/samikhan/Library/Developer/Xcode/DerivedData/AirSync-eadfyjinpqayikbfwaonzliglerl/SourcePackages/checkouts/swift-qrcode-generator/Sources/QRCodeGenerator/QRCodeError.swift (in target 'QRCodeGenerator' from project 'swift-qrcode-generator')
    cd /Users/samikhan/Documents/Claude/airsync-mac-main/AirSync.xcodeproj
    

SwiftDriverJobDiscovery normal arm64 Compiling PlatformImage+export.swift, PlatformImage+import.swift (in target 'SwiftImageReadWrite' from project 'SwiftImageReadWrite')

SwiftCompile normal arm64 Compiling\ QRCodeECC.swift /Users/samikhan/Library/Developer/Xcode/DerivedData/AirSync-eadfyjinpqayikbfwaonzliglerl/SourcePackages/checkouts/swift-qrcode-generator/Sources/QRCodeGenerator/QRCodeECC.swift (in target 'QRCodeGenerator' from project 'swift-qrcode-generator')

SwiftCompile normal arm64 /Users/samikhan/Library/Developer/Xcode/DerivedData/AirSync-eadfyjinpqayikbfwaonzliglerl/SourcePackages/checkouts/swift-qrcode-generator/Sources/QRCodeGenerator/QRCodeECC.swift (in target 'QRCodeGenerator' from project 'swift-qrcode-generator')
    cd /Users/samikhan/Documents/Claude/airsync-mac-main/AirSync.xcodeproj
    

SwiftCompile normal arm64 Compiling\ QRCodeConstants.swift /Users/samikhan/Library/Developer/Xcode/DerivedData/AirSync-eadfyjinpqayikbfwaonzliglerl/SourcePackages/checkouts/swift-qrcode-generator/Sources/QRCodeGenerator/QRCodeConstants.swift (in target 'QRCodeGenerator' from project 'swift-qrcode-generator')

SwiftCompile normal arm64 /Users/samikhan/Library/Developer/Xcode/DerivedData/AirSync-eadfyjinpqayikbfwaonzliglerl/SourcePackages/checkouts/swift-qrcode-generator/Sources/QRCodeGenerator/QRCodeConstants.swift (in target 'QRCodeGenerator' from project 'swift-qrcode-generator')
    cd /Users/samikhan/Documents/Claude/airsync-mac-main/AirSync.xcodeproj
    

SwiftDriverJobDiscovery normal arm64 Emitting module for LottieUI (in target 'LottieUI' from project 'LottieUI')

SwiftDriver\ Compilation\ Requirements LottieUI normal arm64 com.apple.xcode.tools.swift.compiler (in target 'LottieUI' from project 'LottieUI')
    cd /Users/samikhan/Documents/Claude/airsync-mac-main/AirSync.xcodeproj
    builtin-Swift-Compilation-Requirements -- /Applications/Xcode.app/Contents/Developer/Toolchains/XcodeDefault.xctoolchain/usr/bin/swiftc -module-name LottieUI -Onone -enforce-exclusivity\=checked @/Users/samikhan/Library/Developer/Xcode/DerivedData/AirSync-eadfyjinpqayikbfwaonzliglerl/Build/Intermediates.noindex/LottieUI.build/Debug/LottieUI.build/Objects-normal/arm64/LottieUI.SwiftFileList -DSWIFT_PACKAGE -DDEBUG -DSWIFT_MODULE_RESOURCE_BUNDLE_UNAVAILABLE -DXcode -plugin-path /Applications/Xcode.app/Contents/Developer/Toolchains/XcodeDefault.xctoolchain/usr/lib/swift/host/plugins/testing -enable-experimental-feature DebugDescriptionMacro -sdk /Applications/Xcode.app/Contents/Developer/Platforms/MacOSX.platform/Developer/SDKs/MacOSX26.2.sdk -target arm64-apple-macos10.15 -g -module-cache-path /Users/samikhan/Library/Developer/Xcode/DerivedData/ModuleCache.noindex -Xfrontend -serialize-debugging-options -enable-testing -suppress-warnings -index-store-path /Users/samikhan/Library/Developer/Xcode/DerivedData/AirSync-eadfyjinpqayikbfwaonzliglerl/Index.noindex/DataStore -Xcc -D_LIBCPP_HARDENING_MODE\=_LIBCPP_HARDENING_MODE_DEBUG -swift-version 5 -I /Users/samikhan/Library/Developer/Xcode/DerivedData/AirSync-eadfyjinpqayikbfwaonzliglerl/SourcePackages/checkouts/LottieUI/build/Debug -Isystem /Applications/Xcode.app/Contents/Developer/Platforms/MacOSX.platform/Developer/usr/lib -F /Users/samikhan/Library/Developer/Xcode/DerivedData/AirSync-eadfyjinpqayikbfwaonzliglerl/SourcePackages/checkouts/LottieUI/build/Debug/PackageFrameworks -F /Users/samikhan/Library/Developer/Xcode/DerivedData/AirSync-eadfyjinpqayikbfwaonzliglerl/SourcePackages/checkouts/LottieUI/build/Debug -F /Applications/Xcode.app/Contents/Developer/Platforms/MacOSX.platform/Developer/Library/Frameworks -c -j8 -enable-batch-mode -incremental -Xcc -ivfsstatcache -Xcc /Users/samikhan/Library/Developer/Xcode/DerivedData/SDKStatCaches.noindex/macosx26.2-25C57-00fa09913b459cbbc988d1f6730289ae.sdkstatcache -output-file-map /Users/samikhan/Library/Developer/Xcode/DerivedData/AirSync-eadfyjinpqayikbfwaonzliglerl/Build/Intermediates.noindex/LottieUI.build/Debug/LottieUI.build/Objects-normal/arm64/LottieUI-OutputFileMap.json -use-frontend-parseable-output -save-temps -no-color-diagnostics -explicit-module-build -module-cache-path /Users/samikhan/Library/Developer/Xcode/DerivedData/AirSync-eadfyjinpqayikbfwaonzliglerl/Build/Intermediates.noindex/SwiftExplicitPrecompiledModules -clang-scanner-module-cache-path /Users/samikhan/Library/Developer/Xcode/DerivedData/ModuleCache.noindex -sdk-module-cache-path /Users/samikhan/Library/Developer/Xcode/DerivedData/ModuleCache.noindex -serialize-diagnostics -emit-dependencies -emit-module -emit-module-path /Users/samikhan/Library/Developer/Xcode/DerivedData/AirSync-eadfyjinpqayikbfwaonzliglerl/Build/Intermediates.noindex/LottieUI.build/Debug/LottieUI.build/Objects-normal/arm64/LottieUI.swiftmodule -validate-clang-modules-once -clang-build-session-file /Users/samikhan/Library/Developer/Xcode/DerivedData/ModuleCache.noindex/Session.modulevalidation -Xcc -I/Users/samikhan/Library/Developer/Xcode/DerivedData/AirSync-eadfyjinpqayikbfwaonzliglerl/Build/Intermediates.noindex/LottieUI.build/Debug/LottieUI.build/swift-overrides.hmap -emit-const-values -Xfrontend -const-gather-protocols-file -Xfrontend /Users/samikhan/Library/Developer/Xcode/DerivedData/AirSync-eadfyjinpqayikbfwaonzliglerl/Build/Intermediates.noindex/LottieUI.build/Debug/LottieUI.build/Objects-normal/arm64/LottieUI_const_extract_protocols.json -Xcc -I/Users/samikhan/Library/Developer/Xcode/DerivedData/AirSync-eadfyjinpqayikbfwaonzliglerl/SourcePackages/checkouts/LottieUI/build/Debug/include -Xcc -I/Users/samikhan/Library/Developer/Xcode/DerivedData/AirSync-eadfyjinpqayikbfwaonzliglerl/Build/Intermediates.noindex/LottieUI.build/Debug/LottieUI.build/DerivedSources-normal/arm64 -Xcc -I/Users/samikhan/Library/Developer/Xcode/DerivedData/AirSync-eadfyjinpqayikbfwaonzliglerl/Build/Intermediates.noindex/LottieUI.build/Debug/LottieUI.build/DerivedSources/arm64 -Xcc -I/Users/samikhan/Library/Developer/Xcode/DerivedData/AirSync-eadfyjinpqayikbfwaonzliglerl/Build/Intermediates.noindex/LottieUI.build/Debug/LottieUI.build/DerivedSources -Xcc -DSWIFT_PACKAGE -Xcc -DDEBUG\=1 -emit-objc-header -emit-objc-header-path /Users/samikhan/Library/Developer/Xcode/DerivedData/AirSync-eadfyjinpqayikbfwaonzliglerl/Build/Intermediates.noindex/LottieUI.build/Debug/LottieUI.build/Objects-normal/arm64/LottieUI-Swift.h -working-directory /Users/samikhan/Documents/Claude/airsync-mac-main/AirSync.xcodeproj -experimental-emit-module-separately -disable-cmo

SwiftDriverJobDiscovery normal arm64 Compiling QRCodeError.swift (in target 'QRCodeGenerator' from project 'swift-qrcode-generator')

SwiftCompile normal arm64 Compiling\ QRCode.swift /Users/samikhan/Library/Developer/Xcode/DerivedData/AirSync-eadfyjinpqayikbfwaonzliglerl/SourcePackages/checkouts/swift-qrcode-generator/Sources/QRCodeGenerator/QRCode.swift (in target 'QRCodeGenerator' from project 'swift-qrcode-generator')
SwiftCompile normal arm64 /Users/samikhan/Library/Developer/Xcode/DerivedData/AirSync-eadfyjinpqayikbfwaonzliglerl/SourcePackages/checkouts/swift-qrcode-generator/Sources/QRCodeGenerator/QRCode.swift (in target 'QRCodeGenerator' from project 'swift-qrcode-generator')
    cd /Users/samikhan/Documents/Claude/airsync-mac-main/AirSync.xcodeproj
    

SwiftMergeGeneratedHeaders /Users/samikhan/Library/Developer/Xcode/DerivedData/AirSync-eadfyjinpqayikbfwaonzliglerl/Build/Intermediates.noindex/GeneratedModuleMaps/LottieUI-Swift.h /Users/samikhan/Library/Developer/Xcode/DerivedData/AirSync-eadfyjinpqayikbfwaonzliglerl/Build/Intermediates.noindex/LottieUI.build/Debug/LottieUI.build/Objects-normal/arm64/LottieUI-Swift.h (in target 'LottieUI' from project 'LottieUI')
    cd /Users/samikhan/Library/Developer/Xcode/DerivedData/AirSync-eadfyjinpqayikbfwaonzliglerl/SourcePackages/checkouts/LottieUI
    builtin-swiftHeaderTool -arch arm64 /Users/samikhan/Library/Developer/Xcode/DerivedData/AirSync-eadfyjinpqayikbfwaonzliglerl/Build/Intermediates.noindex/LottieUI.build/Debug/LottieUI.build/Objects-normal/arm64/LottieUI-Swift.h -o /Users/samikhan/Library/Developer/Xcode/DerivedData/AirSync-eadfyjinpqayikbfwaonzliglerl/Build/Intermediates.noindex/GeneratedModuleMaps/LottieUI-Swift.h

SwiftDriverJobDiscovery normal arm64 Compiling QRCodeECC.swift (in target 'QRCodeGenerator' from project 'swift-qrcode-generator')

Copy /Users/samikhan/Library/Developer/Xcode/DerivedData/AirSync-eadfyjinpqayikbfwaonzliglerl/SourcePackages/checkouts/LottieUI/build/Debug/LottieUI.swiftmodule/arm64-apple-macos.swiftmodule /Users/samikhan/Library/Developer/Xcode/DerivedData/AirSync-eadfyjinpqayikbfwaonzliglerl/Build/Intermediates.noindex/LottieUI.build/Debug/LottieUI.build/Objects-normal/arm64/LottieUI.swiftmodule (in target 'LottieUI' from project 'LottieUI')
    cd /Users/samikhan/Library/Developer/Xcode/DerivedData/AirSync-eadfyjinpqayikbfwaonzliglerl/SourcePackages/checkouts/LottieUI
    builtin-copy -exclude .DS_Store -exclude CVS -exclude .svn -exclude .git -exclude .hg -resolve-src-symlinks -rename /Users/samikhan/Library/Developer/Xcode/DerivedData/AirSync-eadfyjinpqayikbfwaonzliglerl/Build/Intermediates.noindex/LottieUI.build/Debug/LottieUI.build/Objects-normal/arm64/LottieUI.swiftmodule /Users/samikhan/Library/Developer/Xcode/DerivedData/AirSync-eadfyjinpqayikbfwaonzliglerl/SourcePackages/checkouts/LottieUI/build/Debug/LottieUI.swiftmodule/arm64-apple-macos.swiftmodule

Copy /Users/samikhan/Library/Developer/Xcode/DerivedData/AirSync-eadfyjinpqayikbfwaonzliglerl/SourcePackages/checkouts/LottieUI/build/Debug/LottieUI.swiftmodule/arm64-apple-macos.swiftdoc /Users/samikhan/Library/Developer/Xcode/DerivedData/AirSync-eadfyjinpqayikbfwaonzliglerl/Build/Intermediates.noindex/LottieUI.build/Debug/LottieUI.build/Objects-normal/arm64/LottieUI.swiftdoc (in target 'LottieUI' from project 'LottieUI')
    cd /Users/samikhan/Library/Developer/Xcode/DerivedData/AirSync-eadfyjinpqayikbfwaonzliglerl/SourcePackages/checkouts/LottieUI
    builtin-copy -exclude .DS_Store -exclude CVS -exclude .svn -exclude .git -exclude .hg -resolve-src-symlinks -rename /Users/samikhan/Library/Developer/Xcode/DerivedData/AirSync-eadfyjinpqayikbfwaonzliglerl/Build/Intermediates.noindex/LottieUI.build/Debug/LottieUI.build/Objects-normal/arm64/LottieUI.swiftdoc /Users/samikhan/Library/Developer/Xcode/DerivedData/AirSync-eadfyjinpqayikbfwaonzliglerl/SourcePackages/checkouts/LottieUI/build/Debug/LottieUI.swiftmodule/arm64-apple-macos.swiftdoc

Copy /Users/samikhan/Library/Developer/Xcode/DerivedData/AirSync-eadfyjinpqayikbfwaonzliglerl/SourcePackages/checkouts/LottieUI/build/Debug/LottieUI.swiftmodule/arm64-apple-macos.abi.json /Users/samikhan/Library/Developer/Xcode/DerivedData/AirSync-eadfyjinpqayikbfwaonzliglerl/Build/Intermediates.noindex/LottieUI.build/Debug/LottieUI.build/Objects-normal/arm64/LottieUI.abi.json (in target 'LottieUI' from project 'LottieUI')
    cd /Users/samikhan/Library/Developer/Xcode/DerivedData/AirSync-eadfyjinpqayikbfwaonzliglerl/SourcePackages/checkouts/LottieUI
    builtin-copy -exclude .DS_Store -exclude CVS -exclude .svn -exclude .git -exclude .hg -resolve-src-symlinks -rename /Users/samikhan/Library/Developer/Xcode/DerivedData/AirSync-eadfyjinpqayikbfwaonzliglerl/Build/Intermediates.noindex/LottieUI.build/Debug/LottieUI.build/Objects-normal/arm64/LottieUI.abi.json /Users/samikhan/Library/Developer/Xcode/DerivedData/AirSync-eadfyjinpqayikbfwaonzliglerl/SourcePackages/checkouts/LottieUI/build/Debug/LottieUI.swiftmodule/arm64-apple-macos.abi.json

Copy /Users/samikhan/Library/Developer/Xcode/DerivedData/AirSync-eadfyjinpqayikbfwaonzliglerl/SourcePackages/checkouts/LottieUI/build/Debug/LottieUI.swiftmodule/Project/arm64-apple-macos.swiftsourceinfo /Users/samikhan/Library/Developer/Xcode/DerivedData/AirSync-eadfyjinpqayikbfwaonzliglerl/Build/Intermediates.noindex/LottieUI.build/Debug/LottieUI.build/Objects-normal/arm64/LottieUI.swiftsourceinfo (in target 'LottieUI' from project 'LottieUI')
    cd /Users/samikhan/Library/Developer/Xcode/DerivedData/AirSync-eadfyjinpqayikbfwaonzliglerl/SourcePackages/checkouts/LottieUI
    builtin-copy -exclude .DS_Store -exclude CVS -exclude .svn -exclude .git -exclude .hg -resolve-src-symlinks -rename /Users/samikhan/Library/Developer/Xcode/DerivedData/AirSync-eadfyjinpqayikbfwaonzliglerl/Build/Intermediates.noindex/LottieUI.build/Debug/LottieUI.build/Objects-normal/arm64/LottieUI.swiftsourceinfo /Users/samikhan/Library/Developer/Xcode/DerivedData/AirSync-eadfyjinpqayikbfwaonzliglerl/SourcePackages/checkouts/LottieUI/build/Debug/LottieUI.swiftmodule/Project/arm64-apple-macos.swiftsourceinfo

SwiftCompile normal arm64 Compiling\ QRSegment.swift /Users/samikhan/Library/Developer/Xcode/DerivedData/AirSync-eadfyjinpqayikbfwaonzliglerl/SourcePackages/checkouts/swift-qrcode-generator/Sources/QRCodeGenerator/QRSegment.swift (in target 'QRCodeGenerator' from project 'swift-qrcode-generator')

SwiftCompile normal arm64 /Users/samikhan/Library/Developer/Xcode/DerivedData/AirSync-eadfyjinpqayikbfwaonzliglerl/SourcePackages/checkouts/swift-qrcode-generator/Sources/QRCodeGenerator/QRSegment.swift (in target 'QRCodeGenerator' from project 'swift-qrcode-generator')
    cd /Users/samikhan/Documents/Claude/airsync-mac-main/AirSync.xcodeproj
    

SwiftCompile normal arm64 Compiling\ QRCodeVersion.swift /Users/samikhan/Library/Developer/Xcode/DerivedData/AirSync-eadfyjinpqayikbfwaonzliglerl/SourcePackages/checkouts/swift-qrcode-generator/Sources/QRCodeGenerator/QRCodeVersion.swift (in target 'QRCodeGenerator' from project 'swift-qrcode-generator')

SwiftCompile normal arm64 /Users/samikhan/Library/Developer/Xcode/DerivedData/AirSync-eadfyjinpqayikbfwaonzliglerl/SourcePackages/checkouts/swift-qrcode-generator/Sources/QRCodeGenerator/QRCodeVersion.swift (in target 'QRCodeGenerator' from project 'swift-qrcode-generator')
    cd /Users/samikhan/Documents/Claude/airsync-mac-main/AirSync.xcodeproj
    

SwiftDriverJobDiscovery normal arm64 Compiling MimeTypes.swift, Process.swift, Scopes.swift (in target 'Swifter' from project 'Swifter')

SwiftCompile normal arm64 Compiling\ BitBuffer.swift /Users/samikhan/Library/Developer/Xcode/DerivedData/AirSync-eadfyjinpqayikbfwaonzliglerl/SourcePackages/checkouts/swift-qrcode-generator/Sources/QRCodeGenerator/BitBuffer.swift (in target 'QRCodeGenerator' from project 'swift-qrcode-generator')

SwiftCompile normal arm64 /Users/samikhan/Library/Developer/Xcode/DerivedData/AirSync-eadfyjinpqayikbfwaonzliglerl/SourcePackages/checkouts/swift-qrcode-generator/Sources/QRCodeGenerator/BitBuffer.swift (in target 'QRCodeGenerator' from project 'swift-qrcode-generator')
    cd /Users/samikhan/Documents/Claude/airsync-mac-main/AirSync.xcodeproj
    

SwiftDriverJobDiscovery normal arm64 Compiling CGImage+colorspace.swift, CGImage+export.swift, CGImage+extensions.swift (in target 'SwiftImageReadWrite' from project 'SwiftImageReadWrite')

SwiftCompile normal arm64 Compiling\ QRCodeMask.swift /Users/samikhan/Library/Developer/Xcode/DerivedData/AirSync-eadfyjinpqayikbfwaonzliglerl/SourcePackages/checkouts/swift-qrcode-generator/Sources/QRCodeGenerator/QRCodeMask.swift (in target 'QRCodeGenerator' from project 'swift-qrcode-generator')

SwiftCompile normal arm64 /Users/samikhan/Library/Developer/Xcode/DerivedData/AirSync-eadfyjinpqayikbfwaonzliglerl/SourcePackages/checkouts/swift-qrcode-generator/Sources/QRCodeGenerator/QRCodeMask.swift (in target 'QRCodeGenerator' from project 'swift-qrcode-generator')
    cd /Users/samikhan/Documents/Claude/airsync-mac-main/AirSync.xcodeproj
    

SwiftDriverJobDiscovery normal arm64 Compiling QRCodeConstants.swift (in target 'QRCodeGenerator' from project 'swift-qrcode-generator')

SwiftDriverJobDiscovery normal arm64 Compiling resource_bundle_accessor.swift, CGImage+SVG.swift, CGImage+codable.swift (in target 'SwiftImageReadWrite' from project 'SwiftImageReadWrite')

SwiftCompile normal arm64 Compiling\ WrappedAnimationView+iOS.swift /Users/samikhan/Library/Developer/Xcode/DerivedData/AirSync-eadfyjinpqayikbfwaonzliglerl/SourcePackages/checkouts/LottieUI/Sources/LottieUI/iOS/WrappedAnimationView+iOS.swift (in target 'LottieUI' from project 'LottieUI')

SwiftCompile normal arm64 /Users/samikhan/Library/Developer/Xcode/DerivedData/AirSync-eadfyjinpqayikbfwaonzliglerl/SourcePackages/checkouts/LottieUI/Sources/LottieUI/iOS/WrappedAnimationView+iOS.swift (in target 'LottieUI' from project 'LottieUI')
    cd /Users/samikhan/Documents/Claude/airsync-mac-main/AirSync.xcodeproj
    

SwiftDriverJobDiscovery normal arm64 Compiling QRCodeVersion.swift (in target 'QRCodeGenerator' from project 'swift-qrcode-generator')

SwiftCompile normal arm64 Compiling\ LottieView+iOS.swift,\ LottieView+macOS.swift /Users/samikhan/Library/Developer/Xcode/DerivedData/AirSync-eadfyjinpqayikbfwaonzliglerl/SourcePackages/checkouts/LottieUI/Sources/LottieUI/LottieView/LottieView+iOS.swift /Users/samikhan/Library/Developer/Xcode/DerivedData/AirSync-eadfyjinpqayikbfwaonzliglerl/SourcePackages/checkouts/LottieUI/Sources/LottieUI/LottieView/LottieView+macOS.swift (in target 'LottieUI' from project 'LottieUI')

SwiftCompile normal arm64 /Users/samikhan/Library/Developer/Xcode/DerivedData/AirSync-eadfyjinpqayikbfwaonzliglerl/SourcePackages/checkouts/LottieUI/Sources/LottieUI/LottieView/LottieView+iOS.swift (in target 'LottieUI' from project 'LottieUI')
    cd /Users/samikhan/Documents/Claude/airsync-mac-main/AirSync.xcodeproj
    

SwiftCompile normal arm64 /Users/samikhan/Library/Developer/Xcode/DerivedData/AirSync-eadfyjinpqayikbfwaonzliglerl/SourcePackages/checkouts/LottieUI/Sources/LottieUI/LottieView/LottieView+macOS.swift (in target 'LottieUI' from project 'LottieUI')
    cd /Users/samikhan/Documents/Claude/airsync-mac-main/AirSync.xcodeproj
    

SwiftDriverJobDiscovery normal arm64 Compiling QRCodeMask.swift (in target 'QRCodeGenerator' from project 'swift-qrcode-generator')

SwiftCompile normal arm64 Compiling\ LottieConfiguration.swift,\ LottieContentSource.swift /Users/samikhan/Library/Developer/Xcode/DerivedData/AirSync-eadfyjinpqayikbfwaonzliglerl/SourcePackages/checkouts/LottieUI/Sources/LottieUI/LottieConfiguration.swift /Users/samikhan/Library/Developer/Xcode/DerivedData/AirSync-eadfyjinpqayikbfwaonzliglerl/SourcePackages/checkouts/LottieUI/Sources/LottieUI/LottieContentSource.swift (in target 'LottieUI' from project 'LottieUI')

SwiftCompile normal arm64 /Users/samikhan/Library/Developer/Xcode/DerivedData/AirSync-eadfyjinpqayikbfwaonzliglerl/SourcePackages/checkouts/LottieUI/Sources/LottieUI/LottieConfiguration.swift (in target 'LottieUI' from project 'LottieUI')
    cd /Users/samikhan/Documents/Claude/airsync-mac-main/AirSync.xcodeproj
    

SwiftCompile normal arm64 /Users/samikhan/Library/Developer/Xcode/DerivedData/AirSync-eadfyjinpqayikbfwaonzliglerl/SourcePackages/checkouts/LottieUI/Sources/LottieUI/LottieContentSource.swift (in target 'LottieUI' from project 'LottieUI')
    cd /Users/samikhan/Documents/Claude/airsync-mac-main/AirSync.xcodeproj
    

SwiftDriverJobDiscovery normal arm64 Compiling BitBuffer.swift (in target 'QRCodeGenerator' from project 'swift-qrcode-generator')

SwiftCompile normal arm64 Compiling\ AnimationProgressObserver.swift /Users/samikhan/Library/Developer/Xcode/DerivedData/AirSync-eadfyjinpqayikbfwaonzliglerl/SourcePackages/checkouts/LottieUI/Sources/LottieUI/iOS/AnimationProgressObserver.swift (in target 'LottieUI' from project 'LottieUI')

SwiftCompile normal arm64 /Users/samikhan/Library/Developer/Xcode/DerivedData/AirSync-eadfyjinpqayikbfwaonzliglerl/SourcePackages/checkouts/LottieUI/Sources/LottieUI/iOS/AnimationProgressObserver.swift (in target 'LottieUI' from project 'LottieUI')
    cd /Users/samikhan/Documents/Claude/airsync-mac-main/AirSync.xcodeproj
    

SwiftCompile normal arm64 Compiling\ LottieView.swift /Users/samikhan/Library/Developer/Xcode/DerivedData/AirSync-eadfyjinpqayikbfwaonzliglerl/SourcePackages/checkouts/LottieUI/Sources/LottieUI/LottieView/LottieView.swift (in target 'LottieUI' from project 'LottieUI')

SwiftCompile normal arm64 /Users/samikhan/Library/Developer/Xcode/DerivedData/AirSync-eadfyjinpqayikbfwaonzliglerl/SourcePackages/checkouts/LottieUI/Sources/LottieUI/LottieView/LottieView.swift (in target 'LottieUI' from project 'LottieUI')
    cd /Users/samikhan/Documents/Claude/airsync-mac-main/AirSync.xcodeproj
    

SwiftDriverJobDiscovery normal arm64 Compiling String+SHA1.swift, WebSockets.swift (in target 'Swifter' from project 'Swifter')

SwiftDriver\ Compilation Swifter normal arm64 com.apple.xcode.tools.swift.compiler (in target 'Swifter' from project 'Swifter')
    cd /Users/samikhan/Documents/Claude/airsync-mac-main/AirSync.xcodeproj
    builtin-Swift-Compilation -- /Applications/Xcode.app/Contents/Developer/Toolchains/XcodeDefault.xctoolchain/usr/bin/swiftc -module-name Swifter -Onone -enforce-exclusivity\=checked @/Users/samikhan/Library/Developer/Xcode/DerivedData/AirSync-eadfyjinpqayikbfwaonzliglerl/Build/Intermediates.noindex/Swifter.build/Debug/Swifter.build/Objects-normal/arm64/Swifter.SwiftFileList -DSWIFT_PACKAGE -DDEBUG -DSWIFT_MODULE_RESOURCE_BUNDLE_UNAVAILABLE -DXcode -plugin-path /Applications/Xcode.app/Contents/Developer/Toolchains/XcodeDefault.xctoolchain/usr/lib/swift/host/plugins/testing -enable-experimental-feature DebugDescriptionMacro -sdk /Applications/Xcode.app/Contents/Developer/Platforms/MacOSX.platform/Developer/SDKs/MacOSX26.2.sdk -target arm64-apple-macos10.13 -g -module-cache-path /Users/samikhan/Library/Developer/Xcode/DerivedData/ModuleCache.noindex -Xfrontend -serialize-debugging-options -enable-testing -suppress-warnings -index-store-path /Users/samikhan/Library/Developer/Xcode/DerivedData/AirSync-eadfyjinpqayikbfwaonzliglerl/Index.noindex/DataStore -Xcc -D_LIBCPP_HARDENING_MODE\=_LIBCPP_HARDENING_MODE_DEBUG -swift-version 5 -I /Users/samikhan/Library/Developer/Xcode/DerivedData/AirSync-eadfyjinpqayikbfwaonzliglerl/SourcePackages/checkouts/swifter/build/Debug -Isystem /Applications/Xcode.app/Contents/Developer/Platforms/MacOSX.platform/Developer/usr/lib -F /Users/samikhan/Library/Developer/Xcode/DerivedData/AirSync-eadfyjinpqayikbfwaonzliglerl/SourcePackages/checkouts/swifter/build/Debug -F /Applications/Xcode.app/Contents/Developer/Platforms/MacOSX.platform/Developer/Library/Frameworks -c -j8 -enable-batch-mode -incremental -Xcc -ivfsstatcache -Xcc /Users/samikhan/Library/Developer/Xcode/DerivedData/SDKStatCaches.noindex/macosx26.2-25C57-00fa09913b459cbbc988d1f6730289ae.sdkstatcache -output-file-map /Users/samikhan/Library/Developer/Xcode/DerivedData/AirSync-eadfyjinpqayikbfwaonzliglerl/Build/Intermediates.noindex/Swifter.build/Debug/Swifter.build/Objects-normal/arm64/Swifter-OutputFileMap.json -use-frontend-parseable-output -save-temps -no-color-diagnostics -explicit-module-build -module-cache-path /Users/samikhan/Library/Developer/Xcode/DerivedData/AirSync-eadfyjinpqayikbfwaonzliglerl/Build/Intermediates.noindex/SwiftExplicitPrecompiledModules -clang-scanner-module-cache-path /Users/samikhan/Library/Developer/Xcode/DerivedData/ModuleCache.noindex -sdk-module-cache-path /Users/samikhan/Library/Developer/Xcode/DerivedData/ModuleCache.noindex -serialize-diagnostics -emit-dependencies -emit-module -emit-module-path /Users/samikhan/Library/Developer/Xcode/DerivedData/AirSync-eadfyjinpqayikbfwaonzliglerl/Build/Intermediates.noindex/Swifter.build/Debug/Swifter.build/Objects-normal/arm64/Swifter.swiftmodule -validate-clang-modules-once -clang-build-session-file /Users/samikhan/Library/Developer/Xcode/DerivedData/ModuleCache.noindex/Session.modulevalidation -Xcc -I/Users/samikhan/Library/Developer/Xcode/DerivedData/AirSync-eadfyjinpqayikbfwaonzliglerl/Build/Intermediates.noindex/Swifter.build/Debug/Swifter.build/swift-overrides.hmap -emit-const-values -Xfrontend -const-gather-protocols-file -Xfrontend /Users/samikhan/Library/Developer/Xcode/DerivedData/AirSync-eadfyjinpqayikbfwaonzliglerl/Build/Intermediates.noindex/Swifter.build/Debug/Swifter.build/Objects-normal/arm64/Swifter_const_extract_protocols.json -Xcc -I/Users/samikhan/Library/Developer/Xcode/DerivedData/AirSync-eadfyjinpqayikbfwaonzliglerl/SourcePackages/checkouts/swifter/build/Debug/include -Xcc -I/Users/samikhan/Library/Developer/Xcode/DerivedData/AirSync-eadfyjinpqayikbfwaonzliglerl/Build/Intermediates.noindex/Swifter.build/Debug/Swifter.build/DerivedSources-normal/arm64 -Xcc -I/Users/samikhan/Library/Developer/Xcode/DerivedData/AirSync-eadfyjinpqayikbfwaonzliglerl/Build/Intermediates.noindex/Swifter.build/Debug/Swifter.build/DerivedSources/arm64 -Xcc -I/Users/samikhan/Library/Developer/Xcode/DerivedData/AirSync-eadfyjinpqayikbfwaonzliglerl/Build/Intermediates.noindex/Swifter.build/Debug/Swifter.build/DerivedSources -Xcc -DSWIFT_PACKAGE -Xcc -DDEBUG\=1 -emit-objc-header -emit-objc-header-path /Users/samikhan/Library/Developer/Xcode/DerivedData/AirSync-eadfyjinpqayikbfwaonzliglerl/Build/Intermediates.noindex/Swifter.build/Debug/Swifter.build/Objects-normal/arm64/Swifter-Swift.h -working-directory /Users/samikhan/Documents/Claude/airsync-mac-main/AirSync.xcodeproj -experimental-emit-module-separately -disable-cmo

SwiftDriverJobDiscovery normal arm64 Compiling AnimationProgressObserver.swift (in target 'LottieUI' from project 'LottieUI')

SwiftCompile normal arm64 Compiling\ AsyncLottiePhase.swift,\ AsyncLottieView.swift /Users/samikhan/Library/Developer/Xcode/DerivedData/AirSync-eadfyjinpqayikbfwaonzliglerl/SourcePackages/checkouts/LottieUI/Sources/LottieUI/AsyncLottieView/AsyncLottiePhase.swift /Users/samikhan/Library/Developer/Xcode/DerivedData/AirSync-eadfyjinpqayikbfwaonzliglerl/SourcePackages/checkouts/LottieUI/Sources/LottieUI/AsyncLottieView/AsyncLottieView.swift (in target 'LottieUI' from project 'LottieUI')

SwiftCompile normal arm64 /Users/samikhan/Library/Developer/Xcode/DerivedData/AirSync-eadfyjinpqayikbfwaonzliglerl/SourcePackages/checkouts/LottieUI/Sources/LottieUI/AsyncLottieView/AsyncLottiePhase.swift (in target 'LottieUI' from project 'LottieUI')
    cd /Users/samikhan/Documents/Claude/airsync-mac-main/AirSync.xcodeproj
    

SwiftCompile normal arm64 /Users/samikhan/Library/Developer/Xcode/DerivedData/AirSync-eadfyjinpqayikbfwaonzliglerl/SourcePackages/checkouts/LottieUI/Sources/LottieUI/AsyncLottieView/AsyncLottieView.swift (in target 'LottieUI' from project 'LottieUI')
    cd /Users/samikhan/Documents/Claude/airsync-mac-main/AirSync.xcodeproj
    

SwiftCompile normal arm64 Compiling\ AnimationProgressObserver+macOS.swift /Users/samikhan/Library/Developer/Xcode/DerivedData/AirSync-eadfyjinpqayikbfwaonzliglerl/SourcePackages/checkouts/LottieUI/Sources/LottieUI/macOS/AnimationProgressObserver+macOS.swift (in target 'LottieUI' from project 'LottieUI')

SwiftCompile normal arm64 /Users/samikhan/Library/Developer/Xcode/DerivedData/AirSync-eadfyjinpqayikbfwaonzliglerl/SourcePackages/checkouts/LottieUI/Sources/LottieUI/macOS/AnimationProgressObserver+macOS.swift (in target 'LottieUI' from project 'LottieUI')
    cd /Users/samikhan/Documents/Claude/airsync-mac-main/AirSync.xcodeproj
    

SwiftDriverJobDiscovery normal arm64 Compiling QRSegment.swift (in target 'QRCodeGenerator' from project 'swift-qrcode-generator')

SwiftCompile normal arm64 Compiling\ WrappedAnimationNSView.swift /Users/samikhan/Library/Developer/Xcode/DerivedData/AirSync-eadfyjinpqayikbfwaonzliglerl/SourcePackages/checkouts/LottieUI/Sources/LottieUI/macOS/WrappedAnimationNSView.swift (in target 'LottieUI' from project 'LottieUI')

SwiftCompile normal arm64 /Users/samikhan/Library/Developer/Xcode/DerivedData/AirSync-eadfyjinpqayikbfwaonzliglerl/SourcePackages/checkouts/LottieUI/Sources/LottieUI/macOS/WrappedAnimationNSView.swift (in target 'LottieUI' from project 'LottieUI')
    cd /Users/samikhan/Documents/Claude/airsync-mac-main/AirSync.xcodeproj
    

SwiftDriverJobDiscovery normal arm64 Compiling AnimationProgressObserver+macOS.swift (in target 'LottieUI' from project 'LottieUI')

SwiftDriverJobDiscovery normal arm64 Compiling ImageExportTypes.swift, SwiftUI+extensions.swift (in target 'SwiftImageReadWrite' from project 'SwiftImageReadWrite')

SwiftDriver\ Compilation SwiftImageReadWrite normal arm64 com.apple.xcode.tools.swift.compiler (in target 'SwiftImageReadWrite' from project 'SwiftImageReadWrite')
    cd /Users/samikhan/Documents/Claude/airsync-mac-main/AirSync.xcodeproj
    builtin-Swift-Compilation -- /Applications/Xcode.app/Contents/Developer/Toolchains/XcodeDefault.xctoolchain/usr/bin/swiftc -module-name SwiftImageReadWrite -Onone -enforce-exclusivity\=checked @/Users/samikhan/Library/Developer/Xcode/DerivedData/AirSync-eadfyjinpqayikbfwaonzliglerl/Build/Intermediates.noindex/SwiftImageReadWrite.build/Debug/SwiftImageReadWrite.build/Objects-normal/arm64/SwiftImageReadWrite.SwiftFileList -DSWIFT_PACKAGE -DDEBUG -DSWIFT_MODULE_RESOURCE_BUNDLE_AVAILABLE -DXcode -plugin-path /Applications/Xcode.app/Contents/Developer/Toolchains/XcodeDefault.xctoolchain/usr/lib/swift/host/plugins/testing -enable-experimental-feature DebugDescriptionMacro -sdk /Applications/Xcode.app/Contents/Developer/Platforms/MacOSX.platform/Developer/SDKs/MacOSX26.2.sdk -target arm64-apple-macos10.13 -g -module-cache-path /Users/samikhan/Library/Developer/Xcode/DerivedData/ModuleCache.noindex -Xfrontend -serialize-debugging-options -enable-testing -suppress-warnings -index-store-path /Users/samikhan/Library/Developer/Xcode/DerivedData/AirSync-eadfyjinpqayikbfwaonzliglerl/Index.noindex/DataStore -Xcc -D_LIBCPP_HARDENING_MODE\=_LIBCPP_HARDENING_MODE_DEBUG -swift-version 5 -I /Users/samikhan/Library/Developer/Xcode/DerivedData/AirSync-eadfyjinpqayikbfwaonzliglerl/SourcePackages/checkouts/SwiftImageReadWrite/build/Debug -Isystem /Applications/Xcode.app/Contents/Developer/Platforms/MacOSX.platform/Developer/usr/lib -F /Users/samikhan/Library/Developer/Xcode/DerivedData/AirSync-eadfyjinpqayikbfwaonzliglerl/SourcePackages/checkouts/SwiftImageReadWrite/build/Debug -F /Applications/Xcode.app/Contents/Developer/Platforms/MacOSX.platform/Developer/Library/Frameworks -c -j8 -enable-batch-mode -incremental -Xcc -ivfsstatcache -Xcc /Users/samikhan/Library/Developer/Xcode/DerivedData/SDKStatCaches.noindex/macosx26.2-25C57-00fa09913b459cbbc988d1f6730289ae.sdkstatcache -output-file-map /Users/samikhan/Library/Developer/Xcode/DerivedData/AirSync-eadfyjinpqayikbfwaonzliglerl/Build/Intermediates.noindex/SwiftImageReadWrite.build/Debug/SwiftImageReadWrite.build/Objects-normal/arm64/SwiftImageReadWrite-OutputFileMap.json -use-frontend-parseable-output -save-temps -no-color-diagnostics -explicit-module-build -module-cache-path /Users/samikhan/Library/Developer/Xcode/DerivedData/AirSync-eadfyjinpqayikbfwaonzliglerl/Build/Intermediates.noindex/SwiftExplicitPrecompiledModules -clang-scanner-module-cache-path /Users/samikhan/Library/Developer/Xcode/DerivedData/ModuleCache.noindex -sdk-module-cache-path /Users/samikhan/Library/Developer/Xcode/DerivedData/ModuleCache.noindex -serialize-diagnostics -emit-dependencies -emit-module -emit-module-path /Users/samikhan/Library/Developer/Xcode/DerivedData/AirSync-eadfyjinpqayikbfwaonzliglerl/Build/Intermediates.noindex/SwiftImageReadWrite.build/Debug/SwiftImageReadWrite.build/Objects-normal/arm64/SwiftImageReadWrite.swiftmodule -validate-clang-modules-once -clang-build-session-file /Users/samikhan/Library/Developer/Xcode/DerivedData/ModuleCache.noindex/Session.modulevalidation -Xcc -I/Users/samikhan/Library/Developer/Xcode/DerivedData/AirSync-eadfyjinpqayikbfwaonzliglerl/Build/Intermediates.noindex/SwiftImageReadWrite.build/Debug/SwiftImageReadWrite.build/swift-overrides.hmap -emit-const-values -Xfrontend -const-gather-protocols-file -Xfrontend /Users/samikhan/Library/Developer/Xcode/DerivedData/AirSync-eadfyjinpqayikbfwaonzliglerl/Build/Intermediates.noindex/SwiftImageReadWrite.build/Debug/SwiftImageReadWrite.build/Objects-normal/arm64/SwiftImageReadWrite_const_extract_protocols.json -Xcc -I/Users/samikhan/Library/Developer/Xcode/DerivedData/AirSync-eadfyjinpqayikbfwaonzliglerl/SourcePackages/checkouts/SwiftImageReadWrite/build/Debug/include -Xcc -I/Users/samikhan/Library/Developer/Xcode/DerivedData/AirSync-eadfyjinpqayikbfwaonzliglerl/Build/Intermediates.noindex/SwiftImageReadWrite.build/Debug/SwiftImageReadWrite.build/DerivedSources-normal/arm64 -Xcc -I/Users/samikhan/Library/Developer/Xcode/DerivedData/AirSync-eadfyjinpqayikbfwaonzliglerl/Build/Intermediates.noindex/SwiftImageReadWrite.build/Debug/SwiftImageReadWrite.build/DerivedSources/arm64 -Xcc -I/Users/samikhan/Library/Developer/Xcode/DerivedData/AirSync-eadfyjinpqayikbfwaonzliglerl/Build/Intermediates.noindex/SwiftImageReadWrite.build/Debug/SwiftImageReadWrite.build/DerivedSources -Xcc -DSWIFT_PACKAGE -Xcc -DDEBUG\=1 -emit-objc-header -emit-objc-header-path /Users/samikhan/Library/Developer/Xcode/DerivedData/AirSync-eadfyjinpqayikbfwaonzliglerl/Build/Intermediates.noindex/SwiftImageReadWrite.build/Debug/SwiftImageReadWrite.build/Objects-normal/arm64/SwiftImageReadWrite-Swift.h -working-directory /Users/samikhan/Documents/Claude/airsync-mac-main/AirSync.xcodeproj -experimental-emit-module-separately -disable-cmo

Ld /Users/samikhan/Library/Developer/Xcode/DerivedData/AirSync-eadfyjinpqayikbfwaonzliglerl/SourcePackages/checkouts/swifter/build/Debug/Swifter.o normal (in target 'Swifter' from project 'Swifter')
    cd /Users/samikhan/Library/Developer/Xcode/DerivedData/AirSync-eadfyjinpqayikbfwaonzliglerl/SourcePackages/checkouts/swifter
    /Applications/Xcode.app/Contents/Developer/Toolchains/XcodeDefault.xctoolchain/usr/bin/clang -Xlinker -reproducible -target arm64-apple-macos10.13 -r -isysroot /Applications/Xcode.app/Contents/Developer/Platforms/MacOSX.platform/Developer/SDKs/MacOSX26.2.sdk -O0 -w -L/Users/samikhan/Library/Developer/Xcode/DerivedData/AirSync-eadfyjinpqayikbfwaonzliglerl/Build/Intermediates.noindex/EagerLinkingTBDs/Debug -L/Users/samikhan/Library/Developer/Xcode/DerivedData/AirSync-eadfyjinpqayikbfwaonzliglerl/SourcePackages/checkouts/swifter/build/Debug -L/Applications/Xcode.app/Contents/Developer/Platforms/MacOSX.platform/Developer/usr/lib -F/Users/samikhan/Library/Developer/Xcode/DerivedData/AirSync-eadfyjinpqayikbfwaonzliglerl/Build/Intermediates.noindex/EagerLinkingTBDs/Debug -F/Users/samikhan/Library/Developer/Xcode/DerivedData/AirSync-eadfyjinpqayikbfwaonzliglerl/SourcePackages/checkouts/swifter/build/Debug -iframework /Applications/Xcode.app/Contents/Developer/Platforms/MacOSX.platform/Developer/Library/Frameworks -filelist /Users/samikhan/Library/Developer/Xcode/DerivedData/AirSync-eadfyjinpqayikbfwaonzliglerl/Build/Intermediates.noindex/Swifter.build/Debug/Swifter.build/Objects-normal/arm64/Swifter.LinkFileList -nostdlib -Xlinker -object_path_lto -Xlinker /Users/samikhan/Library/Developer/Xcode/DerivedData/AirSync-eadfyjinpqayikbfwaonzliglerl/Build/Intermediates.noindex/Swifter.build/Debug/Swifter.build/Objects-normal/arm64/Swifter_lto.o -rdynamic -Xlinker -no_deduplicate -Xlinker -dependency_info -Xlinker /Users/samikhan/Library/Developer/Xcode/DerivedData/AirSync-eadfyjinpqayikbfwaonzliglerl/Build/Intermediates.noindex/Swifter.build/Debug/Swifter.build/Objects-normal/arm64/Swifter_dependency_info.dat -fobjc-link-runtime -L/Applications/Xcode.app/Contents/Developer/Toolchains/XcodeDefault.xctoolchain/usr/lib/swift/macosx -L/usr/lib/swift -Xlinker -add_ast_path -Xlinker /Users/samikhan/Library/Developer/Xcode/DerivedData/AirSync-eadfyjinpqayikbfwaonzliglerl/Build/Intermediates.noindex/Swifter.build/Debug/Swifter.build/Objects-normal/arm64/Swifter.swiftmodule @/Users/samikhan/Library/Developer/Xcode/DerivedData/AirSync-eadfyjinpqayikbfwaonzliglerl/Build/Intermediates.noindex/Swifter.build/Debug/Swifter.build/Objects-normal/arm64/Swifter-linker-args.resp -o /Users/samikhan/Library/Developer/Xcode/DerivedData/AirSync-eadfyjinpqayikbfwaonzliglerl/SourcePackages/checkouts/swifter/build/Debug/Swifter.o
/Users/samikhan/Library/Developer/Xcode/DerivedData/AirSync-eadfyjinpqayikbfwaonzliglerl/SourcePackages/checkouts/QRCode/Sources/QRCode/QRCode+Builder.swift:34:8: error: Unable to find module dependency: 'SwiftImageReadWrite'
import SwiftImageReadWrite
       ^
/Users/samikhan/Library/Developer/Xcode/DerivedData/AirSync-eadfyjinpqayikbfwaonzliglerl/SourcePackages/checkouts/QRCode/Sources/QRCode/QRCode+Builder.swift:34:8: note: a dependency of main module 'QRCode'
import SwiftImageReadWrite
       ^
/Users/samikhan/Library/Developer/Xcode/DerivedData/AirSync-eadfyjinpqayikbfwaonzliglerl/SourcePackages/checkouts/QRCode/Sources/QRCode/QRCode+Image.swift:23:8: note: also imported here
import SwiftImageReadWrite
       ^
/Users/samikhan/Library/Developer/Xcode/DerivedData/AirSync-eadfyjinpqayikbfwaonzliglerl/SourcePackages/checkouts/QRCode/Sources/QRCode/QRCode+LogoTemplate.swift:22:8: note: also imported here
import SwiftImageReadWrite
       ^
/Users/samikhan/Library/Developer/Xcode/DerivedData/AirSync-eadfyjinpqayikbfwaonzliglerl/SourcePackages/checkouts/QRCode/Sources/QRCode/generator/external/QRCodeEngine+External+Wrapper.swift:21:8: error: Unable to find module dependency: 'QRCodeGenerator'
import QRCodeGenerator
       ^
/Users/samikhan/Library/Developer/Xcode/DerivedData/AirSync-eadfyjinpqayikbfwaonzliglerl/SourcePackages/checkouts/QRCode/Sources/QRCode/generator/external/QRCodeEngine+External+Wrapper.swift:21:8: note: a dependency of main module 'QRCode'
import QRCodeGenerator
       ^

Ld /Users/samikhan/Library/Developer/Xcode/DerivedData/AirSync-eadfyjinpqayikbfwaonzliglerl/SourcePackages/checkouts/SwiftImageReadWrite/build/Debug/SwiftImageReadWrite.o normal (in target 'SwiftImageReadWrite' from project 'SwiftImageReadWrite')
    cd /Users/samikhan/Library/Developer/Xcode/DerivedData/AirSync-eadfyjinpqayikbfwaonzliglerl/SourcePackages/checkouts/SwiftImageReadWrite
    /Applications/Xcode.app/Contents/Developer/Toolchains/XcodeDefault.xctoolchain/usr/bin/clang -Xlinker -reproducible -target arm64-apple-macos10.13 -r -isysroot /Applications/Xcode.app/Contents/Developer/Platforms/MacOSX.platform/Developer/SDKs/MacOSX26.2.sdk -O0 -w -L/Users/samikhan/Library/Developer/Xcode/DerivedData/AirSync-eadfyjinpqayikbfwaonzliglerl/Build/Intermediates.noindex/EagerLinkingTBDs/Debug -L/Users/samikhan/Library/Developer/Xcode/DerivedData/AirSync-eadfyjinpqayikbfwaonzliglerl/SourcePackages/checkouts/SwiftImageReadWrite/build/Debug -L/Applications/Xcode.app/Contents/Developer/Platforms/MacOSX.platform/Developer/usr/lib -F/Users/samikhan/Library/Developer/Xcode/DerivedData/AirSync-eadfyjinpqayikbfwaonzliglerl/Build/Intermediates.noindex/EagerLinkingTBDs/Debug -F/Users/samikhan/Library/Developer/Xcode/DerivedData/AirSync-eadfyjinpqayikbfwaonzliglerl/SourcePackages/checkouts/SwiftImageReadWrite/build/Debug -iframework /Applications/Xcode.app/Contents/Developer/Platforms/MacOSX.platform/Developer/Library/Frameworks -filelist /Users/samikhan/Library/Developer/Xcode/DerivedData/AirSync-eadfyjinpqayikbfwaonzliglerl/Build/Intermediates.noindex/SwiftImageReadWrite.build/Debug/SwiftImageReadWrite.build/Objects-normal/arm64/SwiftImageReadWrite.LinkFileList -nostdlib -Xlinker -object_path_lto -Xlinker /Users/samikhan/Library/Developer/Xcode/DerivedData/AirSync-eadfyjinpqayikbfwaonzliglerl/Build/Intermediates.noindex/SwiftImageReadWrite.build/Debug/SwiftImageReadWrite.build/Objects-normal/arm64/SwiftImageReadWrite_lto.o -rdynamic -Xlinker -no_deduplicate -Xlinker -dependency_info -Xlinker /Users/samikhan/Library/Developer/Xcode/DerivedData/AirSync-eadfyjinpqayikbfwaonzliglerl/Build/Intermediates.noindex/SwiftImageReadWrite.build/Debug/SwiftImageReadWrite.build/Objects-normal/arm64/SwiftImageReadWrite_dependency_info.dat -fobjc-link-runtime -L/Applications/Xcode.app/Contents/Developer/Toolchains/XcodeDefault.xctoolchain/usr/lib/swift/macosx -L/usr/lib/swift -Xlinker -add_ast_path -Xlinker /Users/samikhan/Library/Developer/Xcode/DerivedData/AirSync-eadfyjinpqayikbfwaonzliglerl/Build/Intermediates.noindex/SwiftImageReadWrite.build/Debug/SwiftImageReadWrite.build/Objects-normal/arm64/SwiftImageReadWrite.swiftmodule @/Users/samikhan/Library/Developer/Xcode/DerivedData/AirSync-eadfyjinpqayikbfwaonzliglerl/Build/Intermediates.noindex/SwiftImageReadWrite.build/Debug/SwiftImageReadWrite.build/Objects-normal/arm64/SwiftImageReadWrite-linker-args.resp -o /Users/samikhan/Library/Developer/Xcode/DerivedData/AirSync-eadfyjinpqayikbfwaonzliglerl/SourcePackages/checkouts/SwiftImageReadWrite/build/Debug/SwiftImageReadWrite.o

SwiftDriverJobDiscovery normal arm64 Compiling WrappedAnimationNSView.swift (in target 'LottieUI' from project 'LottieUI')

SwiftDriverJobDiscovery normal arm64 Compiling WrappedAnimationView+iOS.swift (in target 'LottieUI' from project 'LottieUI')

SwiftDriverJobDiscovery normal arm64 Compiling LottieView+iOS.swift, LottieView+macOS.swift (in target 'LottieUI' from project 'LottieUI')

SwiftDriver QRCode normal arm64 com.apple.xcode.tools.swift.compiler (in target 'QRCode' from project 'QRCode')
    cd /Users/samikhan/Documents/Claude/airsync-mac-main/AirSync.xcodeproj
    builtin-SwiftDriver -- /Applications/Xcode.app/Contents/Developer/Toolchains/XcodeDefault.xctoolchain/usr/bin/swiftc -module-name QRCode -Onone -enforce-exclusivity\=checked @/Users/samikhan/Library/Developer/Xcode/DerivedData/AirSync-eadfyjinpqayikbfwaonzliglerl/Build/Intermediates.noindex/QRCode.build/Debug/QRCode.build/Objects-normal/arm64/QRCode.SwiftFileList -DSWIFT_PACKAGE -DDEBUG -DSWIFT_MODULE_RESOURCE_BUNDLE_AVAILABLE -DXcode -plugin-path /Applications/Xcode.app/Contents/Developer/Toolchains/XcodeDefault.xctoolchain/usr/lib/swift/host/plugins/testing -enable-experimental-feature DebugDescriptionMacro -sdk /Applications/Xcode.app/Contents/Developer/Platforms/MacOSX.platform/Developer/SDKs/MacOSX26.2.sdk -target arm64-apple-macos10.13 -g -module-cache-path /Users/samikhan/Library/Developer/Xcode/DerivedData/ModuleCache.noindex -Xfrontend -serialize-debugging-options -enable-testing -suppress-warnings -index-store-path /Users/samikhan/Library/Developer/Xcode/DerivedData/AirSync-eadfyjinpqayikbfwaonzliglerl/Index.noindex/DataStore -Xcc -D_LIBCPP_HARDENING_MODE\=_LIBCPP_HARDENING_MODE_DEBUG -swift-version 5 -I /Users/samikhan/Library/Developer/Xcode/DerivedData/AirSync-eadfyjinpqayikbfwaonzliglerl/SourcePackages/checkouts/QRCode/build/Debug -Isystem /Applications/Xcode.app/Contents/Developer/Platforms/MacOSX.platform/Developer/usr/lib -F /Users/samikhan/Library/Developer/Xcode/DerivedData/AirSync-eadfyjinpqayikbfwaonzliglerl/SourcePackages/checkouts/QRCode/build/Debug/PackageFrameworks -F /Users/samikhan/Library/Developer/Xcode/DerivedData/AirSync-eadfyjinpqayikbfwaonzliglerl/SourcePackages/checkouts/QRCode/build/Debug/PackageFrameworks -F /Users/samikhan/Library/Developer/Xcode/DerivedData/AirSync-eadfyjinpqayikbfwaonzliglerl/SourcePackages/checkouts/QRCode/build/Debug -F /Applications/Xcode.app/Contents/Developer/Platforms/MacOSX.platform/Developer/Library/Frameworks -c -j8 -enable-batch-mode -incremental -Xcc -ivfsstatcache -Xcc /Users/samikhan/Library/Developer/Xcode/DerivedData/SDKStatCaches.noindex/macosx26.2-25C57-00fa09913b459cbbc988d1f6730289ae.sdkstatcache -output-file-map /Users/samikhan/Library/Developer/Xcode/DerivedData/AirSync-eadfyjinpqayikbfwaonzliglerl/Build/Intermediates.noindex/QRCode.build/Debug/QRCode.build/Objects-normal/arm64/QRCode-OutputFileMap.json -use-frontend-parseable-output -save-temps -no-color-diagnostics -explicit-module-build -module-cache-path /Users/samikhan/Library/Developer/Xcode/DerivedData/AirSync-eadfyjinpqayikbfwaonzliglerl/Build/Intermediates.noindex/SwiftExplicitPrecompiledModules -clang-scanner-module-cache-path /Users/samikhan/Library/Developer/Xcode/DerivedData/ModuleCache.noindex -sdk-module-cache-path /Users/samikhan/Library/Developer/Xcode/DerivedData/ModuleCache.noindex -serialize-diagnostics -emit-dependencies -emit-module -emit-module-path /Users/samikhan/Library/Developer/Xcode/DerivedData/AirSync-eadfyjinpqayikbfwaonzliglerl/Build/Intermediates.noindex/QRCode.build/Debug/QRCode.build/Objects-normal/arm64/QRCode.swiftmodule -validate-clang-modules-once -clang-build-session-file /Users/samikhan/Library/Developer/Xcode/DerivedData/ModuleCache.noindex/Session.modulevalidation -Xcc -I/Users/samikhan/Library/Developer/Xcode/DerivedData/AirSync-eadfyjinpqayikbfwaonzliglerl/Build/Intermediates.noindex/QRCode.build/Debug/QRCode.build/swift-overrides.hmap -emit-const-values -Xfrontend -const-gather-protocols-file -Xfrontend /Users/samikhan/Library/Developer/Xcode/DerivedData/AirSync-eadfyjinpqayikbfwaonzliglerl/Build/Intermediates.noindex/QRCode.build/Debug/QRCode.build/Objects-normal/arm64/QRCode_const_extract_protocols.json -Xcc -I/Users/samikhan/Library/Developer/Xcode/DerivedData/AirSync-eadfyjinpqayikbfwaonzliglerl/SourcePackages/checkouts/QRCode/build/Debug/include -Xcc -I/Users/samikhan/Library/Developer/Xcode/DerivedData/AirSync-eadfyjinpqayikbfwaonzliglerl/Build/Intermediates.noindex/QRCode.build/Debug/QRCode.build/DerivedSources-normal/arm64 -Xcc -I/Users/samikhan/Library/Developer/Xcode/DerivedData/AirSync-eadfyjinpqayikbfwaonzliglerl/Build/Intermediates.noindex/QRCode.build/Debug/QRCode.build/DerivedSources/arm64 -Xcc -I/Users/samikhan/Library/Developer/Xcode/DerivedData/AirSync-eadfyjinpqayikbfwaonzliglerl/Build/Intermediates.noindex/QRCode.build/Debug/QRCode.build/DerivedSources -Xcc -DSWIFT_PACKAGE -Xcc -DDEBUG\=1 -emit-objc-header -emit-objc-header-path /Users/samikhan/Library/Developer/Xcode/DerivedData/AirSync-eadfyjinpqayikbfwaonzliglerl/Build/Intermediates.noindex/QRCode.build/Debug/QRCode.build/Objects-normal/arm64/QRCode-Swift.h -working-directory /Users/samikhan/Documents/Claude/airsync-mac-main/AirSync.xcodeproj -experimental-emit-module-separately -disable-cmo
/Users/samikhan/Library/Developer/Xcode/DerivedData/AirSync-eadfyjinpqayikbfwaonzliglerl/SourcePackages/checkouts/QRCode/Sources/QRCode/QRCode+Builder.swift:34:8: error: Unable to find module dependency: 'SwiftImageReadWrite'
import SwiftImageReadWrite
       ^ (in target 'QRCode' from project 'QRCode')
/Users/samikhan/Library/Developer/Xcode/DerivedData/AirSync-eadfyjinpqayikbfwaonzliglerl/SourcePackages/checkouts/QRCode/Sources/QRCode/QRCode+Builder.swift:34:8: note: A dependency of main module 'QRCode'
import SwiftImageReadWrite
       ^ (in target 'QRCode' from project 'QRCode')
/Users/samikhan/Library/Developer/Xcode/DerivedData/AirSync-eadfyjinpqayikbfwaonzliglerl/SourcePackages/checkouts/QRCode/Sources/QRCode/QRCode+Image.swift:23:8: note: Also imported here
import SwiftImageReadWrite
       ^ (in target 'QRCode' from project 'QRCode')
/Users/samikhan/Library/Developer/Xcode/DerivedData/AirSync-eadfyjinpqayikbfwaonzliglerl/SourcePackages/checkouts/QRCode/Sources/QRCode/QRCode+LogoTemplate.swift:22:8: note: Also imported here
import SwiftImageReadWrite
       ^ (in target 'QRCode' from project 'QRCode')
/Users/samikhan/Library/Developer/Xcode/DerivedData/AirSync-eadfyjinpqayikbfwaonzliglerl/SourcePackages/checkouts/QRCode/Sources/QRCode/generator/external/QRCodeEngine+External+Wrapper.swift:21:8: error: Unable to find module dependency: 'QRCodeGenerator'
import QRCodeGenerator
       ^ (in target 'QRCode' from project 'QRCode')
/Users/samikhan/Library/Developer/Xcode/DerivedData/AirSync-eadfyjinpqayikbfwaonzliglerl/SourcePackages/checkouts/QRCode/Sources/QRCode/generator/external/QRCodeEngine+External+Wrapper.swift:21:8: note: A dependency of main module 'QRCode'
import QRCodeGenerator
       ^ (in target 'QRCode' from project 'QRCode')

RegisterExecutionPolicyException /Users/samikhan/Library/Developer/Xcode/DerivedData/AirSync-eadfyjinpqayikbfwaonzliglerl/SourcePackages/checkouts/lottie-spm/build/Debug/_LottieStub.o (in target '_LottieStub' from project 'Lottie')
    cd /Users/samikhan/Library/Developer/Xcode/DerivedData/AirSync-eadfyjinpqayikbfwaonzliglerl/SourcePackages/checkouts/lottie-spm
    builtin-RegisterExecutionPolicyException /Users/samikhan/Library/Developer/Xcode/DerivedData/AirSync-eadfyjinpqayikbfwaonzliglerl/SourcePackages/checkouts/lottie-spm/build/Debug/_LottieStub.o

SwiftDriverJobDiscovery normal arm64 Compiling LottieConfiguration.swift, LottieContentSource.swift (in target 'LottieUI' from project 'LottieUI')

SwiftDriverJobDiscovery normal arm64 Compiling LottieView.swift (in target 'LottieUI' from project 'LottieUI')

SwiftDriverJobDiscovery normal arm64 Compiling AsyncLottiePhase.swift, AsyncLottieView.swift (in target 'LottieUI' from project 'LottieUI')

SwiftDriver\ Compilation LottieUI normal arm64 com.apple.xcode.tools.swift.compiler (in target 'LottieUI' from project 'LottieUI')
    cd /Users/samikhan/Documents/Claude/airsync-mac-main/AirSync.xcodeproj
    builtin-Swift-Compilation -- /Applications/Xcode.app/Contents/Developer/Toolchains/XcodeDefault.xctoolchain/usr/bin/swiftc -module-name LottieUI -Onone -enforce-exclusivity\=checked @/Users/samikhan/Library/Developer/Xcode/DerivedData/AirSync-eadfyjinpqayikbfwaonzliglerl/Build/Intermediates.noindex/LottieUI.build/Debug/LottieUI.build/Objects-normal/arm64/LottieUI.SwiftFileList -DSWIFT_PACKAGE -DDEBUG -DSWIFT_MODULE_RESOURCE_BUNDLE_UNAVAILABLE -DXcode -plugin-path /Applications/Xcode.app/Contents/Developer/Toolchains/XcodeDefault.xctoolchain/usr/lib/swift/host/plugins/testing -enable-experimental-feature DebugDescriptionMacro -sdk /Applications/Xcode.app/Contents/Developer/Platforms/MacOSX.platform/Developer/SDKs/MacOSX26.2.sdk -target arm64-apple-macos10.15 -g -module-cache-path /Users/samikhan/Library/Developer/Xcode/DerivedData/ModuleCache.noindex -Xfrontend -serialize-debugging-options -enable-testing -suppress-warnings -index-store-path /Users/samikhan/Library/Developer/Xcode/DerivedData/AirSync-eadfyjinpqayikbfwaonzliglerl/Index.noindex/DataStore -Xcc -D_LIBCPP_HARDENING_MODE\=_LIBCPP_HARDENING_MODE_DEBUG -swift-version 5 -I /Users/samikhan/Library/Developer/Xcode/DerivedData/AirSync-eadfyjinpqayikbfwaonzliglerl/SourcePackages/checkouts/LottieUI/build/Debug -Isystem /Applications/Xcode.app/Contents/Developer/Platforms/MacOSX.platform/Developer/usr/lib -F /Users/samikhan/Library/Developer/Xcode/DerivedData/AirSync-eadfyjinpqayikbfwaonzliglerl/SourcePackages/checkouts/LottieUI/build/Debug/PackageFrameworks -F /Users/samikhan/Library/Developer/Xcode/DerivedData/AirSync-eadfyjinpqayikbfwaonzliglerl/SourcePackages/checkouts/LottieUI/build/Debug -F /Applications/Xcode.app/Contents/Developer/Platforms/MacOSX.platform/Developer/Library/Frameworks -c -j8 -enable-batch-mode -incremental -Xcc -ivfsstatcache -Xcc /Users/samikhan/Library/Developer/Xcode/DerivedData/SDKStatCaches.noindex/macosx26.2-25C57-00fa09913b459cbbc988d1f6730289ae.sdkstatcache -output-file-map /Users/samikhan/Library/Developer/Xcode/DerivedData/AirSync-eadfyjinpqayikbfwaonzliglerl/Build/Intermediates.noindex/LottieUI.build/Debug/LottieUI.build/Objects-normal/arm64/LottieUI-OutputFileMap.json -use-frontend-parseable-output -save-temps -no-color-diagnostics -explicit-module-build -module-cache-path /Users/samikhan/Library/Developer/Xcode/DerivedData/AirSync-eadfyjinpqayikbfwaonzliglerl/Build/Intermediates.noindex/SwiftExplicitPrecompiledModules -clang-scanner-module-cache-path /Users/samikhan/Library/Developer/Xcode/DerivedData/ModuleCache.noindex -sdk-module-cache-path /Users/samikhan/Library/Developer/Xcode/DerivedData/ModuleCache.noindex -serialize-diagnostics -emit-dependencies -emit-module -emit-module-path /Users/samikhan/Library/Developer/Xcode/DerivedData/AirSync-eadfyjinpqayikbfwaonzliglerl/Build/Intermediates.noindex/LottieUI.build/Debug/LottieUI.build/Objects-normal/arm64/LottieUI.swiftmodule -validate-clang-modules-once -clang-build-session-file /Users/samikhan/Library/Developer/Xcode/DerivedData/ModuleCache.noindex/Session.modulevalidation -Xcc -I/Users/samikhan/Library/Developer/Xcode/DerivedData/AirSync-eadfyjinpqayikbfwaonzliglerl/Build/Intermediates.noindex/LottieUI.build/Debug/LottieUI.build/swift-overrides.hmap -emit-const-values -Xfrontend -const-gather-protocols-file -Xfrontend /Users/samikhan/Library/Developer/Xcode/DerivedData/AirSync-eadfyjinpqayikbfwaonzliglerl/Build/Intermediates.noindex/LottieUI.build/Debug/LottieUI.build/Objects-normal/arm64/LottieUI_const_extract_protocols.json -Xcc -I/Users/samikhan/Library/Developer/Xcode/DerivedData/AirSync-eadfyjinpqayikbfwaonzliglerl/SourcePackages/checkouts/LottieUI/build/Debug/include -Xcc -I/Users/samikhan/Library/Developer/Xcode/DerivedData/AirSync-eadfyjinpqayikbfwaonzliglerl/Build/Intermediates.noindex/LottieUI.build/Debug/LottieUI.build/DerivedSources-normal/arm64 -Xcc -I/Users/samikhan/Library/Developer/Xcode/DerivedData/AirSync-eadfyjinpqayikbfwaonzliglerl/Build/Intermediates.noindex/LottieUI.build/Debug/LottieUI.build/DerivedSources/arm64 -Xcc -I/Users/samikhan/Library/Developer/Xcode/DerivedData/AirSync-eadfyjinpqayikbfwaonzliglerl/Build/Intermediates.noindex/LottieUI.build/Debug/LottieUI.build/DerivedSources -Xcc -DSWIFT_PACKAGE -Xcc -DDEBUG\=1 -emit-objc-header -emit-objc-header-path /Users/samikhan/Library/Developer/Xcode/DerivedData/AirSync-eadfyjinpqayikbfwaonzliglerl/Build/Intermediates.noindex/LottieUI.build/Debug/LottieUI.build/Objects-normal/arm64/LottieUI-Swift.h -working-directory /Users/samikhan/Documents/Claude/airsync-mac-main/AirSync.xcodeproj -experimental-emit-module-separately -disable-cmo

Ld /Users/samikhan/Library/Developer/Xcode/DerivedData/AirSync-eadfyjinpqayikbfwaonzliglerl/SourcePackages/checkouts/LottieUI/build/Debug/LottieUI.o normal (in target 'LottieUI' from project 'LottieUI')
    cd /Users/samikhan/Library/Developer/Xcode/DerivedData/AirSync-eadfyjinpqayikbfwaonzliglerl/SourcePackages/checkouts/LottieUI
    /Applications/Xcode.app/Contents/Developer/Toolchains/XcodeDefault.xctoolchain/usr/bin/clang -Xlinker -reproducible -target arm64-apple-macos10.15 -r -isysroot /Applications/Xcode.app/Contents/Developer/Platforms/MacOSX.platform/Developer/SDKs/MacOSX26.2.sdk -O0 -w -L/Users/samikhan/Library/Developer/Xcode/DerivedData/AirSync-eadfyjinpqayikbfwaonzliglerl/Build/Intermediates.noindex/EagerLinkingTBDs/Debug -L/Users/samikhan/Library/Developer/Xcode/DerivedData/AirSync-eadfyjinpqayikbfwaonzliglerl/SourcePackages/checkouts/LottieUI/build/Debug -L/Applications/Xcode.app/Contents/Developer/Platforms/MacOSX.platform/Developer/usr/lib -F/Users/samikhan/Library/Developer/Xcode/DerivedData/AirSync-eadfyjinpqayikbfwaonzliglerl/Build/Intermediates.noindex/EagerLinkingTBDs/Debug -F/Users/samikhan/Library/Developer/Xcode/DerivedData/AirSync-eadfyjinpqayikbfwaonzliglerl/SourcePackages/checkouts/LottieUI/build/Debug/PackageFrameworks -F/Users/samikhan/Library/Developer/Xcode/DerivedData/AirSync-eadfyjinpqayikbfwaonzliglerl/SourcePackages/checkouts/LottieUI/build/Debug -iframework /Applications/Xcode.app/Contents/Developer/Platforms/MacOSX.platform/Developer/Library/Frameworks -filelist /Users/samikhan/Library/Developer/Xcode/DerivedData/AirSync-eadfyjinpqayikbfwaonzliglerl/Build/Intermediates.noindex/LottieUI.build/Debug/LottieUI.build/Objects-normal/arm64/LottieUI.LinkFileList -nostdlib -Xlinker -object_path_lto -Xlinker /Users/samikhan/Library/Developer/Xcode/DerivedData/AirSync-eadfyjinpqayikbfwaonzliglerl/Build/Intermediates.noindex/LottieUI.build/Debug/LottieUI.build/Objects-normal/arm64/LottieUI_lto.o -rdynamic -Xlinker -no_deduplicate -Xlinker -dependency_info -Xlinker /Users/samikhan/Library/Developer/Xcode/DerivedData/AirSync-eadfyjinpqayikbfwaonzliglerl/Build/Intermediates.noindex/LottieUI.build/Debug/LottieUI.build/Objects-normal/arm64/LottieUI_dependency_info.dat -fobjc-link-runtime -L/Applications/Xcode.app/Contents/Developer/Toolchains/XcodeDefault.xctoolchain/usr/lib/swift/macosx -L/usr/lib/swift -Xlinker -add_ast_path -Xlinker /Users/samikhan/Library/Developer/Xcode/DerivedData/AirSync-eadfyjinpqayikbfwaonzliglerl/Build/Intermediates.noindex/LottieUI.build/Debug/LottieUI.build/Objects-normal/arm64/LottieUI.swiftmodule @/Users/samikhan/Library/Developer/Xcode/DerivedData/AirSync-eadfyjinpqayikbfwaonzliglerl/Build/Intermediates.noindex/LottieUI.build/Debug/LottieUI.build/Objects-normal/arm64/LottieUI-linker-args.resp -o /Users/samikhan/Library/Developer/Xcode/DerivedData/AirSync-eadfyjinpqayikbfwaonzliglerl/SourcePackages/checkouts/LottieUI/build/Debug/LottieUI.o

SwiftDriverJobDiscovery normal arm64 Compiling QRCode.swift (in target 'QRCodeGenerator' from project 'swift-qrcode-generator')

SwiftDriver\ Compilation QRCodeGenerator normal arm64 com.apple.xcode.tools.swift.compiler (in target 'QRCodeGenerator' from project 'swift-qrcode-generator')
    cd /Users/samikhan/Documents/Claude/airsync-mac-main/AirSync.xcodeproj
    builtin-Swift-Compilation -- /Applications/Xcode.app/Contents/Developer/Toolchains/XcodeDefault.xctoolchain/usr/bin/swiftc -module-name QRCodeGenerator -Onone -enforce-exclusivity\=checked @/Users/samikhan/Library/Developer/Xcode/DerivedData/AirSync-eadfyjinpqayikbfwaonzliglerl/Build/Intermediates.noindex/swift-qrcode-generator.build/Debug/QRCodeGenerator.build/Objects-normal/arm64/QRCodeGenerator.SwiftFileList -DSWIFT_PACKAGE -DDEBUG -DSWIFT_MODULE_RESOURCE_BUNDLE_UNAVAILABLE -DXcode -plugin-path /Applications/Xcode.app/Contents/Developer/Toolchains/XcodeDefault.xctoolchain/usr/lib/swift/host/plugins/testing -enable-experimental-feature DebugDescriptionMacro -sdk /Applications/Xcode.app/Contents/Developer/Platforms/MacOSX.platform/Developer/SDKs/MacOSX26.2.sdk -target arm64-apple-macos10.13 -g -module-cache-path /Users/samikhan/Library/Developer/Xcode/DerivedData/ModuleCache.noindex -Xfrontend -serialize-debugging-options -enable-testing -suppress-warnings -index-store-path /Users/samikhan/Library/Developer/Xcode/DerivedData/AirSync-eadfyjinpqayikbfwaonzliglerl/Index.noindex/DataStore -Xcc -D_LIBCPP_HARDENING_MODE\=_LIBCPP_HARDENING_MODE_DEBUG -swift-version 5 -I /Users/samikhan/Library/Developer/Xcode/DerivedData/AirSync-eadfyjinpqayikbfwaonzliglerl/SourcePackages/checkouts/swift-qrcode-generator/build/Debug -Isystem /Applications/Xcode.app/Contents/Developer/Platforms/MacOSX.platform/Developer/usr/lib -F /Users/samikhan/Library/Developer/Xcode/DerivedData/AirSync-eadfyjinpqayikbfwaonzliglerl/SourcePackages/checkouts/swift-qrcode-generator/build/Debug -F /Applications/Xcode.app/Contents/Developer/Platforms/MacOSX.platform/Developer/Library/Frameworks -c -j8 -enable-batch-mode -incremental -Xcc -ivfsstatcache -Xcc /Users/samikhan/Library/Developer/Xcode/DerivedData/SDKStatCaches.noindex/macosx26.2-25C57-00fa09913b459cbbc988d1f6730289ae.sdkstatcache -output-file-map /Users/samikhan/Library/Developer/Xcode/DerivedData/AirSync-eadfyjinpqayikbfwaonzliglerl/Build/Intermediates.noindex/swift-qrcode-generator.build/Debug/QRCodeGenerator.build/Objects-normal/arm64/QRCodeGenerator-OutputFileMap.json -use-frontend-parseable-output -save-temps -no-color-diagnostics -explicit-module-build -module-cache-path /Users/samikhan/Library/Developer/Xcode/DerivedData/AirSync-eadfyjinpqayikbfwaonzliglerl/Build/Intermediates.noindex/SwiftExplicitPrecompiledModules -clang-scanner-module-cache-path /Users/samikhan/Library/Developer/Xcode/DerivedData/ModuleCache.noindex -sdk-module-cache-path /Users/samikhan/Library/Developer/Xcode/DerivedData/ModuleCache.noindex -serialize-diagnostics -emit-dependencies -emit-module -emit-module-path /Users/samikhan/Library/Developer/Xcode/DerivedData/AirSync-eadfyjinpqayikbfwaonzliglerl/Build/Intermediates.noindex/swift-qrcode-generator.build/Debug/QRCodeGenerator.build/Objects-normal/arm64/QRCodeGenerator.swiftmodule -validate-clang-modules-once -clang-build-session-file /Users/samikhan/Library/Developer/Xcode/DerivedData/ModuleCache.noindex/Session.modulevalidation -Xcc -I/Users/samikhan/Library/Developer/Xcode/DerivedData/AirSync-eadfyjinpqayikbfwaonzliglerl/Build/Intermediates.noindex/swift-qrcode-generator.build/Debug/QRCodeGenerator.build/swift-overrides.hmap -emit-const-values -Xfrontend -const-gather-protocols-file -Xfrontend /Users/samikhan/Library/Developer/Xcode/DerivedData/AirSync-eadfyjinpqayikbfwaonzliglerl/Build/Intermediates.noindex/swift-qrcode-generator.build/Debug/QRCodeGenerator.build/Objects-normal/arm64/QRCodeGenerator_const_extract_protocols.json -Xcc -I/Users/samikhan/Library/Developer/Xcode/DerivedData/AirSync-eadfyjinpqayikbfwaonzliglerl/SourcePackages/checkouts/swift-qrcode-generator/build/Debug/include -Xcc -I/Users/samikhan/Library/Developer/Xcode/DerivedData/AirSync-eadfyjinpqayikbfwaonzliglerl/Build/Intermediates.noindex/swift-qrcode-generator.build/Debug/QRCodeGenerator.build/DerivedSources-normal/arm64 -Xcc -I/Users/samikhan/Library/Developer/Xcode/DerivedData/AirSync-eadfyjinpqayikbfwaonzliglerl/Build/Intermediates.noindex/swift-qrcode-generator.build/Debug/QRCodeGenerator.build/DerivedSources/arm64 -Xcc -I/Users/samikhan/Library/Developer/Xcode/DerivedData/AirSync-eadfyjinpqayikbfwaonzliglerl/Build/Intermediates.noindex/swift-qrcode-generator.build/Debug/QRCodeGenerator.build/DerivedSources -Xcc -DSWIFT_PACKAGE -Xcc -DDEBUG\=1 -emit-objc-header -emit-objc-header-path /Users/samikhan/Library/Developer/Xcode/DerivedData/AirSync-eadfyjinpqayikbfwaonzliglerl/Build/Intermediates.noindex/swift-qrcode-generator.build/Debug/QRCodeGenerator.build/Objects-normal/arm64/QRCodeGenerator-Swift.h -working-directory /Users/samikhan/Documents/Claude/airsync-mac-main/AirSync.xcodeproj -experimental-emit-module-separately -disable-cmo

Ld /Users/samikhan/Library/Developer/Xcode/DerivedData/AirSync-eadfyjinpqayikbfwaonzliglerl/SourcePackages/checkouts/swift-qrcode-generator/build/Debug/QRCodeGenerator.o normal (in target 'QRCodeGenerator' from project 'swift-qrcode-generator')
    cd /Users/samikhan/Library/Developer/Xcode/DerivedData/AirSync-eadfyjinpqayikbfwaonzliglerl/SourcePackages/checkouts/swift-qrcode-generator
    /Applications/Xcode.app/Contents/Developer/Toolchains/XcodeDefault.xctoolchain/usr/bin/clang -Xlinker -reproducible -target arm64-apple-macos10.13 -r -isysroot /Applications/Xcode.app/Contents/Developer/Platforms/MacOSX.platform/Developer/SDKs/MacOSX26.2.sdk -O0 -w -L/Users/samikhan/Library/Developer/Xcode/DerivedData/AirSync-eadfyjinpqayikbfwaonzliglerl/Build/Intermediates.noindex/EagerLinkingTBDs/Debug -L/Users/samikhan/Library/Developer/Xcode/DerivedData/AirSync-eadfyjinpqayikbfwaonzliglerl/SourcePackages/checkouts/swift-qrcode-generator/build/Debug -L/Applications/Xcode.app/Contents/Developer/Platforms/MacOSX.platform/Developer/usr/lib -F/Users/samikhan/Library/Developer/Xcode/DerivedData/AirSync-eadfyjinpqayikbfwaonzliglerl/Build/Intermediates.noindex/EagerLinkingTBDs/Debug -F/Users/samikhan/Library/Developer/Xcode/DerivedData/AirSync-eadfyjinpqayikbfwaonzliglerl/SourcePackages/checkouts/swift-qrcode-generator/build/Debug -iframework /Applications/Xcode.app/Contents/Developer/Platforms/MacOSX.platform/Developer/Library/Frameworks -filelist /Users/samikhan/Library/Developer/Xcode/DerivedData/AirSync-eadfyjinpqayikbfwaonzliglerl/Build/Intermediates.noindex/swift-qrcode-generator.build/Debug/QRCodeGenerator.build/Objects-normal/arm64/QRCodeGenerator.LinkFileList -nostdlib -Xlinker -object_path_lto -Xlinker /Users/samikhan/Library/Developer/Xcode/DerivedData/AirSync-eadfyjinpqayikbfwaonzliglerl/Build/Intermediates.noindex/swift-qrcode-generator.build/Debug/QRCodeGenerator.build/Objects-normal/arm64/QRCodeGenerator_lto.o -rdynamic -Xlinker -no_deduplicate -Xlinker -dependency_info -Xlinker /Users/samikhan/Library/Developer/Xcode/DerivedData/AirSync-eadfyjinpqayikbfwaonzliglerl/Build/Intermediates.noindex/swift-qrcode-generator.build/Debug/QRCodeGenerator.build/Objects-normal/arm64/QRCodeGenerator_dependency_info.dat -fobjc-link-runtime -L/Applications/Xcode.app/Contents/Developer/Toolchains/XcodeDefault.xctoolchain/usr/lib/swift/macosx -L/usr/lib/swift -Xlinker -add_ast_path -Xlinker /Users/samikhan/Library/Developer/Xcode/DerivedData/AirSync-eadfyjinpqayikbfwaonzliglerl/Build/Intermediates.noindex/swift-qrcode-generator.build/Debug/QRCodeGenerator.build/Objects-normal/arm64/QRCodeGenerator.swiftmodule @/Users/samikhan/Library/Developer/Xcode/DerivedData/AirSync-eadfyjinpqayikbfwaonzliglerl/Build/Intermediates.noindex/swift-qrcode-generator.build/Debug/QRCodeGenerator.build/Objects-normal/arm64/QRCodeGenerator-linker-args.resp -o /Users/samikhan/Library/Developer/Xcode/DerivedData/AirSync-eadfyjinpqayikbfwaonzliglerl/SourcePackages/checkouts/swift-qrcode-generator/build/Debug/QRCodeGenerator.o

** BUILD FAILED **


The following build commands failed:
	SwiftDriver QRCode normal arm64 com.apple.xcode.tools.swift.compiler (in target 'QRCode' from project 'QRCode')
	Building project AirSync with scheme AirSync and configuration Debug
(2 failures)
